2023-10-05 14:01:26,1406,2023-10-05 14:00:00,48:e7:29:53:67:2e,23.381,41.5892,932.486,151
2023-10-05 14:12:43,1407,2023-10-05 14:00:01,48:e7:29:53:67:2e,23.3045,41.4307,932.453,134
2067-03-03 15:30:02,2,2067-03-03 15:30:01,48e72953672e,24.7519,37.6351,929.65,150
2067-03-03 15:45:00,3,2067-03-03 15:45:01,48e72953672e,23.9847,40.0737,930.75,177
2067-03-03 16:00:03,4,2067-03-03 16:00:04,48e72953672e,23.5558,40.7989,931.378,178
2067-03-03 16:15:02,5,2067-03-03 16:15:02,48e72953672e,23.2487,41.777,931.823,177
2067-03-03 16:30:00,6,2067-03-03 16:30:00,48e72953672e,23.0439,42.6713,932.105,177
2067-03-03 16:45:03,7,2067-03-03 16:45:03,48e72953672e,22.7903,43.101,932.435,178
2067-03-03 17:00:01,8,2067-03-03 17:00:01,48e72953672e,22.5028,43.3481,932.807,177
2067-03-03 17:15:05,9,2067-03-03 17:15:04,48e72953672e,22.5047,45.1055,932.787,178
2067-03-03 17:30:03,10,2067-03-03 17:30:01,48e72953672e,22.7741,44.9415,932.483,177
2067-03-03 17:45:06,11,2067-03-03 17:45:04,48e72953672e,23.1005,46.1259,932.148,178
2067-03-03 18:00:04,12,2067-03-03 18:00:01,48e72953672e,23.3666,47.5603,931.939,177
2067-03-03 18:15:02,13,2067-03-03 18:15:00,48e72953672e,23.806,49.1978,931.314,177
2067-03-03 18:30:01,14,2067-03-03 18:30:00,48e72953672e,24.1038,49.6915,930.893,177
2067-03-03 18:45:04,15,2067-03-03 18:45:02,48e72953672e,24.3465,49.2088,930.569,178
2067-03-03 19:00:02,16,2067-03-03 19:00:02,48e72953672e,24.227,48.8395,930.84,177
2067-03-03 19:15:00,17,2067-03-03 19:15:00,48e72953672e,23.7565,49.4018,931.63,177
2067-03-03 19:29:58,18,2067-03-03 19:30:00,48e72953672e,22.7894,49.5695,933.114,177
2067-03-03 19:30:05,19,2067-03-03 19:30:04,48e72953672e,22.535,49.725,933.54,2
2067-03-03 19:45:04,20,2067-03-03 19:45:02,48e72953672e,22.4407,48.8213,933.705,177
2067-03-03 20:00:02,21,2067-03-03 20:00:01,48e72953672e,22.2785,46.5189,934.002,177
2067-03-03 20:15:05,22,2067-03-03 20:15:04,48e72953672e,22.2905,45.0768,934.174,178
2067-03-03 20:30:03,23,2067-03-03 20:30:03,48e72953672e,22.4214,41.1171,934.129,177
2067-03-03 20:45:02,24,2067-03-03 20:45:01,48e72953672e,22.2052,38.813,934.61,177
2067-03-03 21:00:05,25,2067-03-03 21:00:04,48e72953672e,21.8812,37.7061,935.294,178
2067-03-03 21:15:03,26,2067-03-03 21:15:03,48e72953672e,21.6235,37.0001,935.893,177
2067-03-03 21:30:01,27,2067-03-03 21:30:00,48e72953672e,21.5175,37.3082,936.133,177
2067-03-03 21:45:05,28,2067-03-03 21:45:04,48e72953672e,21.57,37.1979,936.109,178
2067-03-03 22:00:03,29,2067-03-03 22:00:02,48e72953672e,21.5261,36.4249,936.265,177
2067-03-03 22:15:01,30,2067-03-03 22:15:01,48e72953672e,21.3984,36.0176,936.547,177
2067-03-03 22:30:04,31,2067-03-03 22:30:03,48e72953672e,21.2582,36.6526,936.787,178
2067-03-03 22:45:03,32,2067-03-03 22:45:02,48e72953672e,21.122,36.7606,937.127,177
2067-03-03 23:00:06,33,2067-03-03 23:00:04,48e72953672e,21.053,37.3764,937.233,178
2067-03-03 23:15:04,34,2067-03-03 23:15:03,48e72953672e,21.0302,36.7094,937.212,177
2067-03-03 23:30:02,35,2067-03-03 23:30:01,48e72953672e,20.997,35.986,937.253,177
2067-03-03 23:45:05,36,2067-03-03 23:45:04,48e72953672e,20.8986,36.852,937.316,178
2067-03-04 00:00:04,37,2067-03-04 00:00:03,48e72953672e,20.7774,36.2529,937.302,177
2067-03-04 00:15:02,38,2067-03-04 00:15:00,48e72953672e,20.6168,38.2706,937.468,177
2067-03-04 00:30:05,39,2067-03-04 00:30:04,48e72953672e,20.5426,40.9129,937.777,178
2067-03-04 00:45:04,40,2067-03-04 00:45:03,48e72953672e,20.4594,40.763,938.021,177
2067-03-04 01:00:02,41,2067-03-04 01:00:01,48e72953672e,20.2933,40.7062,938.272,177
2067-03-04 01:15:05,42,2067-03-04 01:15:04,48e72953672e,20.052,41.3106,938.592,178
2067-03-04 01:30:03,43,2067-03-04 01:30:03,48e72953672e,19.8564,40.8481,938.822,177
2067-03-04 01:45:01,44,2067-03-04 01:45:01,48e72953672e,19.749,41.1176,938.929,177
2067-03-04 02:00:04,45,2067-03-04 02:00:04,48e72953672e,19.6151,41.41,939.182,178
2067-03-04 02:15:03,46,2067-03-04 02:15:03,48e72953672e,19.4289,41.8959,939.428,177
2067-03-04 02:30:01,47,2067-03-04 02:30:01,48e72953672e,19.286,42.3945,939.612,177
2067-03-04 02:45:04,48,2067-03-04 02:45:04,48e72953672e,19.1059,42.3414,939.861,178
2067-03-04 03:00:02,49,2067-03-04 03:00:02,48e72953672e,18.8956,42.4915,940.106,177
2067-03-04 03:15:01,50,2067-03-04 03:15:01,48e72953672e,18.6517,42.5425,940.447,177
2067-03-04 03:30:04,51,2067-03-04 03:30:02,48e72953672e,18.7339,43.6843,940.353,178
2067-03-04 03:45:02,52,2067-03-04 03:45:02,48e72953672e,18.5856,45.858,940.612,177
2067-03-04 04:00:05,53,2067-03-04 04:00:04,48e72953672e,18.5475,46.6075,940.74,178
2067-03-04 04:15:04,54,2067-03-04 04:15:05,48e72953672e,18.572,47.8047,940.769,177
2067-03-04 04:30:02,55,2067-03-04 04:30:01,48e72953672e,18.3992,48.0155,941.025,177
2067-03-04 04:45:05,56,2067-03-04 04:45:04,48e72953672e,18.5438,48.3163,940.773,178
2067-03-04 05:00:03,57,2067-03-04 05:00:03,48e72953672e,18.3539,49.733,941.074,177
2067-03-04 05:15:01,58,2067-03-04 05:15:01,48e72953672e,18.4454,50.1447,940.892,177
2067-03-04 05:30:05,59,2067-03-04 05:30:04,48e72953672e,18.2905,51.5303,941.171,178
2067-03-04 05:45:03,60,2067-03-04 05:45:01,48e72953672e,18.3224,51.2384,941.242,177
2067-03-04 06:00:06,61,2067-03-04 06:00:03,48e72953672e,18.4851,52.6839,941.096,178
2067-03-04 06:15:04,62,2067-03-04 06:15:01,48e72953672e,19.2118,50.335,940.002,177
2067-03-04 06:30:03,63,2067-03-04 06:30:01,48e72953672e,19.6596,46.8617,939.186,177
2067-03-04 06:45:06,64,2067-03-04 06:45:04,48e72953672e,19.6898,47.8683,939.238,178
2067-03-04 07:00:04,65,2067-03-04 07:00:03,48e72953672e,19.7351,48.2122,939.2,177
2067-03-04 07:15:02,66,2067-03-04 07:15:00,48e72953672e,19.8821,52.0041,938.972,177
2067-03-04 07:30:06,67,2067-03-04 07:30:04,48e72953672e,20.2668,52.7155,938.489,178
2067-03-04 07:45:04,68,2067-03-04 07:45:01,48e72953672e,20.9927,52.6048,937.329,177
2067-03-04 08:00:07,69,2067-03-04 08:00:00,48e72953672e,22.3907,54.8013,935.123,178
2067-03-04 08:15:05,70,2067-03-04 08:15:00,48e72953672e,23.9635,54.9977,932.623,177
2067-03-04 08:29:58,71,2067-03-04 08:30:02,48e72953672e,23.8681,54.242,932.8,176
2067-03-04 08:30:05,72,2067-03-04 08:30:04,48e72953672e,23.975,58.435,932.65,2
2067-03-04 08:45:04,73,2067-03-04 08:45:02,48e72953672e,23.9758,57.2432,932.625,177
2067-03-04 09:00:02,74,2067-03-04 09:00:02,48e72953672e,23.264,52.2011,933.688,177
2067-03-04 09:15:05,75,2067-03-04 09:15:03,48e72953672e,23.0241,52.6709,933.962,178
2067-03-04 09:29:58,76,2067-03-04 09:30:01,48e72953672e,22.6407,47.4104,934.452,176
2067-03-04 09:30:05,77,2067-03-04 09:30:04,48e72953672e,22.44,48.57,934.805,2
2067-03-04 09:45:04,78,2067-03-04 09:45:01,48e72953672e,22.5271,48.5299,934.638,177
2067-03-04 10:00:07,79,2067-03-04 10:00:04,48e72953672e,22.7804,48.6225,934.231,178
2067-03-04 10:15:06,80,2067-03-04 10:15:02,48e72953672e,22.8391,47.3,934.131,177
2067-03-04 10:30:04,81,2067-03-04 10:30:00,48e72953672e,23.5567,46.3331,932.891,177
2067-03-04 10:45:02,82,2067-03-04 10:45:02,48e72953672e,23.61,45.794,932.741,177
2067-03-04 11:00:00,83,2067-03-04 11:00:01,48e72953672e,22.8748,47.3434,933.924,177
2067-03-04 11:15:03,84,2067-03-04 11:15:03,48e72953672e,22.7311,48.6614,934.128,178
2067-03-04 11:30:02,85,2067-03-04 11:30:01,48e72953672e,23.0204,48.0367,933.471,177
2067-03-04 11:45:05,86,2067-03-04 11:45:01,48e72953672e,23.8024,46.6612,931.929,178
2067-03-04 12:00:03,87,2067-03-04 12:00:01,48e72953672e,24.1885,45.8497,931.095,177
2067-03-04 12:15:06,88,2067-03-04 12:15:04,48e72953672e,24.4755,45.6426,930.47,178
2067-03-04 12:30:05,89,2067-03-04 12:30:04,48e72953672e,24.6494,45.3616,930.045,177
2067-03-04 12:45:03,90,2067-03-04 12:45:03,48e72953672e,24.3926,45.2505,930.251,177
2067-03-04 13:00:01,91,2067-03-04 13:00:01,48e72953672e,23.9414,46.0187,930.745,177
2067-03-04 13:15:04,92,2067-03-04 13:15:01,48e72953672e,24.3579,45.6487,929.766,178
2067-03-04 13:30:02,93,2067-03-04 13:30:02,48e72953672e,24.7436,44.7312,928.865,177
2067-03-04 13:45:01,94,2067-03-04 13:45:00,48e72953672e,24.7148,44.3534,928.661,177
2067-03-04 14:00:04,95,2067-03-04 14:00:02,48e72953672e,24.6046,44.9417,928.601,178
2067-03-04 14:15:02,96,2067-03-04 14:15:01,48e72953672e,24.6231,44.3082,928.477,177
2067-03-04 14:30:00,97,2067-03-04 14:30:00,48e72953672e,24.4733,44.7621,928.571,177
2067-03-04 14:45:03,98,2067-03-04 14:45:03,48e72953672e,24.3368,45.4094,928.684,178
2067-03-04 15:00:02,99,2067-03-04 15:00:00,48e72953672e,24.4083,44.8875,928.414,177
2067-03-04 15:15:00,100,2067-03-04 15:15:00,48e72953672e,24.4483,44.1376,928.227,177
2067-03-04 15:30:03,101,2067-03-04 15:30:01,48e72953672e,24.4967,44.9874,928.104,178
2067-03-04 15:45:01,102,2067-03-04 15:45:00,48e72953672e,24.5378,44.9989,928.02,177
2067-03-04 15:59:59,103,2067-03-04 16:00:00,48e72953672e,24.4014,44.8413,928.132,177
2067-03-04 16:15:03,104,2067-03-04 16:15:03,48e72953672e,24.2496,45.2038,928.246,178
2067-03-04 16:30:01,105,2067-03-04 16:30:00,48e72953672e,24.076,45.2148,928.496,177
2067-03-04 16:45:04,106,2067-03-04 16:45:03,48e72953672e,23.8772,45.6648,928.819,178
2067-03-04 17:00:02,107,2067-03-04 17:00:02,48e72953672e,23.5647,46.5382,929.342,177
2067-03-04 17:15:01,108,2067-03-04 17:15:00,48e72953672e,23.387,46.9088,929.579,177
2067-03-04 17:30:04,109,2067-03-04 17:30:03,48e72953672e,23.206,47.3786,929.838,178
2067-03-04 17:45:02,110,2067-03-04 17:45:01,48e72953672e,22.9773,47.6759,930.188,177
2067-03-04 18:00:05,111,2067-03-04 18:00:04,48e72953672e,22.9777,48.1998,930.252,178
2067-03-04 18:15:04,112,2067-03-04 18:15:02,48e72953672e,23.1878,47.6496,930.0,177
2067-03-04 18:30:02,113,2067-03-04 18:30:00,48e72953672e,23.3959,46.8901,929.76,177
2067-03-04 18:45:05,114,2067-03-04 18:45:04,48e72953672e,23.5051,46.7438,929.729,178
2067-03-04 19:00:03,115,2067-03-04 19:00:01,48e72953672e,23.6226,46.0449,929.682,177
2067-03-04 19:15:01,116,2067-03-04 19:15:00,48e72953672e,23.5215,46.5904,929.934,177
2067-03-04 19:30:00,117,2067-03-04 19:30:01,48e72953672e,22.8755,48.6909,931.007,177
2067-03-04 19:45:03,118,2067-03-04 19:45:03,48e72953672e,22.2995,51.0065,932.163,178
2067-03-04 20:00:01,119,2067-03-04 20:00:00,48e72953672e,22.0878,51.8969,932.718,177
2067-03-04 20:15:04,120,2067-03-04 20:15:03,48e72953672e,21.9505,52.3917,933.165,178
2067-03-04 20:30:03,121,2067-03-04 20:30:02,48e72953672e,21.8904,52.3127,933.587,177
2067-03-04 20:45:01,122,2067-03-04 20:45:01,48e72953672e,21.7543,51.9785,934.077,177
2067-03-04 21:00:04,123,2067-03-04 21:00:04,48e72953672e,21.5989,51.573,934.474,178
2067-03-04 21:15:02,124,2067-03-04 21:15:02,48e72953672e,21.5295,51.3706,934.682,177
2067-03-04 21:30:00,125,2067-03-04 21:30:01,48e72953672e,21.5483,50.8044,934.677,177
2067-03-04 21:45:04,126,2067-03-04 21:45:03,48e72953672e,21.5857,50.4074,934.502,178
2067-03-04 22:00:02,127,2067-03-04 22:00:01,48e72953672e,21.6535,49.5214,934.344,177
2067-03-04 22:15:05,128,2067-03-04 22:15:04,48e72953672e,21.651,49.6173,934.334,178
2067-03-04 22:30:03,129,2067-03-04 22:30:02,48e72953672e,21.6449,49.0876,934.388,177
2067-03-04 22:45:02,130,2067-03-04 22:45:01,48e72953672e,21.6868,48.192,934.375,177
2067-03-04 23:00:05,131,2067-03-04 23:00:04,48e72953672e,21.7544,47.163,934.376,178
2067-03-04 23:15:03,132,2067-03-04 23:15:01,48e72953672e,21.7446,46.7674,934.436,177
2067-03-04 23:30:01,133,2067-03-04 23:30:01,48e72953672e,21.7287,47.1901,934.581,177
2067-03-04 23:45:05,134,2067-03-04 23:45:04,48e72953672e,21.7587,46.0471,934.638,178
2067-03-05 00:00:03,135,2067-03-05 00:00:02,48e72953672e,21.8266,45.3948,934.587,177
2067-03-05 00:15:01,136,2067-03-05 00:15:00,48e72953672e,21.9625,45.3521,934.489,177
2067-03-05 00:30:04,137,2067-03-05 00:30:03,48e72953672e,21.9612,45.3889,934.57,178
2067-03-05 00:45:02,138,2067-03-05 00:45:03,48e72953672e,21.8648,45.4342,934.817,177
2067-03-05 01:00:01,139,2067-03-05 01:00:00,48e72953672e,21.9525,43.9914,934.798,177
2067-03-05 01:15:04,140,2067-03-05 01:15:04,48e72953672e,21.9657,43.4998,934.869,178
2067-03-05 01:30:02,141,2067-03-05 01:30:02,48e72953672e,21.9387,43.7272,934.973,177
2067-03-05 01:45:05,142,2067-03-05 01:45:04,48e72953672e,22.295,40.4687,934.439,178
2067-03-05 02:00:04,143,2067-03-05 02:00:04,48e72953672e,22.0648,42.3196,934.807,177
2067-03-05 02:15:02,144,2067-03-05 02:15:00,48e72953672e,22.185,41.3614,934.499,177
2067-03-05 02:30:05,145,2067-03-05 02:30:04,48e72953672e,22.1954,40.4756,934.532,178
2067-03-05 02:45:03,146,2067-03-05 02:45:02,48e72953672e,22.138,42.1106,934.567,177
2067-03-05 03:00:07,147,2067-03-05 03:00:04,48e72953672e,22.2216,40.6024,934.411,178
2067-03-05 03:15:05,148,2067-03-05 03:15:04,48e72953672e,22.462,38.7812,933.956,177
2067-03-05 03:30:03,149,2067-03-05 03:30:04,48e72953672e,22.1084,42.0809,934.485,177
2067-03-05 03:45:01,150,2067-03-05 03:45:00,48e72953672e,22.2138,39.3625,934.466,177
2067-03-05 04:00:05,151,2067-03-05 04:00:04,48e72953672e,22.3256,38.4174,934.472,178
2067-03-05 04:15:03,152,2067-03-05 04:15:02,48e72953672e,22.3679,37.9335,934.481,177
2067-03-05 04:30:01,153,2067-03-05 04:30:01,48e72953672e,22.3934,37.3918,934.498,177
2067-03-05 04:45:04,154,2067-03-05 04:45:03,48e72953672e,22.3812,37.2012,934.533,178
2067-03-05 05:00:02,155,2067-03-05 05:00:02,48e72953672e,22.3676,36.9923,934.705,177
2067-03-05 05:15:01,156,2067-03-05 05:15:01,48e72953672e,22.3613,36.8463,934.851,177
2067-03-05 05:30:04,157,2067-03-05 05:30:03,48e72953672e,22.3334,37.1503,935.048,178
2067-03-05 05:45:02,158,2067-03-05 05:45:01,48e72953672e,22.327,37.2939,935.173,177
2067-03-05 06:00:05,159,2067-03-05 06:00:04,48e72953672e,22.3321,37.1672,935.32,178
2067-03-05 06:15:03,160,2067-03-05 06:15:02,48e72953672e,22.3557,37.577,935.435,177
2067-03-05 06:30:02,161,2067-03-05 06:30:01,48e72953672e,22.3348,37.8932,935.595,177
2067-03-05 06:45:05,162,2067-03-05 06:45:04,48e72953672e,22.2839,38.4568,935.792,178
2067-03-05 07:00:03,163,2067-03-05 07:00:04,48e72953672e,22.1714,39.9854,936.156,177
2067-03-05 07:15:01,164,2067-03-05 07:15:00,48e72953672e,22.3473,40.142,936.037,177
2067-03-05 07:30:05,165,2067-03-05 07:30:02,48e72953672e,23.1079,45.1427,934.978,178
2067-03-05 07:45:08,166,2067-03-05 07:45:03,48e72953672e,24.5124,50.4086,932.962,178
2067-03-05 08:00:06,167,2067-03-05 08:00:05,48e72953672e,25.1618,47.4887,931.973,177
2067-03-05 08:14:59,168,2067-03-05 08:15:01,48e72953672e,24.6048,46.3937,932.968,176
2067-03-05 08:30:02,169,2067-03-05 08:30:04,48e72953672e,23.9191,46.0419,934.152,178
2067-03-05 08:45:01,170,2067-03-05 08:45:01,48e72953672e,23.275,46.7092,935.183,177
2067-03-05 09:00:05,171,2067-03-05 09:00:03,48e72953672e,23.0102,47.8124,935.632,178
2067-03-05 09:15:03,172,2067-03-05 09:15:00,48e72953672e,23.0941,48.1765,935.603,177
2067-03-05 09:30:06,173,2067-03-05 09:30:04,48e72953672e,23.3506,48.093,935.256,178
2067-03-05 09:45:04,174,2067-03-05 09:45:03,48e72953672e,23.5245,47.8646,934.998,177
2067-03-05 10:00:03,175,2067-03-05 10:00:02,48e72953672e,23.5518,47.8699,934.922,177
2067-03-05 10:15:06,176,2067-03-05 10:15:04,48e72953672e,23.6294,47.3951,934.797,178
2067-03-05 10:30:04,177,2067-03-05 10:30:02,48e72953672e,23.718,47.5625,934.594,177
2067-03-05 10:45:02,178,2067-03-05 10:45:00,48e72953672e,23.8176,47.4432,934.366,177
2067-03-05 11:00:00,179,2067-03-05 11:00:00,48e72953672e,23.9307,47.5216,934.163,177
2067-03-05 11:15:04,180,2067-03-05 11:15:03,48e72953672e,23.8973,47.7648,934.133,178
2067-03-05 11:30:02,181,2067-03-05 11:30:01,48e72953672e,23.9468,48.0323,933.94,177
2067-03-05 11:45:05,182,2067-03-05 11:45:03,48e72953672e,24.0648,48.439,933.621,178
2067-03-05 12:00:03,183,2067-03-05 12:00:02,48e72953672e,24.1985,47.8196,933.263,177
2067-03-05 12:15:02,184,2067-03-05 12:15:01,48e72953672e,24.3171,47.9446,932.875,177
2067-03-05 12:30:05,185,2067-03-05 12:30:04,48e72953672e,24.5231,47.5775,932.361,178
2067-03-05 12:45:03,186,2067-03-05 12:45:01,48e72953672e,24.748,46.7773,931.853,177
2067-03-05 13:00:01,187,2067-03-05 13:00:00,48e72953672e,24.8533,46.4199,931.38,177
2067-03-05 13:14:59,188,2067-03-05 13:15:00,48e72953672e,24.8917,46.7055,931.038,177
2067-03-05 13:30:03,189,2067-03-05 13:30:03,48e72953672e,24.9687,46.3464,930.635,178
2067-03-05 13:45:06,190,2067-03-05 13:45:05,48e72953672e,24.9244,46.3798,930.493,178
2067-03-05 14:00:04,191,2067-03-05 14:00:04,48e72953672e,24.9512,46.1986,930.292,177
2067-03-05 14:15:02,192,2067-03-05 14:15:03,48e72953672e,24.8335,45.96,930.314,177
2067-03-05 14:30:01,193,2067-03-05 14:30:00,48e72953672e,24.725,45.9941,930.354,177
2067-03-05 14:45:05,194,2067-03-05 14:45:04,48e72953672e,24.4413,46.6529,930.697,178
2067-03-05 15:00:04,195,2067-03-05 15:00:03,48e72953672e,24.3663,47.404,930.623,177
2067-03-05 15:15:05,196,2067-03-05 15:15:03,48e72953672e,24.3153,46.5194,930.519,177
2067-03-05 15:30:03,197,2067-03-05 15:15:03,48e72953672e,24.29,46.7057,930.419,177
2067-03-05 15:45:00,198,2067-03-05 15:30:02,48e72953672e,24.2075,46.4671,930.388,177
2067-03-05 15:59:58,199,2067-03-05 15:45:00,48e72953672e,24.0647,46.7433,930.579,177
2067-03-05 16:15:02,200,2067-03-05 16:00:04,48e72953672e,23.7139,47.4348,931.409,178
2067-03-05 16:15:08,201,2067-03-05 16:00:04,48e72953672e,23.4,47.735,932.01,2
2067-03-05 16:30:06,202,2067-03-05 16:30:03,48e72953672e,23.1432,47.6328,932.44,177
2067-03-05 16:44:59,203,2067-03-05 16:30:02,48e72953672e,22.8561,48.3658,932.92,176
2067-03-05 16:59:58,204,2067-03-05 16:45:03,48e72953672e,22.9874,48.9436,932.629,177
2067-03-05 17:15:01,205,2067-03-05 17:00:02,48e72953672e,23.2169,47.7274,932.247,178
2067-03-05 17:15:07,206,2067-03-05 17:00:03,48e72953672e,23.14,49.15,932.51,2
2067-03-05 17:30:11,207,2067-03-05 17:30:02,48e72953672e,23.372,47.5276,932.118,178
2067-03-05 17:45:04,208,2067-03-05 17:30:01,48e72953672e,23.429,46.7678,932.096,176
2067-03-05 17:59:57,209,2067-03-05 17:45:01,48e72953672e,23.5352,46.5815,931.949,176
2067-03-05 18:14:55,210,2067-03-05 18:00:00,48e72953672e,23.6301,46.1867,931.832,177
2067-03-05 18:15:01,211,2067-03-05 18:00:03,48e72953672e,23.735,47.62,931.76,2
2067-03-05 18:15:08,212,2067-03-05 18:15:00,48e72953672e,23.75,47.31,931.7,2
2067-03-05 18:30:11,213,2067-03-05 18:30:03,48e72953672e,23.8294,44.8877,931.562,178
2067-03-05 18:45:04,214,2067-03-05 18:30:03,48e72953672e,23.8946,44.3477,931.518,176
2067-03-05 18:59:58,215,2067-03-05 18:45:04,48e72953672e,23.9454,43.8722,931.498,176
2067-03-05 19:14:55,216,2067-03-05 19:00:04,48e72953672e,23.7159,43.7048,931.901,177
2067-03-05 19:15:02,217,2067-03-05 19:00:03,48e72953672e,23.57,42.605,932.08,2
2067-03-05 19:15:08,218,2067-03-05 19:15:01,48e72953672e,23.565,42.57,932.145,2
2067-03-05 19:30:06,219,2067-03-05 19:30:04,48e72953672e,23.0046,43.9033,933.072,177
2067-03-05 19:44:59,220,2067-03-05 19:30:04,48e72953672e,22.2247,45.3374,934.391,176
2067-03-05 19:59:52,221,2067-03-05 19:45:01,48e72953672e,22.0055,45.1641,934.896,176
2067-03-05 20:14:56,222,2067-03-05 20:00:02,48e72953672e,21.9897,44.9079,935.047,178
2067-03-05 20:15:07,223,2067-03-05 20:00:03,48e72953672e,22.0,43.7633,935.143,3
2067-03-05 20:15:14,224,2067-03-05 20:15:01,48e72953672e,22.015,43.595,935.095,2
2067-03-05 20:30:07,225,2067-03-05 20:30:00,48e72953672e,22.1551,42.8074,934.884,176
2067-03-05 20:44:55,226,2067-03-05 20:30:02,48e72953672e,22.2821,42.3964,934.765,175
2067-03-05 20:59:53,227,2067-03-05 20:45:04,48e72953672e,22.4203,40.9109,934.626,177
2067-03-05 20:59:59,228,2067-03-05 20:45:00,48e72953672e,22.77,38.08,934.06,2
2067-03-05 21:00:11,229,2067-03-05 21:00:03,48e72953672e,22.7633,38.1066,934.023,3
2067-03-05 21:15:14,230,2067-03-05 21:15:03,48e72953672e,22.4891,41.6294,934.61,178
2067-03-05 21:30:07,231,2067-03-05 21:15:02,48e72953672e,22.6864,40.8683,934.423,176
2067-03-05 21:44:55,232,2067-03-05 21:30:00,48e72953672e,22.7296,39.4959,934.426,175
2067-03-05 21:59:54,233,2067-03-05 21:45:04,48e72953672e,23.0448,37.0303,934.04,177
2067-03-05 22:00:00,234,2067-03-05 21:45:01,48e72953672e,23.135,36.56,934.015,2
2067-03-05 22:00:11,235,2067-03-05 22:00:04,48e72953672e,23.1367,36.5133,934.033,3
2067-03-05 22:15:15,236,2067-03-05 22:15:04,48e72953672e,22.7711,39.9338,934.566,178
2067-03-05 22:30:08,237,2067-03-05 22:15:04,48e72953672e,22.9411,37.4377,934.32,176
2067-03-05 22:44:56,238,2067-03-05 22:30:02,48e72953672e,23.0222,36.6556,934.12,175
2067-03-05 22:59:49,239,2067-03-05 22:45:01,48e72953672e,23.0032,36.3543,934.108,176
2067-03-05 22:59:55,240,2067-03-05 22:45:01,48e72953672e,23.0,35.855,934.085,2
2067-03-05 23:00:12,241,2067-03-05 23:00:04,48e72953672e,22.9975,36.14,934.077,4
2067-03-05 23:00:18,242,2067-03-05 23:00:00,48e72953672e,22.995,36.08,934.055,2
2067-03-05 23:15:11,243,2067-03-05 23:15:04,48e72953672e,22.9522,36.2334,934.097,176
2067-03-05 23:29:54,244,2067-03-05 23:15:01,48e72953672e,22.8289,36.9308,934.244,174
2067-03-05 23:44:47,245,2067-03-05 23:30:03,48e72953672e,22.7935,37.228,934.184,176
2067-03-05 23:44:53,246,2067-03-05 23:30:00,48e72953672e,22.82,37.555,934.045,2
2067-03-05 23:45:10,247,2067-03-05 23:45:03,48e72953672e,22.83,37.1525,934.07,4
2067-03-05 23:45:22,248,2067-03-05 23:45:04,48e72953672e,22.8333,37.31,934.06,3
2067-03-06 00:00:15,249,2067-03-06 00:00:02,48e72953672e,22.8279,37.1194,934.139,176
2067-03-06 00:14:58,250,2067-03-06 00:00:04,48e72953672e,22.8057,38.89,934.229,174
2067-03-06 00:29:46,251,2067-03-06 00:15:02,48e72953672e,22.698,40.3331,934.409,175
2067-03-06 00:29:52,252,2067-03-06 00:15:03,48e72953672e,22.67,39.915,934.435,2
2067-03-06 00:30:08,253,2067-03-06 00:30:01,48e72953672e,22.6775,40.375,934.425,4
2067-03-06 00:30:20,254,2067-03-06 00:30:02,48e72953672e,22.67,40.4467,934.48,3
2067-03-06 00:45:13,255,2067-03-06 00:45:02,48e72953672e,22.6503,40.2281,934.502,176
2067-03-06 00:59:56,256,2067-03-06 00:45:02,48e72953672e,22.5983,40.4312,934.612,174
2067-03-06 01:14:49,257,2067-03-06 01:00:04,48e72953672e,22.6031,40.4912,934.634,176
2067-03-06 01:14:55,258,2067-03-06 01:00:01,48e72953672e,22.61,40.6,934.67,2
2067-03-06 01:15:12,259,2067-03-06 01:15:04,48e72953672e,22.615,40.54,934.67,4
2067-03-06 01:15:19,260,2067-03-06 01:15:01,48e72953672e,22.625,40.405,934.615,2
2067-03-06 01:30:11,261,2067-03-06 01:30:03,48e72953672e,22.6163,40.5522,934.62,176
2067-03-06 01:44:54,262,2067-03-06 01:30:00,48e72953672e,22.6188,40.4243,934.619,174
2067-03-06 01:59:47,263,2067-03-06 01:45:03,48e72953672e,22.6052,40.5912,934.581,176
2067-03-06 01:59:54,264,2067-03-06 01:45:00,48e72953672e,22.6,40.515,934.57,2
2067-03-06 02:00:10,265,2067-03-06 02:00:03,48e72953672e,22.5925,40.4725,934.565,4
2067-03-06 02:00:22,266,2067-03-06 02:00:04,48e72953672e,22.5967,40.56,934.553,3
2067-03-06 02:15:15,267,2067-03-06 02:15:02,48e72953672e,22.6072,40.5669,934.556,176
2067-03-06 02:29:53,268,2067-03-06 02:15:01,48e72953672e,22.6397,40.5525,934.521,173
2067-03-06 02:44:41,269,2067-03-06 02:30:01,48e72953672e,22.6354,40.4692,934.527,175
2067-03-06 02:44:52,270,2067-03-06 02:30:03,48e72953672e,22.6233,41.04,934.543,3
2067-03-06 02:45:14,271,2067-03-06 02:45:01,48e72953672e,22.628,40.662,934.565,5
2067-03-06 02:45:25,272,2067-03-06 02:45:03,48e72953672e,22.62,40.4967,934.6,3
2067-03-06 03:00:13,273,2067-03-06 03:00:01,48e72953672e,22.622,39.943,934.582,175
2067-03-06 03:14:51,274,2067-03-06 03:00:03,48e72953672e,22.5541,39.6603,934.719,173
2067-03-06 03:29:39,275,2067-03-06 03:15:00,48e72953672e,22.4467,39.7738,934.878,175
2067-03-06 03:29:51,276,2067-03-06 03:15:02,48e72953672e,22.41,39.5166,934.953,3
2067-03-06 03:30:12,277,2067-03-06 03:30:00,48e72953672e,22.398,39.58,934.968,5
2067-03-06 03:30:24,278,2067-03-06 03:30:01,48e72953672e,22.4033,39.95,934.94,3
2067-03-06 03:45:12,279,2067-03-06 03:45:00,48e72953672e,22.3277,40.0375,935.052,175
2067-03-06 03:59:50,280,2067-03-06 03:45:00,48e72953672e,22.2068,40.3418,935.188,173
2067-03-06 04:14:43,281,2067-03-06 04:00:04,48e72953672e,22.1005,40.6034,935.449,176
2067-03-06 04:14:54,282,2067-03-06 04:00:00,48e72953672e,22.0467,41.0667,935.536,3
2067-03-06 04:15:16,283,2067-03-06 04:15:03,48e72953672e,22.054,41.012,935.582,5
2067-03-06 04:15:22,284,2067-03-06 04:15:00,48e72953672e,22.045,41.285,935.57,2
2067-03-06 04:30:10,285,2067-03-06 04:30:03,48e72953672e,21.9786,41.2366,935.717,175
2067-03-06 04:44:53,286,2067-03-06 04:30:04,48e72953672e,21.8976,41.0324,935.91,174
2067-03-06 04:59:46,287,2067-03-06 04:45:03,48e72953672e,21.7903,41.4173,936.142,176
2067-03-06 04:59:58,288,2067-03-06 04:45:04,48e72953672e,21.7066,41.5933,936.296,3
2067-03-06 05:00:14,289,2067-03-06 05:00:02,48e72953672e,21.715,41.8975,936.315,4
2067-03-06 05:00:21,290,2067-03-06 05:00:03,48e72953672e,21.69,42.255,936.35,2
2067-03-06 05:15:09,291,2067-03-06 05:15:02,48e72953672e,21.5734,43.4564,936.602,175
2067-03-06 05:29:52,292,2067-03-06 05:15:03,48e72953672e,21.3489,45.2421,937.05,174
2067-03-06 05:44:45,293,2067-03-06 05:30:01,48e72953672e,21.1481,45.8532,937.352,176
2067-03-06 05:44:56,294,2067-03-06 05:30:02,48e72953672e,21.0333,46.18,937.52,3
2067-03-06 05:45:13,295,2067-03-06 05:45:00,48e72953672e,21.0275,46.1125,937.537,4
2067-03-06 05:45:19,296,2067-03-06 05:45:02,48e72953672e,21.02,46.055,937.57,2
2067-03-06 06:00:07,297,2067-03-06 06:00:01,48e72953672e,20.9008,46.4509,937.726,175
2067-03-06 06:14:50,298,2067-03-06 06:00:01,48e72953672e,20.6868,46.6361,938.121,174
2067-03-06 06:29:43,299,2067-03-06 06:15:00,48e72953672e,20.9216,47.9254,937.871,176
2067-03-06 06:29:55,300,2067-03-06 06:15:01,48e72953672e,20.92,48.52,937.813,3
2067-03-06 06:30:16,301,2067-03-06 06:30:04,48e72953672e,20.93,48.42,937.837,5
2067-03-06 06:30:23,302,2067-03-06 06:30:00,48e72953672e,20.925,48.41,937.835,2
2067-03-06 06:45:06,303,2067-03-06 06:45:00,48e72953672e,20.8466,49.3931,938.02,174
2067-03-06 06:59:49,304,2067-03-06 06:45:03,48e72953672e,20.9161,51.6545,938.016,174
2067-03-06 07:14:47,305,2067-03-06 07:00:02,48e72953672e,21.299,53.0067,937.443,177
2067-03-06 07:15:03,306,2067-03-06 07:00:04,48e72953672e,21.59,54.71,937.042,4
2067-03-06 07:15:20,307,2067-03-06 07:15:02,48e72953672e,21.6025,54.92,937.005,4
2067-03-06 07:30:23,308,2067-03-06 07:30:03,48e72953672e,22.1462,57.9079,936.235,178
2067-03-06 07:45:11,309,2067-03-06 07:30:02,48e72953672e,23.5912,56.5191,934.096,175
2067-03-06 07:59:54,310,2067-03-06 07:45:04,48e72953672e,24.534,54.0796,932.661,174
