2023-10-05 13:59:42,1404,2023-10-05 13:45:03,48:e7:29:52:e8:d2,22.0046,46.2514,934.303,168
2067-03-03 15:30:00,2,2067-03-03 15:30:01,48e72952e8d2,23.7949,41.1541,930.735,150
2067-03-03 15:45:03,3,2067-03-03 15:45:03,48e72952e8d2,23.0586,43.593,931.799,178
2067-03-03 16:00:01,4,2067-03-03 16:00:00,48e72952e8d2,22.7236,44.208,932.326,177
2067-03-03 16:15:05,5,2067-03-03 16:15:03,48e72952e8d2,22.5369,44.89,932.578,178
2067-03-03 16:30:03,6,2067-03-03 16:30:03,48e72952e8d2,22.4651,45.4408,932.642,177
2067-03-03 16:45:01,7,2067-03-03 16:45:01,48e72952e8d2,22.2215,45.8315,932.983,177
2067-03-03 16:59:59,8,2067-03-03 17:00:00,48e72952e8d2,21.9953,45.9707,933.265,177
2067-03-03 17:15:03,9,2067-03-03 17:15:01,48e72952e8d2,22.0242,47.5678,933.187,178
2067-03-03 17:30:01,10,2067-03-03 17:30:00,48e72952e8d2,22.2708,47.4252,932.918,177
2067-03-03 17:45:04,11,2067-03-03 17:45:01,48e72952e8d2,22.6033,48.6125,932.581,178
2067-03-03 18:00:02,12,2067-03-03 18:00:00,48e72952e8d2,22.8031,50.1364,932.472,177
2067-03-03 18:15:06,13,2067-03-03 18:15:05,48e72952e8d2,23.1827,52.0154,931.918,178
2067-03-03 18:30:04,14,2067-03-03 18:30:02,48e72952e8d2,23.4883,52.5389,931.473,177
2067-03-03 18:45:02,15,2067-03-03 18:45:01,48e72952e8d2,23.7156,52.103,931.191,177
2067-03-03 19:00:00,16,2067-03-03 19:00:00,48e72952e8d2,23.5536,51.7703,931.511,177
2067-03-03 19:14:58,17,2067-03-03 19:15:00,48e72952e8d2,23.0916,52.3803,932.3,177
2067-03-03 19:15:05,18,2067-03-03 19:15:04,48e72952e8d2,22.555,52.665,933.165,2
2067-03-03 19:30:03,19,2067-03-03 19:30:04,48e72952e8d2,22.1426,52.603,933.761,177
2067-03-03 19:45:01,20,2067-03-03 19:45:01,48e72952e8d2,21.8465,51.7535,934.263,177
2067-03-03 20:00:05,21,2067-03-03 20:00:04,48e72952e8d2,21.6841,49.5443,934.577,178
2067-03-03 20:15:03,22,2067-03-03 20:15:01,48e72952e8d2,21.726,47.9719,934.698,177
2067-03-03 20:30:01,23,2067-03-03 20:30:00,48e72952e8d2,21.8752,43.849,934.623,177
2067-03-03 20:45:04,24,2067-03-03 20:45:03,48e72952e8d2,21.6836,41.3608,935.034,178
2067-03-03 21:00:02,25,2067-03-03 21:00:02,48e72952e8d2,21.3062,40.3319,935.815,177
2067-03-03 21:15:00,26,2067-03-03 21:15:00,48e72952e8d2,21.0438,39.6485,936.447,177
2067-03-03 21:30:04,27,2067-03-03 21:30:03,48e72952e8d2,20.9426,39.9651,936.679,178
2067-03-03 21:45:02,28,2067-03-03 21:45:00,48e72952e8d2,21.0379,39.7909,936.579,177
2067-03-03 22:00:06,29,2067-03-03 22:00:05,48e72952e8d2,20.9445,39.0537,936.797,178
2067-03-03 22:15:03,30,2067-03-03 22:15:03,48e72952e8d2,20.8107,38.7042,937.071,177
2067-03-03 22:30:02,31,2067-03-03 22:30:02,48e72952e8d2,20.6687,39.2782,937.323,177
2067-03-03 22:45:00,32,2067-03-03 22:45:00,48e72952e8d2,20.5522,39.4355,937.642,177
2067-03-03 23:00:03,33,2067-03-03 23:00:03,48e72952e8d2,20.4676,40.1023,937.794,178
2067-03-03 23:15:01,34,2067-03-03 23:15:00,48e72952e8d2,20.4461,39.3937,937.747,177
2067-03-03 23:30:05,35,2067-03-03 23:30:04,48e72952e8d2,20.4041,38.7043,937.808,178
2067-03-03 23:45:03,36,2067-03-03 23:45:03,48e72952e8d2,20.3036,39.5462,937.893,177
2067-03-04 00:00:01,37,2067-03-04 00:00:00,48e72952e8d2,20.1931,38.9396,937.855,177
2067-03-04 00:15:04,38,2067-03-04 00:15:04,48e72952e8d2,20.0123,40.9913,938.071,178
2067-03-04 00:30:02,39,2067-03-04 00:30:02,48e72952e8d2,19.9235,43.6986,938.386,177
2067-03-04 00:45:01,40,2067-03-04 00:45:00,48e72952e8d2,19.868,43.4435,938.583,177
2067-03-04 01:00:04,41,2067-03-04 01:00:04,48e72952e8d2,19.7159,43.4375,938.8,178
2067-03-04 01:15:02,42,2067-03-04 01:15:02,48e72952e8d2,19.4731,44.1009,939.117,177
2067-03-04 01:30:00,43,2067-03-04 01:30:00,48e72952e8d2,19.2926,43.5652,939.333,177
2067-03-04 01:45:04,44,2067-03-04 01:45:03,48e72952e8d2,19.1711,43.7119,939.472,178
2067-03-04 02:00:02,45,2067-03-04 02:00:01,48e72952e8d2,19.0305,44.142,939.747,177
2067-03-04 02:15:05,46,2067-03-04 02:15:04,48e72952e8d2,18.8308,44.5458,940.016,178
2067-03-04 02:30:03,47,2067-03-04 02:30:03,48e72952e8d2,18.7113,45.1197,940.161,177
2067-03-04 02:45:01,48,2067-03-04 02:45:02,48e72952e8d2,18.5188,45.2846,940.435,177
2067-03-04 03:00:05,49,2067-03-04 03:00:04,48e72952e8d2,18.3325,45.423,940.616,178
2067-03-04 03:15:03,50,2067-03-04 03:15:03,48e72952e8d2,18.0553,45.5797,941.022,177
2067-03-04 03:30:06,51,2067-03-04 03:30:04,48e72952e8d2,18.1421,46.453,940.926,178
2067-03-04 03:45:04,52,2067-03-04 03:45:04,48e72952e8d2,17.9066,48.9906,941.332,177
2067-03-04 04:00:03,53,2067-03-04 04:00:02,48e72952e8d2,17.9026,49.7136,941.402,177
2067-03-04 04:15:01,54,2067-03-04 04:15:00,48e72952e8d2,17.8924,50.8857,941.467,177
2067-03-04 04:30:04,55,2067-03-04 04:30:04,48e72952e8d2,17.71,51.2876,941.773,178
2067-03-04 04:45:02,56,2067-03-04 04:45:00,48e72952e8d2,17.9008,51.3231,941.454,177
2067-03-04 05:00:00,57,2067-03-04 05:00:00,48e72952e8d2,17.657,53.0481,941.863,177
2067-03-04 05:15:04,58,2067-03-04 05:15:04,48e72952e8d2,17.8127,53.1642,941.578,178
2067-03-04 05:30:02,59,2067-03-04 05:30:01,48e72952e8d2,17.6177,54.8463,941.907,177
2067-03-04 05:45:05,60,2067-03-04 05:45:04,48e72952e8d2,17.7063,54.5432,941.886,178
2067-03-04 06:00:03,61,2067-03-04 06:00:01,48e72952e8d2,17.9772,55.3995,941.545,177
2067-03-04 06:15:07,62,2067-03-04 06:15:04,48e72952e8d2,18.8286,52.4966,940.242,178
2067-03-04 06:30:05,63,2067-03-04 06:30:03,48e72952e8d2,19.1961,49.4617,939.537,177
2067-03-04 06:45:03,64,2067-03-04 06:45:00,48e72952e8d2,19.2106,50.41,939.642,177
2067-03-04 07:00:01,65,2067-03-04 07:00:00,48e72952e8d2,19.2177,51.3908,939.648,177
2067-03-04 07:15:05,66,2067-03-04 07:15:04,48e72952e8d2,19.3326,55.4117,939.479,178
2067-03-04 07:30:03,67,2067-03-04 07:30:01,48e72952e8d2,19.6953,56.7456,939.014,177
2067-03-04 07:45:06,68,2067-03-04 07:45:04,48e72952e8d2,20.3996,56.4696,937.866,178
2067-03-04 08:00:09,69,2067-03-04 08:00:02,48e72952e8d2,21.9085,57.2942,935.483,178
2067-03-04 08:15:08,70,2067-03-04 08:15:03,48e72952e8d2,23.5068,57.0849,932.939,177
2067-03-04 08:30:01,71,2067-03-04 08:30:03,48e72952e8d2,23.2672,57.1053,933.347,176
2067-03-04 08:45:05,72,2067-03-04 08:45:03,48e72952e8d2,23.3757,60.2238,933.204,178
2067-03-04 09:00:03,73,2067-03-04 09:00:02,48e72952e8d2,22.723,54.8701,934.162,177
2067-03-04 09:15:01,74,2067-03-04 09:15:00,48e72952e8d2,22.5185,55.2092,934.406,177
2067-03-04 09:29:59,75,2067-03-04 09:30:02,48e72952e8d2,22.1274,50.1986,934.894,177
2067-03-04 09:45:03,76,2067-03-04 09:45:01,48e72952e8d2,22.0185,51.1967,935.052,178
2067-03-04 10:00:01,77,2067-03-04 10:00:00,48e72952e8d2,22.2448,51.3787,934.701,177
2067-03-04 10:15:05,78,2067-03-04 10:15:03,48e72952e8d2,22.3136,49.9904,934.581,178
2067-03-04 10:30:03,79,2067-03-04 10:30:00,48e72952e8d2,22.9764,49.1384,933.425,177
2067-03-04 10:45:01,80,2067-03-04 10:45:01,48e72952e8d2,22.9722,48.7463,933.363,177
2067-03-04 10:59:59,81,2067-03-04 11:00:00,48e72952e8d2,22.2716,50.3083,934.501,177
2067-03-04 11:00:05,82,2067-03-04 11:00:04,48e72952e8d2,22.075,50.275,934.87,2
2067-03-04 11:15:05,83,2067-03-04 11:15:03,48e72952e8d2,22.1885,51.3931,934.6,177
2067-03-04 11:30:03,84,2067-03-04 11:30:02,48e72952e8d2,22.4786,50.8172,933.959,177
2067-03-04 11:45:01,85,2067-03-04 11:45:00,48e72952e8d2,23.1152,49.6389,932.637,177
2067-03-04 12:00:04,86,2067-03-04 12:00:02,48e72952e8d2,23.4107,49.0599,931.935,178
2067-03-04 12:15:02,87,2067-03-04 12:15:02,48e72952e8d2,23.7556,48.632,931.208,177
2067-03-04 12:30:00,88,2067-03-04 12:30:00,48e72952e8d2,23.8808,48.3558,930.866,177
2067-03-04 12:45:04,89,2067-03-04 12:45:03,48e72952e8d2,23.6328,48.2331,931.051,178
2067-03-04 13:00:02,90,2067-03-04 13:00:02,48e72952e8d2,23.2246,48.9472,931.462,177
2067-03-04 13:15:05,91,2067-03-04 13:15:03,48e72952e8d2,23.6343,48.5308,930.5,178
2067-03-04 13:30:04,92,2067-03-04 13:30:03,48e72952e8d2,24.0277,47.4818,929.593,177
2067-03-04 13:45:02,93,2067-03-04 13:45:01,48e72952e8d2,24.0497,46.9175,929.317,177
2067-03-04 14:00:05,94,2067-03-04 14:00:04,48e72952e8d2,23.9623,47.4923,929.222,178
2067-03-04 14:15:03,95,2067-03-04 14:15:02,48e72952e8d2,23.9741,46.8795,929.097,177
2067-03-04 14:30:01,96,2067-03-04 14:30:01,48e72952e8d2,23.7328,47.7551,929.355,177
2067-03-04 14:45:05,97,2067-03-04 14:45:04,48e72952e8d2,23.5894,48.4568,929.452,178
2067-03-04 15:00:03,98,2067-03-04 15:00:02,48e72952e8d2,23.6302,48.0122,929.273,177
2067-03-04 15:15:01,99,2067-03-04 15:15:00,48e72952e8d2,23.6246,47.4544,929.143,177
2067-03-04 15:30:04,100,2067-03-04 15:30:03,48e72952e8d2,23.6542,48.3265,929.054,178
2067-03-04 15:45:02,101,2067-03-04 15:45:02,48e72952e8d2,23.6876,48.4236,928.967,177
2067-03-04 16:00:01,102,2067-03-04 16:00:01,48e72952e8d2,23.533,48.212,929.103,177
2067-03-04 16:15:04,103,2067-03-04 16:15:04,48e72952e8d2,23.3659,48.6192,929.244,178
2067-03-04 16:30:03,104,2067-03-04 16:30:01,48e72952e8d2,23.3047,48.4593,929.319,177
2067-03-04 16:45:05,105,2067-03-04 16:45:04,48e72952e8d2,23.1255,48.901,929.62,178
2067-03-04 17:00:04,106,2067-03-04 17:00:04,48e72952e8d2,22.9581,49.4792,929.884,177
2067-03-04 17:15:02,107,2067-03-04 17:15:01,48e72952e8d2,22.7902,49.7906,930.106,177
2067-03-04 17:30:05,108,2067-03-04 17:30:05,48e72952e8d2,22.6063,50.318,930.406,178
2067-03-04 17:45:03,109,2067-03-04 17:45:03,48e72952e8d2,22.3444,50.7027,930.817,177
2067-03-04 18:00:01,110,2067-03-04 18:00:00,48e72952e8d2,22.3373,51.3141,930.87,177
2067-03-04 18:15:05,111,2067-03-04 18:15:02,48e72952e8d2,22.5406,50.7415,930.621,178
2067-03-04 18:30:03,112,2067-03-04 18:30:03,48e72952e8d2,22.715,50.0195,930.434,177
2067-03-04 18:45:01,113,2067-03-04 18:45:00,48e72952e8d2,22.8059,49.8864,930.433,177
2067-03-04 18:59:59,114,2067-03-04 19:00:00,48e72952e8d2,22.9035,49.3077,930.405,177
2067-03-04 19:15:03,115,2067-03-04 19:15:02,48e72952e8d2,22.8296,49.8147,930.629,178
2067-03-04 19:30:01,116,2067-03-04 19:30:02,48e72952e8d2,22.2024,51.9252,931.69,177
2067-03-04 19:45:04,117,2067-03-04 19:45:04,48e72952e8d2,21.6346,54.3034,932.837,178
2067-03-04 20:00:02,118,2067-03-04 20:00:03,48e72952e8d2,21.4227,55.2069,933.384,177
2067-03-04 20:15:00,119,2067-03-04 20:15:00,48e72952e8d2,21.308,55.6832,933.8,177
2067-03-04 20:30:04,120,2067-03-04 20:30:04,48e72952e8d2,21.2347,55.6465,934.263,178
2067-03-04 20:45:02,121,2067-03-04 20:45:01,48e72952e8d2,21.0684,55.4026,934.79,177
2067-03-04 21:00:00,122,2067-03-04 21:00:01,48e72952e8d2,20.9005,55.0433,935.191,177
2067-03-04 21:15:04,123,2067-03-04 21:15:04,48e72952e8d2,20.8554,54.7523,935.372,178
2067-03-04 21:30:02,124,2067-03-04 21:30:00,48e72952e8d2,20.8621,54.2147,935.393,177
2067-03-04 21:45:05,125,2067-03-04 21:45:03,48e72952e8d2,20.885,53.8765,935.247,178
2067-03-04 22:00:03,126,2067-03-04 22:00:01,48e72952e8d2,20.9554,52.9915,935.073,177
2067-03-04 22:15:01,127,2067-03-04 22:15:01,48e72952e8d2,20.9408,53.0976,935.088,177
2067-03-04 22:30:05,128,2067-03-04 22:30:03,48e72952e8d2,20.9382,52.6141,935.117,178
2067-03-04 22:45:03,129,2067-03-04 22:45:00,48e72952e8d2,20.9718,51.6949,935.119,177
2067-03-04 23:00:06,130,2067-03-04 23:00:03,48e72952e8d2,21.0569,50.5431,935.088,178
2067-03-04 23:15:05,131,2067-03-04 23:15:01,48e72952e8d2,21.0518,50.1771,935.139,177
2067-03-04 23:30:03,132,2067-03-04 23:30:01,48e72952e8d2,21.0436,50.4976,935.278,177
2067-03-04 23:45:06,133,2067-03-04 23:45:02,48e72952e8d2,21.0548,49.4814,935.351,178
2067-03-05 00:00:04,134,2067-03-05 00:00:02,48e72952e8d2,21.1131,48.7908,935.314,177
2067-03-05 00:15:02,135,2067-03-05 00:15:02,48e72952e8d2,21.2759,48.5295,935.176,177
2067-03-05 00:30:00,136,2067-03-05 00:30:01,48e72952e8d2,21.3512,48.3287,935.129,177
2067-03-05 00:45:04,137,2067-03-05 00:45:03,48e72952e8d2,21.2723,48.3516,935.366,178
2067-03-05 01:00:07,138,2067-03-05 01:00:04,48e72952e8d2,21.3953,46.8355,935.293,178
2067-03-05 01:15:06,139,2067-03-05 01:15:02,48e72952e8d2,21.4026,46.3787,935.379,177
2067-03-05 01:30:03,140,2067-03-05 01:30:03,48e72952e8d2,21.3568,46.7012,935.502,177
2067-03-05 01:45:02,141,2067-03-05 01:45:01,48e72952e8d2,21.7556,43.3006,934.921,177
2067-03-05 02:00:05,142,2067-03-05 02:00:02,48e72952e8d2,21.4745,45.1146,935.352,178
2067-03-05 02:15:03,143,2067-03-05 02:15:03,48e72952e8d2,21.5837,44.3405,935.06,177
2067-03-05 02:30:06,144,2067-03-05 02:30:02,48e72952e8d2,21.6436,43.1716,935.007,178
2067-03-05 02:44:59,145,2067-03-05 02:45:01,48e72952e8d2,21.5186,45.0098,935.165,176
2067-03-05 03:00:03,146,2067-03-05 03:00:00,48e72952e8d2,21.6651,43.2118,934.894,178
2067-03-05 03:15:06,147,2067-03-05 03:15:04,48e72952e8d2,21.8963,41.2857,934.479,178
2067-03-05 03:29:59,148,2067-03-05 03:30:01,48e72952e8d2,21.4647,44.9578,935.121,176
2067-03-05 03:45:02,149,2067-03-05 03:45:01,48e72952e8d2,21.6284,41.9654,934.997,178
2067-03-05 04:00:01,150,2067-03-05 04:00:00,48e72952e8d2,21.6998,41.1987,935.082,177
2067-03-05 04:15:04,151,2067-03-05 04:15:03,48e72952e8d2,21.7283,40.7418,935.091,178
2067-03-05 04:30:02,152,2067-03-05 04:30:01,48e72952e8d2,21.7478,40.3337,935.096,177
2067-03-05 04:45:06,153,2067-03-05 04:45:04,48e72952e8d2,21.7612,40.0648,935.111,178
2067-03-05 05:00:04,154,2067-03-05 05:00:03,48e72952e8d2,21.7617,39.8838,935.248,177
2067-03-05 05:15:02,155,2067-03-05 05:15:01,48e72952e8d2,21.7702,39.6864,935.367,177
2067-03-05 05:30:05,156,2067-03-05 05:30:04,48e72952e8d2,21.742,39.8274,935.576,178
2067-03-05 05:45:03,157,2067-03-05 05:45:03,48e72952e8d2,21.7181,39.9563,935.75,177
2067-03-05 06:00:01,158,2067-03-05 06:00:01,48e72952e8d2,21.7263,39.7655,935.889,177
2067-03-05 06:15:00,159,2067-03-05 06:15:00,48e72952e8d2,21.6999,40.2007,936.098,177
2067-03-05 06:30:03,160,2067-03-05 06:30:02,48e72952e8d2,21.6722,40.5628,936.255,178
2067-03-05 06:45:01,161,2067-03-05 06:45:00,48e72952e8d2,21.625,41.1931,936.435,177
2067-03-05 07:00:04,162,2067-03-05 07:00:03,48e72952e8d2,21.5314,42.7369,936.767,178
2067-03-05 07:15:03,163,2067-03-05 07:15:00,48e72952e8d2,21.7496,42.7968,936.597,177
2067-03-05 07:30:06,164,2067-03-05 07:30:02,48e72952e8d2,22.5593,47.2664,935.463,178
2067-03-05 07:45:09,165,2067-03-05 07:45:04,48e72952e8d2,23.9395,52.7575,933.473,178
2067-03-05 08:00:02,166,2067-03-05 08:00:03,48e72952e8d2,24.43,50.8095,932.734,176
2067-03-05 08:15:01,167,2067-03-05 08:15:02,48e72952e8d2,23.7989,49.7457,933.858,177
2067-03-05 08:29:59,168,2067-03-05 08:30:00,48e72952e8d2,23.181,49.2724,934.929,177
2067-03-05 08:30:05,169,2067-03-05 08:30:04,48e72952e8d2,22.905,48.83,935.41,2
2067-03-05 08:45:04,170,2067-03-05 08:45:04,48e72952e8d2,22.6067,49.9229,935.879,177
2067-03-05 09:00:03,171,2067-03-05 09:00:02,48e72952e8d2,22.4377,50.7934,936.19,177
2067-03-05 09:15:07,172,2067-03-05 09:15:05,48e72952e8d2,22.5226,51.0935,936.157,178
2067-03-05 09:30:05,173,2067-03-05 09:30:03,48e72952e8d2,22.7269,51.1475,935.9,177
2067-03-05 09:45:03,174,2067-03-05 09:45:02,48e72952e8d2,22.8789,51.0159,935.655,177
2067-03-05 10:00:01,175,2067-03-05 10:00:00,48e72952e8d2,22.8661,51.0974,935.639,177
2067-03-05 10:15:04,176,2067-03-05 10:15:03,48e72952e8d2,22.8949,50.7954,935.583,178
2067-03-05 10:30:02,177,2067-03-05 10:30:01,48e72952e8d2,22.9489,50.9884,935.429,177
2067-03-05 10:45:00,178,2067-03-05 10:45:02,48e72952e8d2,23.0088,50.8973,935.259,177
2067-03-05 11:00:04,179,2067-03-05 11:00:01,48e72952e8d2,23.0958,51.0695,935.103,178
2067-03-05 11:15:02,180,2067-03-05 11:15:00,48e72952e8d2,23.0687,51.3748,935.07,177
2067-03-05 11:30:06,181,2067-03-05 11:30:04,48e72952e8d2,23.1339,51.5739,934.861,178
2067-03-05 11:45:04,182,2067-03-05 11:45:03,48e72952e8d2,23.191,52.0908,934.656,177
2067-03-05 12:00:02,183,2067-03-05 12:00:00,48e72952e8d2,23.3191,51.4917,934.298,177
2067-03-05 12:15:06,184,2067-03-05 12:15:04,48e72952e8d2,23.4532,51.4873,933.861,178
2067-03-05 12:30:03,185,2067-03-05 12:30:03,48e72952e8d2,23.5836,51.2802,933.483,177
2067-03-05 12:45:02,186,2067-03-05 12:45:00,48e72952e8d2,23.7347,50.7326,933.097,177
2067-03-05 13:00:05,187,2067-03-05 13:00:03,48e72952e8d2,23.8882,50.2571,932.569,178
2067-03-05 13:15:03,188,2067-03-05 13:15:01,48e72952e8d2,24.0173,50.2951,932.078,177
2067-03-05 13:30:01,189,2067-03-05 13:30:00,48e72952e8d2,24.1241,49.8499,931.589,177
2067-03-05 13:44:59,190,2067-03-05 13:45:00,48e72952e8d2,24.0819,49.7992,931.459,177
2067-03-05 14:00:03,191,2067-03-05 14:00:02,48e72952e8d2,24.0676,49.7241,931.323,178
2067-03-05 14:15:01,192,2067-03-05 14:15:01,48e72952e8d2,23.9466,49.5108,931.363,177
2067-03-05 14:30:06,193,2067-03-05 14:30:04,48e72952e8d2,23.8237,49.6291,931.423,178
2067-03-05 14:45:04,194,2067-03-05 14:45:03,48e72952e8d2,23.6192,50.0886,931.612,177
2067-03-05 15:00:02,195,2067-03-05 15:00:01,48e72952e8d2,23.5522,50.9065,931.531,177
2067-03-05 15:15:06,196,2067-03-05 15:15:04,48e72952e8d2,23.5014,50.0483,931.438,178
2067-03-05 15:30:04,197,2067-03-05 15:30:04,48e72952e8d2,23.4511,50.2538,931.378,177
2067-03-05 15:45:02,198,2067-03-05 15:45:02,48e72952e8d2,23.2775,50.2076,931.502,177
2067-03-05 16:00:05,199,2067-03-05 16:00:05,48e72952e8d2,23.1251,50.5207,931.717,178
2067-03-05 16:15:04,200,2067-03-05 16:15:00,48e72952e8d2,22.9464,51.0528,932.271,177
2067-03-05 16:30:02,201,2067-03-05 16:30:03,48e72952e8d2,22.5146,50.8036,933.077,177
2067-03-05 16:45:01,202,2067-03-05 16:45:00,48e72952e8d2,22.2141,51.5545,933.562,177
2067-03-05 17:00:04,203,2067-03-05 17:00:01,48e72952e8d2,22.3534,52.0129,933.282,178
2067-03-05 17:15:02,204,2067-03-05 17:15:00,48e72952e8d2,22.5425,50.9427,932.958,177
2067-03-05 17:30:06,205,2067-03-05 17:30:04,48e72952e8d2,22.6708,50.7148,932.854,178
2067-03-05 17:45:05,206,2067-03-05 17:45:03,48e72952e8d2,22.7202,49.9951,932.844,177
2067-03-05 18:00:04,207,2067-03-05 18:00:02,48e72952e8d2,22.8204,49.8028,932.689,177
2067-03-05 18:15:07,208,2067-03-05 18:15:04,48e72952e8d2,22.9254,49.4317,932.572,178
2067-03-05 18:30:05,209,2067-03-05 18:30:04,48e72952e8d2,23.0843,48.302,932.385,177
2067-03-05 18:45:03,210,2067-03-05 18:45:03,48e72952e8d2,23.1563,47.7266,932.32,177
2067-03-05 19:00:01,211,2067-03-05 19:00:00,48e72952e8d2,23.1921,47.1951,932.34,177
2067-03-05 19:15:04,212,2067-03-05 19:15:02,48e72952e8d2,22.9777,47.0952,932.717,178
2067-03-05 19:30:03,213,2067-03-05 19:30:04,48e72952e8d2,22.2593,47.3911,933.906,177
2067-03-05 19:45:02,214,2067-03-05 19:45:01,48e72952e8d2,21.4662,48.8887,935.226,177
2067-03-05 20:00:00,215,2067-03-05 20:00:00,48e72952e8d2,21.2897,48.5548,935.675,177
2067-03-05 20:15:03,216,2067-03-05 20:15:03,48e72952e8d2,21.2666,48.341,935.847,178
2067-03-05 20:30:01,217,2067-03-05 20:30:00,48e72952e8d2,21.4533,46.0704,935.627,177
2067-03-05 20:44:59,218,2067-03-05 20:45:00,48e72952e8d2,21.5932,45.6547,935.485,177
2067-03-05 21:00:08,219,2067-03-05 21:00:04,48e72952e8d2,21.7461,44.0474,935.332,179
2067-03-05 21:15:01,220,2067-03-05 21:15:03,48e72952e8d2,21.7764,44.904,935.366,176
2067-03-05 21:30:00,221,2067-03-05 21:30:00,48e72952e8d2,22.002,43.953,935.154,177
2067-03-05 21:45:03,222,2067-03-05 21:45:00,48e72952e8d2,22.0373,42.5666,935.14,178
2067-03-05 22:00:06,223,2067-03-05 22:00:04,48e72952e8d2,22.3663,39.9405,934.77,178
2067-03-05 22:14:59,224,2067-03-05 22:15:00,48e72952e8d2,22.0422,43.1808,935.367,176
2067-03-05 22:30:02,225,2067-03-05 22:30:01,48e72952e8d2,22.2529,40.4298,935.048,178
2067-03-05 22:45:01,226,2067-03-05 22:45:00,48e72952e8d2,22.3318,39.4558,934.848,177
2067-03-05 23:00:04,227,2067-03-05 23:00:02,48e72952e8d2,22.3039,39.2099,934.849,178
2067-03-05 23:15:02,228,2067-03-05 23:15:01,48e72952e8d2,22.2252,39.071,934.878,177
2067-03-05 23:30:00,229,2067-03-05 23:30:00,48e72952e8d2,22.1156,39.7607,935.004,177
2067-03-05 23:45:04,230,2067-03-05 23:45:03,48e72952e8d2,22.1069,40.0916,934.901,178
2067-03-06 00:00:02,231,2067-03-06 00:00:00,48e72952e8d2,22.1336,39.9172,934.866,177
2067-03-06 00:15:05,232,2067-03-06 00:15:04,48e72952e8d2,22.1164,41.7234,934.943,178
2067-03-06 00:30:03,233,2067-03-06 00:30:02,48e72952e8d2,22.0372,43.2201,935.091,177
2067-03-06 00:45:01,234,2067-03-06 00:45:01,48e72952e8d2,21.9498,43.2015,935.231,177
2067-03-06 01:00:05,235,2067-03-06 01:00:04,48e72952e8d2,21.9003,43.4949,935.322,178
2067-03-06 01:15:03,236,2067-03-06 01:15:02,48e72952e8d2,21.9149,43.612,935.333,177
2067-03-06 01:30:01,237,2067-03-06 01:30:00,48e72952e8d2,21.9274,43.716,935.327,177
2067-03-06 01:45:04,238,2067-03-06 01:45:03,48e72952e8d2,21.9254,43.4294,935.319,178
2067-03-06 02:00:03,239,2067-03-06 02:00:02,48e72952e8d2,21.897,43.592,935.326,177
2067-03-06 02:15:01,240,2067-03-06 02:15:00,48e72952e8d2,21.8985,43.6692,935.319,177
2067-03-06 02:30:04,241,2067-03-06 02:30:04,48e72952e8d2,21.9514,43.6584,935.258,178
2067-03-06 02:45:02,242,2067-03-06 02:45:01,48e72952e8d2,21.9324,43.4772,935.277,177
2067-03-06 03:00:01,243,2067-03-06 03:00:01,48e72952e8d2,21.8781,42.9862,935.378,177
2067-03-06 03:15:04,244,2067-03-06 03:15:03,48e72952e8d2,21.7819,42.8284,935.581,178
2067-03-06 03:30:02,245,2067-03-06 03:30:02,48e72952e8d2,21.6806,42.9418,935.737,177
2067-03-06 03:45:05,246,2067-03-06 03:45:04,48e72952e8d2,21.5509,43.103,935.948,178
2067-03-06 04:00:03,247,2067-03-06 04:00:04,48e72952e8d2,21.4048,43.4456,936.106,177
2067-03-06 04:15:02,248,2067-03-06 04:15:01,48e72952e8d2,21.2817,43.7453,936.394,177
2067-03-06 04:30:05,249,2067-03-06 04:30:04,48e72952e8d2,21.1703,44.3416,936.64,178
2067-03-06 04:45:03,250,2067-03-06 04:45:01,48e72952e8d2,21.09,44.1661,936.858,177
2067-03-06 05:00:01,251,2067-03-06 05:00:01,48e72952e8d2,20.9707,44.66,937.099,177
2067-03-06 05:14:59,252,2067-03-06 05:15:00,48e72952e8d2,20.747,46.6949,937.545,177
2067-03-06 05:30:03,253,2067-03-06 05:30:03,48e72952e8d2,20.5476,48.4231,937.971,178
2067-03-06 05:45:01,254,2067-03-06 05:45:00,48e72952e8d2,20.3656,49.0529,938.257,177
2067-03-06 06:00:04,255,2067-03-06 06:00:03,48e72952e8d2,20.179,49.9276,938.547,178
2067-03-06 06:15:02,256,2067-03-06 06:15:03,48e72952e8d2,19.9711,50.0091,938.939,177
2067-03-06 06:30:06,257,2067-03-06 06:30:04,48e72952e8d2,20.2579,51.1518,938.574,178
2067-03-06 06:45:04,258,2067-03-06 06:45:03,48e72952e8d2,20.2052,52.5839,938.7,177
2067-03-06 07:00:02,259,2067-03-06 07:00:01,48e72952e8d2,20.2524,54.8816,938.731,177
2067-03-06 07:15:06,260,2067-03-06 07:15:03,48e72952e8d2,20.6798,55.9606,938.114,178
2067-03-06 07:30:04,261,2067-03-06 07:30:00,48e72952e8d2,21.5104,60.9813,936.915,177
2067-03-06 07:45:07,262,2067-03-06 07:45:02,48e72952e8d2,23.0035,59.338,934.675,178
2067-03-06 08:00:06,263,2067-03-06 08:00:03,48e72952e8d2,23.8759,56.8659,933.377,177
