2000-01-01 00:11:05,1,2023-09-27 14:30:02,48:55:19:df:28:48,25.353,43.6099,925.43,20
2000-01-01 00:12:36,2,2023-09-27 14:30:00,48:55:19:df:28:48,25.4005,44.492,925.714,19
2000-01-01 00:14:08,3,2023-09-27 14:30:01,48:55:19:df:28:48,25.3984,44.741,925.715,19
2000-01-01 00:29:04,4,2023-09-27 14:45:04,48:55:19:df:28:48,25.3565,44.7433,925.692,177
2000-01-01 00:42:23,5,2023-09-27 14:45:03,48:55:19:df:28:48,25.0902,45.1265,925.937,158
2000-01-01 00:54:11,6,2023-09-27 14:45:01,48:55:19:df:28:48,25.1985,45.2149,925.649,140
2000-01-01 01:07:45,7,2023-09-27 15:15:03,48:55:19:df:28:48,25.322,44.2139,925.313,161
2000-01-01 01:09:32,8,2023-09-27 15:15:04,48:55:19:df:28:48,25.3213,44.4467,925.313,22
2000-01-01 01:12:46,9,2023-09-27 15:30:04,48:55:19:df:28:48,25.2854,44.7545,925.371,39
2000-01-01 01:14:13,10,2023-09-27 15:30:04,48:55:19:df:28:48,25.2383,45.636,925.456,18
2000-01-01 01:27:21,11,2023-09-27 15:45:01,48:55:19:df:28:48,25.2185,45.0407,925.44,156
2000-01-01 01:39:04,12,2023-09-27 15:45:00,48:55:19:df:28:48,25.4149,44.7149,925.052,139
2000-01-01 01:52:38,13,2023-09-27 16:00:05,48:55:19:df:28:48,25.1503,44.2281,925.36,161
2000-01-01 01:54:30,14,2023-09-27 16:00:02,48:55:19:df:28:48,24.9874,44.7877,925.597,23
2000-01-01 01:57:49,15,2023-09-27 16:15:02,48:55:19:df:28:48,25.0022,44.8754,925.557,40
2000-01-01 01:59:16,16,2023-09-27 16:15:03,48:55:19:df:28:48,25.0422,44.596,925.499,18
2000-01-01 02:12:25,17,2023-09-27 16:30:03,48:55:19:df:28:48,25.0016,44.9609,925.536,156
2000-01-01 02:24:07,18,2023-09-27 16:30:04,48:55:19:df:28:48,24.8091,45.74,925.857,139
2000-01-01 02:37:36,19,2023-09-27 16:45:01,48:55:19:df:28:48,24.6013,45.3414,926.199,160
2000-01-01 02:39:24,20,2023-09-27 16:45:00,48:55:19:df:28:48,24.4254,45.0331,926.501,22
2000-01-01 02:42:42,21,2023-09-27 17:00:01,48:55:19:df:28:48,24.3609,44.9008,926.567,40
2000-01-01 02:44:14,22,2023-09-27 17:00:01,48:55:19:df:28:48,24.2989,45.1194,926.676,19
2000-01-01 02:57:28,23,2023-09-27 17:15:03,48:55:19:df:28:48,24.1468,45.0555,926.917,157
2000-01-01 03:09:11,24,2023-09-27 17:15:03,48:55:19:df:28:48,23.9238,45.2587,927.271,139
2000-01-01 03:22:40,25,2023-09-27 17:30:04,48:55:19:df:28:48,23.7393,45.2645,927.569,160
2000-01-01 03:24:27,26,2023-09-27 17:30:04,48:55:19:df:28:48,23.6177,45.0158,927.823,22
2000-01-01 03:27:46,27,2023-09-27 17:45:04,48:55:19:df:28:48,23.5764,45.0566,927.861,40
2000-01-01 03:29:18,28,2023-09-27 17:45:04,48:55:19:df:28:48,23.5268,45.3273,927.962,19
2000-01-01 03:42:27,29,2023-09-27 18:00:01,48:55:19:df:28:48,23.4234,45.8932,928.184,156
2000-01-01 03:54:04,30,2023-09-27 18:00:01,48:55:19:df:28:48,23.2926,46.8361,928.529,138
2000-01-01 04:07:33,31,2023-09-27 18:15:03,48:55:19:df:28:48,23.061,47.0287,928.977,160
2000-01-01 04:09:25,32,2023-09-27 18:15:02,48:55:19:df:28:48,22.8909,47.393,929.33,23
2000-01-01 04:12:49,33,2023-09-27 18:30:02,48:55:19:df:28:48,22.8519,47.3452,929.395,41
2000-01-01 04:14:21,34,2023-09-27 18:30:02,48:55:19:df:28:48,22.7963,47.2257,929.541,19
2000-01-01 04:27:30,35,2023-09-27 18:45:04,48:55:19:df:28:48,22.6677,47.6673,929.751,156
2000-01-01 04:39:07,36,2023-09-27 18:45:05,48:55:19:df:28:48,22.4882,47.9226,930.088,138
2000-01-01 04:52:31,37,2023-09-27 19:00:01,48:55:19:df:28:48,22.2258,48.2758,930.598,159
2000-01-01 04:54:19,38,2023-09-27 19:00:00,48:55:19:df:28:48,21.9486,48.1672,931.22,22
2000-01-01 04:57:43,39,2023-09-27 19:15:01,48:55:19:df:28:48,21.9914,47.9633,931.097,41
2000-01-01 04:59:19,40,2023-09-27 19:15:01,48:55:19:df:28:48,21.811,48.6049,931.433,20
2000-01-01 05:12:33,41,2023-09-27 19:30:04,48:55:19:df:28:48,21.5485,48.8697,931.901,157
2000-01-01 05:24:11,42,2023-09-27 19:30:03,48:55:19:df:28:48,21.2626,49.0357,932.558,138
2000-01-01 05:37:35,43,2023-09-27 19:45:02,48:55:19:df:28:48,21.2934,48.7586,932.658,159
2000-01-01 05:39:22,44,2023-09-27 19:45:04,48:55:19:df:28:48,21.2222,49.4381,932.879,22
2000-01-01 05:42:46,45,2023-09-27 20:00:04,48:55:19:df:28:48,21.3619,48.1752,932.652,41
2000-01-01 05:44:23,46,2023-09-27 20:00:04,48:55:19:df:28:48,21.2385,49.3944,932.896,20
2000-01-01 05:57:32,47,2023-09-27 20:15:01,48:55:19:df:28:48,21.4613,47.3539,932.655,156
2000-01-01 06:09:04,48,2023-09-27 20:15:02,48:55:19:df:28:48,21.6122,47.1194,932.566,137
2000-01-01 06:22:28,49,2023-09-27 20:30:02,48:55:19:df:28:48,21.7688,45.9497,932.456,159
2000-01-01 06:24:20,50,2023-09-27 20:30:02,48:55:19:df:28:48,21.5613,46.7282,932.881,23
2000-01-01 06:27:49,51,2023-09-27 20:45:02,48:55:19:df:28:48,21.8352,45.0963,932.474,42
2000-01-01 06:29:26,52,2023-09-27 20:45:02,48:55:19:df:28:48,22.005,44.0089,932.218,20
2000-01-01 06:42:35,53,2023-09-27 21:00:03,48:55:19:df:28:48,22.1345,44.2549,932.085,156
2000-01-01 06:54:07,54,2023-09-27 21:00:04,48:55:19:df:28:48,22.1036,44.2926,932.266,137
2000-01-01 07:07:26,55,2023-09-27 21:15:00,48:55:19:df:28:48,22.0115,45.6395,932.552,158
2000-01-01 07:09:14,56,2023-09-27 21:15:00,48:55:19:df:28:48,22.27,44.9045,932.177,22
2000-01-01 07:12:42,57,2023-09-27 21:30:00,48:55:19:df:28:48,22.2849,45.2037,932.132,42
2000-01-01 07:14:24,58,2023-09-27 21:30:02,48:55:19:df:28:48,21.8166,47.5942,932.918,21
2000-01-01 07:27:38,59,2023-09-27 21:45:04,48:55:19:df:28:48,22.0331,45.5499,932.676,157
2000-01-01 07:39:11,60,2023-09-27 21:45:03,48:55:19:df:28:48,22.3929,44.1468,932.161,137
2000-01-01 07:52:30,61,2023-09-27 22:00:03,48:55:19:df:28:48,22.5232,43.5509,931.962,158
2000-01-01 07:54:17,62,2023-09-27 22:00:04,48:55:19:df:28:48,22.5568,42.704,931.834,22
2000-01-01 07:57:46,63,2023-09-27 22:15:04,48:55:19:df:28:48,22.5573,42.7785,931.839,42
2000-01-01 07:59:28,64,2023-09-27 22:15:04,48:55:19:df:28:48,22.5695,42.5928,931.821,21
2000-01-01 08:12:37,65,2023-09-27 22:30:01,48:55:19:df:28:48,22.5693,42.6088,931.805,156
2000-01-01 08:24:04,66,2023-09-27 22:30:00,48:55:19:df:28:48,22.5691,41.9462,931.831,136
2000-01-01 08:37:23,67,2023-09-27 22:45:02,48:55:19:df:28:48,22.5276,41.7133,931.929,158
2000-01-01 08:39:15,68,2023-09-27 22:45:02,48:55:19:df:28:48,22.5026,40.9352,931.99,23
2000-01-01 08:42:49,69,2023-09-27 23:00:02,48:55:19:df:28:48,22.4993,40.8106,932.024,43
2000-01-01 08:44:31,70,2023-09-27 23:00:02,48:55:19:df:28:48,22.49,40.8909,932.092,21
2000-01-01 08:57:40,71,2023-09-27 23:15:04,48:55:19:df:28:48,22.3983,40.6846,932.275,156
2000-01-01 09:09:02,72,2023-09-27 23:15:00,48:55:19:df:28:48,22.2161,40.9126,932.629,135
2000-01-01 09:22:16,73,2023-09-27 23:30:00,48:55:19:df:28:48,22.091,41.3137,932.835,157
2000-01-01 09:24:09,74,2023-09-27 23:30:00,48:55:19:df:28:48,22.0109,40.9821,932.896,23
2000-01-01 09:27:48,75,2023-09-27 23:45:01,48:55:19:df:28:48,21.9836,40.522,932.945,44
2000-01-01 09:29:35,76,2023-09-27 23:45:02,48:55:19:df:28:48,21.9481,40.8236,933.001,22
2000-01-01 09:42:44,77,2023-09-28 00:00:03,48:55:19:df:28:48,21.8513,40.9824,933.144,156
2000-01-01 09:54:06,78,2023-09-28 00:00:03,48:55:19:df:28:48,21.6389,41.3535,933.505,135
2000-01-01 10:07:20,79,2023-09-28 00:15:04,48:55:19:df:28:48,21.4075,40.8456,933.989,157
2000-01-01 10:09:12,80,2023-09-28 00:15:04,48:55:19:df:28:48,21.2699,41.0095,934.273,23
2000-01-01 10:12:51,81,2023-09-28 00:30:05,48:55:19:df:28:48,21.2477,41.4499,934.35,44
2000-01-01 10:14:33,82,2023-09-28 00:30:00,48:55:19:df:28:48,21.2362,41.7475,934.409,21
2000-01-01 10:27:37,83,2023-09-28 00:45:01,48:55:19:df:28:48,21.1802,42.7254,934.526,155
2000-01-01 10:38:59,84,2023-09-28 00:45:01,48:55:19:df:28:48,20.9399,42.7114,934.969,135
2000-01-01 10:52:18,85,2023-09-28 01:00:03,48:55:19:df:28:48,20.8147,42.4021,935.191,158
2000-01-01 10:54:15,86,2023-09-28 01:00:02,48:55:19:df:28:48,20.7075,42.1462,935.325,24
2000-01-01 10:57:55,87,2023-09-28 01:15:03,48:55:19:df:28:48,20.6815,42.4692,935.361,44
2000-01-01 10:59:37,88,2023-09-28 01:15:04,48:55:19:df:28:48,20.6547,42.7428,935.397,21
2000-01-01 11:12:35,89,2023-09-28 01:30:00,48:55:19:df:28:48,20.5575,43.317,935.523,154
2000-01-01 11:23:52,90,2023-09-28 01:30:00,48:55:19:df:28:48,20.3342,43.6266,935.796,134
2000-01-01 11:37:11,91,2023-09-28 01:45:01,48:55:19:df:28:48,20.1658,44.1806,936.001,158
2000-01-01 11:39:14,92,2023-09-28 01:45:00,48:55:19:df:28:48,20.0616,44.3671,936.239,25
2000-01-01 11:42:58,93,2023-09-28 02:00:01,48:55:19:df:28:48,20.02,45.3168,936.292,45
2000-01-01 11:44:40,94,2023-09-28 02:00:01,48:55:19:df:28:48,20.0624,45.9571,936.238,21
2000-01-01 11:57:39,95,2023-09-28 02:15:04,48:55:19:df:28:48,19.9442,44.7728,936.406,154
2000-01-01 12:08:56,96,2023-09-28 02:15:03,48:55:19:df:28:48,19.8224,45.1233,936.556,134
2000-01-01 12:22:15,97,2023-09-28 02:30:04,48:55:19:df:28:48,19.6896,45.1321,936.746,158
2000-01-01 12:24:17,98,2023-09-28 02:30:04,48:55:19:df:28:48,19.5892,45.1767,936.844,25
2000-01-01 12:27:56,99,2023-09-28 02:45:00,48:55:19:df:28:48,19.5458,45.3183,936.871,44
2000-01-01 12:29:38,100,2023-09-28 02:45:05,48:55:19:df:28:48,19.539,45.6737,936.859,21
2000-01-01 12:42:37,101,2023-09-28 03:00:00,48:55:19:df:28:48,19.4766,45.938,936.95,154
2000-01-01 12:53:54,102,2023-09-28 03:00:02,48:55:19:df:28:48,19.4136,46.2414,937.104,134
2000-01-01 13:07:13,103,2023-09-28 03:15:03,48:55:19:df:28:48,19.3252,46.0743,937.189,158
2000-01-01 13:09:16,104,2023-09-28 03:15:02,48:55:19:df:28:48,19.2955,45.8227,937.228,25
2000-01-01 13:13:00,105,2023-09-28 03:30:03,48:55:19:df:28:48,19.2686,45.9701,937.269,45
2000-01-01 13:14:42,106,2023-09-28 03:30:03,48:55:19:df:28:48,19.2528,45.949,937.27,21
2000-01-01 13:27:35,107,2023-09-28 03:45:00,48:55:19:df:28:48,19.2066,45.998,937.292,153
2000-01-01 13:38:47,108,2023-09-28 03:45:00,48:55:19:df:28:48,19.153,45.8628,937.371,133
2000-01-01 13:52:06,109,2023-09-28 04:00:00,48:55:19:df:28:48,19.1395,45.5636,937.348,158
2000-01-01 13:54:14,110,2023-09-28 04:00:00,48:55:19:df:28:48,19.1323,45.4668,937.298,26
2000-01-01 13:58:03,111,2023-09-28 04:15:01,48:55:19:df:28:48,19.0995,45.4901,937.315,46
2000-01-01 13:59:45,112,2023-09-28 04:15:02,48:55:19:df:28:48,19.0776,45.9328,937.342,21
2000-01-01 14:12:39,113,2023-09-28 04:30:02,48:55:19:df:28:48,19.0564,46.6519,937.434,153
2000-01-01 14:23:51,114,2023-09-28 04:30:03,48:55:19:df:28:48,18.9522,47.0855,937.635,133
2000-01-01 14:37:10,115,2023-09-28 04:45:04,48:55:19:df:28:48,18.869,48.2233,937.87,158
2000-01-01 14:39:17,116,2023-09-28 04:45:04,48:55:19:df:28:48,18.8885,48.2738,937.856,26
2000-01-01 14:43:01,117,2023-09-28 05:00:00,48:55:19:df:28:48,18.8506,47.9016,937.925,45
2000-01-01 14:44:43,118,2023-09-28 05:00:04,48:55:19:df:28:48,18.8252,47.8242,937.978,21
2000-01-01 14:57:37,119,2023-09-28 05:15:02,48:55:19:df:28:48,18.7581,47.6559,938.112,153
2000-01-01 15:08:49,120,2023-09-28 05:15:02,48:55:19:df:28:48,18.5934,47.8361,938.485,133
2000-01-01 15:22:08,121,2023-09-28 05:30:03,48:55:19:df:28:48,18.4373,48.2817,938.767,158
2000-01-01 15:24:16,122,2023-09-28 05:30:02,48:55:19:df:28:48,18.4723,49.023,938.752,26
2000-01-01 15:28:05,123,2023-09-28 05:45:03,48:55:19:df:28:48,18.6522,50.2129,938.491,46
2000-01-01 15:29:47,124,2023-09-28 05:45:03,48:55:19:df:28:48,18.8481,51.0661,938.195,21
2000-01-01 15:42:41,125,2023-09-28 06:00:04,48:55:19:df:28:48,19.0844,50.5744,937.826,153
2000-01-01 15:53:52,126,2023-09-28 06:00:03,48:55:19:df:28:48,19.5356,51.4461,937.126,133
2000-01-01 16:07:06,127,2023-09-28 06:15:02,48:55:19:df:28:48,19.7315,52.3735,936.87,157
2000-01-01 16:09:09,128,2023-09-28 06:15:01,48:55:19:df:28:48,19.8268,53.9263,936.781,25
2000-01-01 16:12:58,129,2023-09-28 06:30:02,48:55:19:df:28:48,19.8799,53.6703,936.734,46
2000-01-01 16:14:45,130,2023-09-28 06:30:02,48:55:19:df:28:48,19.9291,54.0076,936.638,22
2000-01-01 16:27:44,131,2023-09-28 06:45:03,48:55:19:df:28:48,19.9733,54.6556,936.636,154
2000-01-01 16:38:56,132,2023-09-28 06:45:02,48:55:19:df:28:48,20.1651,55.4733,936.463,133
2000-01-01 16:52:10,133,2023-09-28 07:00:03,48:55:19:df:28:48,20.4708,57.3885,936.074,157
2000-01-01 16:54:12,134,2023-09-28 07:00:04,48:55:19:df:28:48,20.7803,58.6711,935.679,25
2000-01-01 16:57:56,135,2023-09-28 07:15:00,48:55:19:df:28:48,20.9284,58.9156,935.482,45
2000-01-01 16:59:44,136,2023-09-28 07:15:05,48:55:19:df:28:48,21.1013,59.2267,935.2,22
2000-01-01 17:12:47,137,2023-09-28 07:30:03,48:55:19:df:28:48,21.9286,59.8544,933.883,155
2000-01-01 17:24:04,138,2023-09-28 07:30:04,48:55:19:df:28:48,23.4689,63.0464,931.477,134
2000-01-01 17:37:13,139,2023-09-28 07:45:03,48:55:19:df:28:48,23.8373,54.1231,930.976,156
2000-01-01 17:39:05,140,2023-09-28 07:45:02,48:55:19:df:28:48,23.7856,50.5012,931.042,23
2000-01-01 17:42:50,141,2023-09-28 08:00:03,48:55:19:df:28:48,23.363,52.1174,931.76,45
2000-01-01 17:44:42,142,2023-09-28 08:00:04,48:55:19:df:28:48,23.6,50.0517,931.309,23
2000-01-01 17:57:46,143,2023-09-28 08:15:01,48:55:19:df:28:48,23.2153,50.3392,931.872,155
2000-01-01 18:08:58,144,2023-09-28 08:15:00,48:55:19:df:28:48,23.0148,50.9609,932.162,133
2000-01-01 18:22:06,145,2023-09-28 08:30:02,48:55:19:df:28:48,22.6984,49.3861,932.708,156
2000-01-01 18:24:04,146,2023-09-28 08:30:01,48:55:19:df:28:48,22.5558,53.1599,933.007,24
2000-01-01 18:27:53,147,2023-09-28 08:45:02,48:55:19:df:28:48,22.7401,50.5031,932.667,46
2000-01-01 18:29:45,148,2023-09-28 08:45:02,48:55:19:df:28:48,22.5991,50.0834,932.945,23
2000-01-01 18:42:49,149,2023-09-28 09:00:03,48:55:19:df:28:48,22.5531,50.873,933.032,155
2000-01-01 18:54:01,150,2023-09-28 09:00:02,48:55:19:df:28:48,22.6297,51.7984,932.845,133
2000-01-01 19:07:10,151,2023-09-28 09:15:03,48:55:19:df:28:48,22.7752,51.8423,932.602,156
2000-01-01 19:09:07,152,2023-09-28 09:15:04,48:55:19:df:28:48,22.8483,51.7836,932.505,24
2000-01-01 19:12:51,153,2023-09-28 09:30:00,48:55:19:df:28:48,22.8317,52.0557,932.485,45
2000-01-01 19:14:39,154,2023-09-28 09:30:00,48:55:19:df:28:48,22.7899,52.154,932.531,22
2000-01-01 19:27:42,155,2023-09-28 09:45:01,48:55:19:df:28:48,22.6939,52.3346,932.636,155
2000-01-01 19:38:59,156,2023-09-28 09:45:01,48:55:19:df:28:48,22.9585,52.6015,932.206,134
2000-01-01 19:52:13,157,2023-09-28 10:00:00,48:55:19:df:28:48,23.6231,51.1933,930.988,157
2000-01-01 19:54:11,158,2023-09-28 10:00:02,48:55:19:df:28:48,23.8087,50.5486,930.572,24
2000-01-01 19:57:55,159,2023-09-28 10:15:03,48:55:19:df:28:48,23.6457,50.8608,930.88,45
2000-01-01 19:59:42,160,2023-09-28 10:15:04,48:55:19:df:28:48,23.6163,51.3136,930.946,22
2000-01-01 20:12:46,161,2023-09-28 10:30:04,48:55:19:df:28:48,23.7748,51.4161,930.542,155
2000-01-01 20:23:58,162,2023-09-28 10:30:00,48:55:19:df:28:48,24.1204,51.0432,929.842,133
2000-01-01 20:37:07,163,2023-09-28 10:45:00,48:55:19:df:28:48,24.2276,50.9199,929.537,156
2000-01-01 20:39:04,164,2023-09-28 10:45:01,48:55:19:df:28:48,24.1562,50.6016,929.564,24
2000-01-01 20:42:53,165,2023-09-28 11:00:02,48:55:19:df:28:48,24.2276,50.8807,929.444,46
2000-01-01 20:44:45,166,2023-09-28 11:00:02,48:55:19:df:28:48,24.2904,51.4247,929.301,23
2000-01-01 20:57:49,167,2023-09-28 11:15:02,48:55:19:df:28:48,24.5016,51.4588,928.842,155
2000-01-01 21:09:01,168,2023-09-28 11:15:02,48:55:19:df:28:48,24.8054,50.9504,928.333,133
2000-01-01 21:22:10,169,2023-09-28 11:30:04,48:55:19:df:28:48,24.8415,50.0229,928.112,156
2000-01-01 21:24:07,170,2023-09-28 11:30:04,48:55:19:df:28:48,24.6479,50.4328,928.258,24
2000-01-01 21:27:51,171,2023-09-28 11:45:00,48:55:19:df:28:48,24.6321,50.9376,928.287,45
2000-01-01 21:29:39,172,2023-09-28 11:45:00,48:55:19:df:28:48,24.5995,50.4377,928.299,22
2000-01-01 21:42:42,173,2023-09-28 12:00:02,48:55:19:df:28:48,24.3309,50.5755,928.618,155
2000-01-01 21:53:59,174,2023-09-28 12:00:03,48:55:19:df:28:48,23.8377,51.4166,929.226,134
2000-01-01 22:07:13,175,2023-09-28 12:15:01,48:55:19:df:28:48,24.2236,49.9283,928.36,157
2000-01-01 22:09:11,176,2023-09-28 12:15:02,48:55:19:df:28:48,24.08,49.1478,928.417,24
2000-01-01 22:12:55,177,2023-09-28 12:30:03,48:55:19:df:28:48,24.1644,49.5563,928.229,45
2000-01-01 22:14:42,178,2023-09-28 12:30:04,48:55:19:df:28:48,24.42,49.5336,927.781,22
2000-01-01 22:27:46,179,2023-09-28 12:45:03,48:55:19:df:28:48,24.7518,49.7397,927.115,155
2000-01-01 22:39:03,180,2023-09-28 12:45:04,48:55:19:df:28:48,25.0683,49.0497,926.385,134
2000-01-01 22:52:12,181,2023-09-28 13:00:01,48:55:19:df:28:48,25.2676,48.2135,925.836,156
2000-01-01 22:54:04,182,2023-09-28 13:00:01,48:55:19:df:28:48,25.2978,48.403,925.629,23
2000-01-01 22:57:48,183,2023-09-28 13:15:02,48:55:19:df:28:48,25.2555,48.1994,925.662,45
2000-01-01 22:59:40,184,2023-09-28 13:15:02,48:55:19:df:28:48,25.1578,48.4639,925.76,23
2000-01-01 23:12:49,185,2023-09-28 13:30:03,48:55:19:df:28:48,25.2488,48.6357,925.497,156
2000-01-01 23:24:06,186,2023-09-28 13:30:02,48:55:19:df:28:48,25.4684,48.4532,924.993,134
