2023-09-25 14:22:09,C4:5B:BE:E4:FD:71,T104,2,53.1,[53.0,52.5,52.5,53.0,53.0,52.5,52.5,53.25,52.75,52.5,53.0,53.25,53.0,52.5,53.0,53.25,52.5,52.5,53.25,52.5,52.75,53.0,53.0,52.5,52.75,53.25,53.0,52.75,53.25,52.75]
2023-09-25 14:28:27,C4:5B:BE:E4:FD:71,T107,2,55.9,[54.75,55.25,55.25,55.0,55.5,55.0,55.25,55.0,55.25,55.25,55.0,55.5,55.0,55.25,55.0,55.0,55.25,55.25,55.5,55.0,55.5,55.25,55.5,55.25,54.75,55.5,54.75,55.5,55.0,55.25,55.25]
2023-09-25 14:34:40,C4:5B:BE:E4:FD:71,T101,2,58.4,[28.25,28.5,28.25,28.5,28.25,28.5,28.5,28.25,28.5,28.25,28.25,28.5,28.25,28.25,28.5,28.25,28.25,28.25,28.25,28.25,28.25,28.25,28.25,28.25,28.25,28.25,28.25,28.25,28.25,28.25]
2023-09-25 14:38:26,C4:5B:BE:E4:FD:71,T110,2,58.7,[57.75,57.5,57.5,57.75,57.5,57.75,58.0,57.5,57.25,58.0,57.75,57.5,57.75,58.0,57.75,57.75,57.75,57.25,58.0,58.0,57.5,57.25,58.0,57.75,57.75,57.5,58.0,57.5,57.75,58.0]
2023-09-25 14:39:37,C4:5B:BE:E4:FD:71,T111,2,58.7,[58.25,58.5,58.25,58.5,58.0,57.75,58.5,58.25,58.0,58.5,58.0,58.25,58.25,57.75,58.0,58.5,57.75,58.25,58.0,58.25,58.5,58.0,58.0,58.5,58.0,58.5,58.25,58.0,58.5,58.0,58.0]
2023-09-25 14:51:44,C4:5B:BE:E4:FD:71,T106,2,60.8,[60.0,60.5,60.0,60.0,60.75,60.25,60.5,60.5,60.0,60.25,60.25,60.0,60.0,60.25,60.25,60.0,60.5,60.0,60.0,60.5,60.0,60.0,60.5,60.0,60.25,60.5,60.25,60.25,60.5,60.25]
2023-09-25 14:54:32,C4:5B:BE:E4:FD:71,T105,2,61.7,[61.25,61.5,61.25,61.0,61.25,61.5,61.25,61.0,61.0,61.5,61.25,60.75,61.25,61.5,61.25,61.25,61.25,61.5,61.25,60.75,61.25,61.5,61.25,61.25,61.5,61.25,61.25,61.0,61.0,61.5,61.25]
2023-09-25 14:55:43,C4:5B:BE:E4:FD:71,T113,2,61.8,[61.25,61.25,60.75,60.75,61.5,60.75,60.75,61.25,61.25,61.0,61.25,61.0,61.25,61.25,61.5,61.25,61.25,61.5,61.0,61.0,61.25,61.25,61.0,61.25,61.25,60.75,61.5,61.25,61.25,61.0,61.0]
2023-09-25 14:57:30,C4:5B:BE:E4:FD:71,T114,2,61.8,[61.0,61.25,61.0,61.25,61.5,61.0,61.0,61.25,61.25,61.25,61.5,61.0,61.0,61.25,61.0,61.0,61.5,61.5,60.75,61.5,61.25,61.25,61.25,61.5,61.0,61.25,61.5,61.25,61.0,61.25]
2023-09-25 15:04:01,C4:5B:BE:E4:FD:71,T120,2,63.6,[62.25,62.5,62.0,62.25,62.5,61.75,62.25,62.25,62.0,62.5,62.5,62.0,62.5,62.5,61.75,62.5,62.25,62.0,62.5,62.25,62.25,62.5,62.0,62.25,62.5,62.5,61.75,62.5,62.25,62.25,62.0]
2023-09-25 15:13:22,C4:5B:BE:E4:FD:71,T123,2,63.7,[62.25,62.5,62.75,62.0,62.25,62.25,62.5,62.5,62.25,62.25,62.75,62.25,62.0,62.5,62.25,62.0,62.5,62.25,62.25,62.5,62.25,62.25,62.5,62.0,62.5,62.5,62.25,62.75,62.0,62.0]
2023-09-25 15:17:57,C4:5B:BE:E4:FD:71,T102,2,63.7,[62.25,61.75,62.5,62.25,62.0,62.5,62.0,62.5,62.0,61.75,62.5,62.25,62.5,62.5,62.0,62.5,62.25,62.25,62.25,62.0,62.25,62.5,61.5,62.5,62.0,61.75,62.5,61.75,62.0,62.5]
2023-09-25 15:18:52,C4:5B:BE:E4:FD:71,T116,2,63.7,[-9.0,-8.75,-8.25,-9.0,-8.25,-9.0,-8.25,-8.75,-8.75,-8.25,-8.75,-8.25,-8.5,-8.5,-8.25,-8.75,-8.25,-8.75,-8.5,-8.75,-8.75,-8.25,-9.0,-8.25,-8.5,-8.25,-8.5,-8.75,-8.0,-9.0]
2023-09-25 15:19:43,C4:5B:BE:E4:FD:71,T112,2,63.7,[62.75,63.25,63.0,62.75,63.0,63.0,62.5,62.5,63.0,62.75,62.25,62.75,63.0,62.5,63.0,63.25,62.75,62.75,63.0,62.75,62.25,62.75,63.0,62.5,62.5,63.0,62.75,62.75,63.0,62.75]
2023-09-25 15:21:00,C4:5B:BE:E4:FD:71,T122,2,63.7,[61.0,61.0,61.25,61.0,60.75,61.25,60.75,60.5,61.25,60.75,60.5,61.25,60.75,61.25,61.25,60.5,61.0,61.25,60.75,61.25,60.75,60.75,61.25,60.5,60.75,60.75,60.5,61.0,60.75,60.5]
2023-09-25 15:21:59,C4:5B:BE:E4:FD:71,T118,2,63.7,[62.75,62.25,62.75,62.75,62.5,63.0,62.5,62.25,63.0,63.0,62.5,63.0,62.25,62.75,63.0,62.0,62.5,62.75,62.25,62.75,62.5,62.25,62.75,62.5,62.25,63.0,62.75,62.5,62.75,62.0]
2023-09-25 15:22:55,C4:5B:BE:E4:FD:71,T109,2,63.7,[62.5,62.5,62.0,62.5,62.0,61.75,62.25,62.0,61.75,62.75,62.5,62.0,62.75,62.5,61.75,62.5,62.0,62.0,62.5,62.0,61.75,62.25,62.0,62.0,62.5,62.0,62.5,62.0,61.75,62.25,62.25]
2023-09-25 15:25:18,C4:5B:BE:E4:FD:71,T119,2,63.7,[62.5,63.0,63.0,62.5,63.0,62.25,62.75,62.75,62.5,63.0,62.75,62.75,63.0,62.75,63.0,62.25,62.5,63.0,62.5,62.75,63.0,62.25,63.0,62.25,62.75,63.0,62.5,63.0,62.75,62.25]
2023-09-25 15:28:19,C4:5B:BE:E4:FD:71,T108,2,63.9,[62.5,62.75,63.0,62.5,62.5,63.0,62.0,62.5,62.75,62.5,62.5,62.75,62.25,62.25,63.0,62.5,62.0,62.75,62.5,62.75,62.75,62.75,62.25,63.0,62.5,62.25,62.75,62.25,62.25,63.0]
2023-09-25 15:29:58,C4:5B:BE:E4:FD:71,T117,2,63.9,[63.25,62.75,63.25,63.5,63.0,63.0,63.25,63.0,63.5,63.0,63.25,63.25,62.75,63.0,62.75,62.75,63.25,62.5,62.75,63.25,62.5,63.0,62.5,62.75,63.0,62.5,63.0,63.5,63.0,63.5,63.0]
2023-09-25 15:37:51,C4:5B:BE:E4:FD:71,T115,2,64.9,[63.5,62.75,63.5,63.5,63.25,63.25,63.5,63.0,63.25,63.5,63.25,63.0,63.5,63.5,63.0,63.25,63.25,63.0,62.5,63.0,63.25,62.75,63.0,63.25,63.0,62.5,63.0,63.5,63.25,63.25]
2023-09-25 15:40:56,C4:5B:BE:E4:FD:71,T121,2,63.9,[63.0,62.75,63.0,62.75,62.75,62.75,62.75,62.75,62.75,62.75,62.75,63.0,63.0,62.75,62.75,62.75,62.75,62.75,62.75,62.75,62.5,62.5,62.5,62.5,62.5,62.5,62.25,62.5,62.75,62.75]
2023-09-25 15:41:54,C4:5B:BE:E4:FD:71,T103,2,63.9,[62.25,62.25,62.25,62.25,62.25,62.25,62.25,62.25,62.25,62.25,62.25,62.25,62.25,62.25,62.25,62.25,62.25,62.25,62.0,62.0,62.0,62.0,62.0,62.0,62.0,62.0,62.0,62.0,62.0,62.0]
