2023-10-17 14:59:48,1726,2023-10-17 14:45:02,48e72952e8d2,23.9143,51.7184,929.375,34
2023-10-17 15:00:04,1727,2023-10-17 15:00:03,48e72952e8d2,23.91,51.96,929.4,4
2023-10-17 15:15:02,1728,2023-10-17 15:15:03,48e72952e8d2,23.86,52.009,929.413,177
2023-10-17 15:30:10,1,2023-10-17 15:30:02,48E72952E8D2,24.29,50.56,928.57,1
2023-10-17 15:30:26,2,2023-10-17 15:30:04,48E72952E8D2,23.77,50.42,929.52,1
2023-10-17 15:45:16,1,2023-10-17 15:45:01,48E72952E8D2,23.5953,52.245,929.609,41
2023-10-17 16:00:10,2,2023-10-17 16:00:02,48E72952E8D2,24.1657,54.8125,928.64,59
2023-10-17 16:15:18,1,2023-10-17 16:15:03,48E72952E8D2,24.3932,54.1682,928.149,48
2023-10-17 16:30:11,1,2023-10-17 16:30:02,48E72952E8D2,24.6147,54.2571,927.666,21
2023-10-17 16:45:10,2,2023-10-17 16:45:03,48E72952E8D2,24.5551,53.7841,927.807,60
2023-10-17 17:00:09,3,2023-10-17 17:00:03,48E72952E8D2,24.5147,53.6655,927.95,59
2023-10-17 17:15:07,4,2023-10-17 17:15:03,48E72952E8D2,24.5767,53.5459,927.869,59
2023-10-17 17:30:12,5,2023-10-17 17:30:04,48E72952E8D2,24.5806,55.0909,927.938,60
2023-10-17 17:45:12,6,2023-10-17 17:45:04,48E72952E8D2,24.6679,55.1457,927.801,59
2023-10-17 18:00:05,7,2023-10-17 17:45:01,48E72952E8D2,24.7357,54.0395,927.701,59
2023-10-17 18:14:59,8,2023-10-17 18:00:01,48E72952E8D2,24.6704,52.3876,927.852,59
2023-10-17 18:30:03,9,2023-10-17 18:15:02,48E72952E8D2,24.6219,52.2778,928.215,60
2023-10-17 18:45:11,10,2023-10-17 18:30:01,48E72952E8D2,24.6582,52.0608,928.344,60
2023-10-17 19:00:15,11,2023-10-17 18:45:00,48E72952E8D2,24.7527,52.3346,928.322,60
2023-10-17 19:15:09,12,2023-10-17 19:00:01,48E72952E8D2,24.4863,52.8919,928.754,59
2023-10-17 19:30:02,13,2023-10-17 19:15:04,48E72952E8D2,23.946,54.1853,929.542,59
2023-10-17 19:45:01,14,2023-10-17 19:30:05,48E72952E8D2,23.2209,54.1735,930.916,59
2023-10-17 20:00:05,15,2023-10-17 19:45:01,48E72952E8D2,22.8787,54.4504,931.93,60
2023-10-17 20:15:13,16,2023-10-17 20:00:03,48E72952E8D2,22.7373,55.2476,932.283,60
2023-10-17 20:30:17,17,2023-10-17 20:15:02,48E72952E8D2,22.7016,54.0852,932.396,59
2023-10-17 20:45:15,18,2023-10-17 20:30:04,48E72952E8D2,22.7582,52.9973,932.388,60
2023-10-17 21:00:09,19,2023-10-17 20:45:04,48E72952E8D2,22.8587,54.4271,932.499,59
2023-10-17 21:14:57,20,2023-10-17 21:00:00,48E72952E8D2,22.743,55.9308,932.765,58
2023-10-17 21:29:56,21,2023-10-17 21:15:04,48E72952E8D2,22.4992,57.3971,933.317,60
2023-10-17 21:45:05,22,2023-10-17 21:30:01,48E72952E8D2,22.2019,57.5156,933.842,60
2023-10-17 22:00:19,23,2023-10-17 21:45:04,48E72952E8D2,22.0319,57.3001,934.182,60
2023-10-17 22:15:22,24,2023-10-17 22:00:03,48E72952E8D2,21.8505,57.7866,934.563,60
2023-10-17 22:30:10,25,2023-10-17 22:15:02,48E72952E8D2,21.5948,58.3315,935.052,58
2023-10-17 22:44:54,26,2023-10-17 22:30:00,48E72952E8D2,21.3155,59.9084,935.587,59
2023-10-17 22:59:52,27,2023-10-17 22:45:04,48E72952E8D2,21.0169,60.5405,936.058,59
2023-10-17 23:00:10,28,2023-10-17 22:45:04,48E72952E8D2,20.92,60.74,936.11,1
2023-10-17 23:00:25,29,2023-10-17 23:00:03,48E72952E8D2,20.92,60.72,936.14,1
2023-10-17 23:15:19,30,2023-10-17 23:15:00,48E72952E8D2,20.746,61.3362,936.438,59
2023-10-17 23:30:02,31,2023-10-17 23:15:04,48E72952E8D2,20.5458,62.1586,936.748,58
2023-10-17 23:44:51,32,2023-10-17 23:30:02,48E72952E8D2,20.3032,63.5536,937.086,59
2023-10-17 23:59:55,33,2023-10-17 23:45:01,48E72952E8D2,20.1382,63.8023,937.366,60
2023-10-18 00:00:11,34,2023-10-17 23:45:01,48E72952E8D2,20.02,64.36,937.56,1
2023-10-18 00:15:25,35,2023-10-18 00:15:04,48E72952E8D2,19.9164,64.6986,937.615,60
2023-10-18 00:30:24,36,2023-10-18 00:15:04,48E72952E8D2,19.668,65.5275,937.929,59
2023-10-18 00:45:06,37,2023-10-18 00:30:04,48E72952E8D2,19.4408,66.7468,938.354,59
2023-10-18 00:59:50,38,2023-10-18 00:45:01,48E72952E8D2,19.2337,67.4884,938.756,58
2023-10-18 01:14:48,39,2023-10-18 01:00:00,48E72952E8D2,19.0186,68.4012,939.224,59
2023-10-18 01:15:05,40,2023-10-18 01:00:00,48E72952E8D2,18.92,68.83,939.46,1
2023-10-18 01:15:26,41,2023-10-18 01:15:04,48E72952E8D2,18.895,68.92,939.47,2
2023-10-18 01:30:30,42,2023-10-18 01:30:03,48E72952E8D2,18.7299,69.536,939.815,59
2023-10-18 01:45:13,43,2023-10-18 01:30:05,48E72952E8D2,18.5386,69.9838,940.06,59
2023-10-18 01:59:52,44,2023-10-18 01:45:03,48E72952E8D2,18.4304,69.7246,940.19,58
2023-10-18 02:14:45,45,2023-10-18 02:00:02,48E72952E8D2,18.3187,70.3486,940.282,59
2023-10-18 02:15:02,46,2023-10-18 02:00:02,48E72952E8D2,18.18,70.69,940.48,1
2023-10-18 02:15:23,47,2023-10-18 02:15:01,48E72952E8D2,18.18,70.62,940.56,1
2023-10-18 02:30:32,48,2023-10-18 02:30:04,48E72952E8D2,18.1356,71.1823,940.619,60
2023-10-18 02:45:15,49,2023-10-18 02:30:01,48E72952E8D2,18.0055,71.6659,940.91,58
2023-10-18 02:59:49,50,2023-10-18 02:45:00,48E72952E8D2,17.877,72.0959,941.169,58
2023-10-18 03:14:42,51,2023-10-18 03:00:03,48E72952E8D2,17.822,71.9545,941.244,59
2023-10-18 03:15:03,52,2023-10-18 03:00:04,48E72952E8D2,17.89,71.76,941.1,1
2023-10-18 03:15:30,53,2023-10-18 03:15:02,48E72952E8D2,17.935,72.455,941.085,2
2023-10-18 03:30:39,54,2023-10-18 03:30:04,48E72952E8D2,18.3453,71.6126,940.465,60
2023-10-18 03:45:17,55,2023-10-18 03:30:04,48E72952E8D2,18.2641,71.9408,940.652,58
2023-10-18 03:59:45,56,2023-10-18 03:45:02,48E72952E8D2,17.9741,72.9669,941.189,57
2023-10-18 04:14:34,57,2023-10-18 04:00:00,48E72952E8D2,17.7459,72.7455,941.58,59
2023-10-18 04:14:55,58,2023-10-18 04:00:01,48E72952E8D2,17.7,72.6,941.69,1
2023-10-18 04:15:32,59,2023-10-18 04:15:04,48E72952E8D2,17.6767,72.5466,941.727,3
2023-10-18 04:30:45,60,2023-10-18 04:30:04,48E72952E8D2,17.6598,72.8558,941.851,60
2023-10-18 04:45:24,61,2023-10-18 04:30:03,48E72952E8D2,18.1627,73.3764,941.247,58
2023-10-18 04:59:42,62,2023-10-18 04:45:00,48E72952E8D2,17.8783,73.4282,941.814,57
2023-10-18 05:14:26,63,2023-10-18 05:00:03,48E72952E8D2,17.5077,74.3447,942.47,58
2023-10-18 05:14:52,64,2023-10-18 05:00:03,48E72952E8D2,17.68,74.905,942.27,2
2023-10-18 05:15:33,65,2023-10-18 05:15:01,48E72952E8D2,17.735,74.85,942.175,2
2023-10-18 05:15:50,66,2023-10-18 05:15:02,48E72952E8D2,17.76,74.62,942.18,1
2023-10-18 05:30:23,67,2023-10-18 05:30:00,48E72952E8D2,18.0755,74.1222,941.798,58
2023-10-18 05:44:42,68,2023-10-18 05:30:03,48E72952E8D2,17.875,73.6859,942.156,57
2023-10-18 05:59:25,69,2023-10-18 05:45:01,48E72952E8D2,17.773,73.4599,942.443,58
2023-10-18 05:59:51,70,2023-10-18 05:45:02,48E72952E8D2,18.165,72.62,941.995,2
2023-10-18 06:00:33,71,2023-10-18 06:00:00,48E72952E8D2,18.2,72.375,941.935,2
2023-10-18 06:00:49,72,2023-10-18 06:00:02,48E72952E8D2,18.22,72.35,941.92,1
2023-10-18 06:15:28,73,2023-10-18 06:15:03,48E72952E8D2,18.6284,71.8976,941.29,58
2023-10-18 06:29:46,74,2023-10-18 06:15:00,48E72952E8D2,19.1391,70.6702,940.57,57
2023-10-18 06:44:29,75,2023-10-18 06:30:04,48E72952E8D2,19.3794,69.8054,940.309,58
2023-10-18 06:44:51,76,2023-10-18 06:30:01,48E72952E8D2,19.445,67.615,940.315,2
2023-10-18 06:45:27,77,2023-10-18 06:45:00,48E72952E8D2,19.42,67.97,940.37,2
2023-10-18 06:45:44,78,2023-10-18 06:45:01,48E72952E8D2,19.39,68.51,940.38,1
2023-10-18 07:00:22,79,2023-10-18 07:00:00,48E72952E8D2,19.5327,69.2184,940.261,58
2023-10-18 07:14:45,80,2023-10-18 07:00:00,48E72952E8D2,19.7924,68.9787,939.976,57
2023-10-18 07:29:34,81,2023-10-18 07:15:02,48E72952E8D2,20.2269,70.01,939.409,59
2023-10-18 07:29:55,82,2023-10-18 07:15:01,48E72952E8D2,20.65,57.09,938.75,1
2023-10-18 07:30:32,83,2023-10-18 07:30:04,48E72952E8D2,20.65,56.44,938.725,2
2023-10-18 07:45:45,84,2023-10-18 07:45:02,48E72952E8D2,20.8581,51.2452,938.537,61
2023-10-18 08:00:24,85,2023-10-18 07:45:01,48E72952E8D2,21.8028,50.9484,937.207,58
2023-10-18 08:14:52,86,2023-10-18 08:00:04,48E72952E8D2,23.0866,52.4868,935.316,57
2023-10-18 08:29:41,87,2023-10-18 08:15:04,48E72952E8D2,24.1135,48.1669,933.754,59
2023-10-18 08:29:57,88,2023-10-18 08:15:03,48E72952E8D2,24.41,43.12,933.25,1
2023-10-18 08:30:23,89,2023-10-18 08:30:01,48E72952E8D2,24.44,42.67,933.25,1
2023-10-18 08:45:37,90,2023-10-18 08:45:03,48E72952E8D2,24.8286,46.8874,932.699,61
2023-10-18 09:00:21,91,2023-10-18 08:45:02,48E72952E8D2,25.2273,42.71,932.072,58
2023-10-18 09:14:54,92,2023-10-18 09:00:04,48E72952E8D2,25.4111,40.2723,931.65,58
2023-10-18 09:29:42,93,2023-10-18 09:15:02,48E72952E8D2,25.7844,37.7328,930.942,58
2023-10-18 09:44:56,94,2023-10-18 09:30:03,48E72952E8D2,26.0749,34.4214,930.402,61
2023-10-18 09:45:23,95,2023-10-18 09:30:03,48E72952E8D2,26.1,34.16,930.41,1
2023-10-18 10:00:36,96,2023-10-18 10:00:03,48E72952E8D2,26.3704,33.5287,929.858,61
2023-10-18 10:15:25,97,2023-10-18 10:00:04,48E72952E8D2,26.6709,33.5719,929.25,58
2023-10-18 10:29:59,98,2023-10-18 10:15:00,48E72952E8D2,26.8756,35.0645,928.903,58
2023-10-18 10:44:42,99,2023-10-18 10:30:00,48E72952E8D2,27.9085,27.9116,927.186,58
2023-10-18 10:59:50,100,2023-10-18 10:45:00,48E72952E8D2,28.3971,26.0887,926.334,60
2023-10-18 11:00:17,101,2023-10-18 10:45:02,48E72952E8D2,28.735,25.25,925.695,2
2023-10-18 11:00:33,102,2023-10-18 11:00:01,48E72952E8D2,28.76,24.84,925.63,1
2023-10-18 11:15:27,103,2023-10-18 11:15:03,48E72952E8D2,29.0826,25.3702,925.052,59
2023-10-18 11:30:05,104,2023-10-18 11:15:04,48E72952E8D2,29.8713,24.4489,923.64,58
2023-10-18 11:44:33,105,2023-10-18 11:30:01,48E72952E8D2,28.1592,36.0429,925.918,57
2023-10-18 11:59:32,106,2023-10-18 11:45:04,48E72952E8D2,25.3892,43.1875,929.973,60
2023-10-18 12:00:09,107,2023-10-18 11:45:04,48E72952E8D2,24.665,44.225,930.92,2
2023-10-18 12:00:45,108,2023-10-18 12:00:02,48E72952E8D2,24.645,44.79,931.005,2
2023-10-18 12:15:44,109,2023-10-18 12:15:03,48E72952E8D2,24.3929,47.0015,931.239,60
2023-10-18 12:30:07,110,2023-10-18 12:15:02,48E72952E8D2,24.2182,46.097,931.276,57
2023-10-18 12:44:30,111,2023-10-18 12:30:01,48E72952E8D2,24.2236,46.4532,931.167,57
2023-10-18 12:59:30,112,2023-10-18 12:45:00,48E72952E8D2,24.193,46.4788,930.942,59
2023-10-18 13:00:05,113,2023-10-18 12:45:01,48E72952E8D2,24.16,46.655,930.88,2
2023-10-18 13:00:42,114,2023-10-18 13:00:00,48E72952E8D2,24.16,46.8033,930.9,3
2023-10-18 13:15:45,115,2023-10-18 13:15:03,48E72952E8D2,24.1867,47.097,930.636,59
2023-10-18 13:30:14,116,2023-10-18 13:15:04,48E72952E8D2,24.245,47.0224,930.323,58
2023-10-18 13:44:37,117,2023-10-18 13:30:04,48E72952E8D2,24.1917,46.3149,930.227,57
2023-10-18 13:59:31,118,2023-10-18 13:45:01,48E72952E8D2,24.1616,46.18,930.107,59
2023-10-18 14:00:02,119,2023-10-18 13:45:03,48E72952E8D2,24.135,45.96,930.08,2
2023-10-18 14:00:39,120,2023-10-18 14:00:01,48E72952E8D2,24.135,45.665,930.095,2
2023-10-18 14:15:42,121,2023-10-18 14:15:01,48E72952E8D2,24.0539,45.8596,930.121,60
2023-10-18 14:30:11,122,2023-10-18 14:15:01,48E72952E8D2,24.044,46.0767,930.008,57
2023-10-18 14:44:34,123,2023-10-18 14:30:00,48E72952E8D2,24.0452,46.0837,929.927,57
2023-10-18 14:59:32,124,2023-10-18 14:45:03,48E72952E8D2,23.9465,46.1788,930.0,59
2023-10-18 15:00:09,125,2023-10-18 14:45:04,48E72952E8D2,23.89,45.96,930.026,3
2023-10-18 15:00:45,126,2023-10-18 15:00:03,48E72952E8D2,23.895,46.03,930.05,2
2023-10-18 15:15:45,127,2023-10-18 15:15:01,48E72952E8D2,23.9901,47.4556,929.891,59
2023-10-18 15:30:07,128,2023-10-18 15:15:02,48E72952E8D2,24.1592,48.1513,929.565,57
2023-10-18 15:44:31,129,2023-10-18 15:30:02,48E72952E8D2,24.2973,47.8332,929.355,57
2023-10-18 15:59:29,130,2023-10-18 15:45:00,48E72952E8D2,24.4779,49.1482,929.024,60
2023-10-18 16:00:06,131,2023-10-18 15:45:01,48E72952E8D2,24.425,45.305,929.2,2
2023-10-18 16:00:42,132,2023-10-18 16:00:00,48E72952E8D2,24.41,46.46,929.205,2
2023-10-18 16:15:46,133,2023-10-18 16:15:03,48E72952E8D2,24.5762,49.3495,928.817,60
2023-10-18 16:30:10,134,2023-10-18 16:15:01,48E72952E8D2,24.5387,48.7658,928.892,57
2023-10-18 16:44:33,135,2023-10-18 16:30:02,48E72952E8D2,24.5766,50.2733,928.885,57
2023-10-18 16:59:31,136,2023-10-18 16:45:02,48E72952E8D2,24.5506,50.3945,928.968,59
2023-10-18 17:00:08,137,2023-10-18 16:45:03,48E72952E8D2,24.7666,53.7633,928.687,3
2023-10-18 17:00:44,138,2023-10-18 17:00:01,48E72952E8D2,24.835,54.235,928.57,2
2023-10-18 17:15:43,139,2023-10-18 17:15:03,48E72952E8D2,24.566,50.0937,928.977,59
2023-10-18 17:30:06,140,2023-10-18 17:15:00,48E72952E8D2,24.542,51.1052,929.047,57
2023-10-18 17:44:29,141,2023-10-18 17:30:00,48E72952E8D2,24.5839,50.7777,929.009,57
2023-10-18 17:59:33,142,2023-10-18 17:45:03,48E72952E8D2,24.7089,51.4425,928.929,60
2023-10-18 18:00:09,143,2023-10-18 17:45:00,48E72952E8D2,24.635,51.995,929.15,2
2023-10-18 18:00:46,144,2023-10-18 18:00:04,48E72952E8D2,24.6867,52.7733,929.123,3
2023-10-18 18:15:44,145,2023-10-18 18:15:02,48E72952E8D2,24.9364,52.124,928.755,59
2023-10-18 18:30:08,146,2023-10-18 18:15:01,48E72952E8D2,24.7269,51.6937,929.261,57
2023-10-18 18:44:31,147,2023-10-18 18:30:01,48E72952E8D2,25.2369,53.2844,928.584,57
2023-10-18 18:59:30,148,2023-10-18 18:45:00,48E72952E8D2,24.6724,50.3246,929.577,59
2023-10-18 19:00:07,149,2023-10-18 18:45:02,48E72952E8D2,24.9967,54.0866,929.14,3
2023-10-18 19:00:43,150,2023-10-18 19:00:00,48E72952E8D2,25.025,54.01,929.11,2
2023-10-18 19:15:41,151,2023-10-18 19:15:00,48E72952E8D2,24.9809,57.1396,929.238,59
2023-10-18 19:30:05,152,2023-10-18 19:15:04,48E72952E8D2,24.2752,54.5979,930.354,57
2023-10-18 19:44:28,153,2023-10-18 19:30:00,48E72952E8D2,23.2208,51.6317,932.117,57
2023-10-18 19:59:31,154,2023-10-18 19:45:03,48E72952E8D2,23.0512,52.5197,932.448,60
2023-10-18 20:00:13,155,2023-10-18 19:45:03,48E72952E8D2,23.03,53.2533,932.5,3
2023-10-18 20:00:50,156,2023-10-18 20:00:02,48E72952E8D2,23.025,53.59,932.55,2
2023-10-18 20:15:43,157,2023-10-18 20:15:01,48E72952E8D2,22.9718,52.8394,932.679,59
2023-10-18 20:30:01,158,2023-10-18 20:15:02,48E72952E8D2,22.809,53.2689,933.068,57
2023-10-18 20:44:25,159,2023-10-18 20:30:01,48E72952E8D2,22.4345,54.0936,933.787,57
2023-10-18 20:59:28,160,2023-10-18 20:45:00,48E72952E8D2,22.173,54.5021,934.341,59
2023-10-18 21:00:10,161,2023-10-18 20:45:00,48E72952E8D2,21.9067,54.59,934.866,3
2023-10-18 21:00:51,162,2023-10-18 21:00:04,48E72952E8D2,21.8767,54.5667,934.903,3
2023-10-18 21:15:50,163,2023-10-18 21:15:03,48E72952E8D2,21.665,54.6747,935.269,59
2023-10-18 21:30:03,164,2023-10-18 21:15:00,48E72952E8D2,21.1912,55.1435,936.11,56
2023-10-18 21:44:21,165,2023-10-18 21:30:03,48E72952E8D2,20.8331,56.8261,936.83,57
2023-10-18 21:59:25,166,2023-10-18 21:45:03,48E72952E8D2,20.4707,58.8212,937.514,60
2023-10-18 22:00:12,167,2023-10-18 21:45:02,48E72952E8D2,20.3133,59.78,937.846,3
2023-10-18 22:00:53,168,2023-10-18 22:00:00,48E72952E8D2,20.285,59.82,937.925,2
2023-10-18 22:15:47,169,2023-10-18 22:15:00,48E72952E8D2,20.0853,60.6082,938.268,59
2023-10-18 22:30:00,170,2023-10-18 22:15:02,48E72952E8D2,19.7278,61.5827,938.932,57
2023-10-18 22:44:18,171,2023-10-18 22:30:00,48E72952E8D2,19.4796,62.1774,939.431,56
2023-10-18 22:59:27,172,2023-10-18 22:45:03,48E72952E8D2,19.1732,62.987,939.926,60
2023-10-18 23:00:19,173,2023-10-18 22:45:04,48E72952E8D2,19.025,63.865,940.182,4
2023-10-18 23:01:00,174,2023-10-18 23:00:02,48E72952E8D2,19.01,64.08,940.19,2
2023-10-18 23:15:49,175,2023-10-18 23:15:02,48E72952E8D2,18.8562,64.1276,940.499,59
2023-10-18 23:29:57,176,2023-10-18 23:15:02,48E72952E8D2,18.6383,64.0625,940.956,56
2023-10-18 23:44:15,177,2023-10-18 23:30:02,48E72952E8D2,18.3575,65.8228,941.552,57
2023-10-18 23:59:24,178,2023-10-18 23:45:00,48E72952E8D2,18.2028,66.1511,941.873,60
2023-10-19 00:00:16,179,2023-10-18 23:45:00,48E72952E8D2,18.16,65.8866,942.023,3
2023-10-19 00:01:02,180,2023-10-19 00:00:04,48E72952E8D2,18.1367,65.9466,942.08,3
2023-10-19 00:15:55,181,2023-10-19 00:15:03,48E72952E8D2,18.162,64.535,942.039,59
2023-10-19 00:30:04,182,2023-10-19 00:15:04,48E72952E8D2,18.0712,64.6598,942.227,56
2023-10-19 00:44:17,183,2023-10-19 00:30:03,48E72952E8D2,17.9253,64.6754,942.471,56
2023-10-19 00:59:20,184,2023-10-19 00:45:02,48E72952E8D2,17.7689,65.5153,942.76,60
2023-10-19 01:00:12,185,2023-10-19 00:45:02,48E72952E8D2,17.6367,66.08,943.01,3
2023-10-19 01:00:59,186,2023-10-19 01:00:01,48E72952E8D2,17.6467,66.31,943.0,3
2023-10-19 01:15:52,187,2023-10-19 01:15:00,48E72952E8D2,17.541,66.4287,943.202,59
2023-10-19 01:30:00,188,2023-10-19 01:15:01,48E72952E8D2,17.709,65.6447,942.98,56
2023-10-19 01:44:14,189,2023-10-19 01:30:00,48E72952E8D2,18.1838,64.8973,942.218,57
2023-10-19 01:59:17,190,2023-10-19 01:45:00,48E72952E8D2,17.8426,66.8987,942.718,59
2023-10-19 02:00:14,191,2023-10-19 01:45:04,48E72952E8D2,17.565,68.0775,943.182,4
2023-10-19 02:01:06,192,2023-10-19 02:00:03,48E72952E8D2,17.5367,67.9533,943.243,3
2023-10-19 02:15:59,193,2023-10-19 02:15:01,48E72952E8D2,17.5983,67.1799,943.142,59
2023-10-19 02:30:02,194,2023-10-19 02:15:03,48E72952E8D2,18.1437,66.5253,942.221,56
2023-10-19 02:44:10,195,2023-10-19 02:30:03,48E72952E8D2,17.7498,67.0646,942.802,56
2023-10-19 02:59:19,196,2023-10-19 02:45:05,48E72952E8D2,17.6129,67.2245,943.022,60
2023-10-19 03:00:16,197,2023-10-19 02:45:01,48E72952E8D2,18.0575,67.84,942.28,4
2023-10-19 03:01:02,198,2023-10-19 03:00:00,48E72952E8D2,18.0833,67.6933,942.209,3
2023-10-19 03:15:56,199,2023-10-19 03:15:03,48E72952E8D2,18.0088,67.0584,942.308,59
2023-10-19 03:29:59,200,2023-10-19 03:15:01,48E72952E8D2,17.5872,68.5305,942.999,55
2023-10-19 03:44:12,201,2023-10-19 03:30:02,48E72952E8D2,18.0589,68.8873,942.284,57
2023-10-19 03:59:21,202,2023-10-19 03:45:03,48E72952E8D2,17.7329,69.1452,942.837,60
2023-10-19 04:00:18,203,2023-10-19 03:45:03,48E72952E8D2,17.8233,69.3466,942.773,3
2023-10-19 04:01:04,204,2023-10-19 04:00:02,48E72952E8D2,17.88,69.1833,942.7,3
2023-10-19 04:15:58,205,2023-10-19 04:15:04,48E72952E8D2,18.0776,69.0348,942.395,59
2023-10-19 04:30:01,206,2023-10-19 04:15:02,48E72952E8D2,17.8424,69.3783,942.858,56
2023-10-19 04:44:09,207,2023-10-19 04:30:01,48E72952E8D2,18.0064,68.7941,942.661,56
2023-10-19 04:59:18,208,2023-10-19 04:45:02,48E72952E8D2,17.9594,68.6859,942.759,60
2023-10-19 05:00:20,209,2023-10-19 04:45:04,48E72952E8D2,18.0675,67.2325,942.597,4
2023-10-19 05:01:11,210,2023-10-19 05:00:03,48E72952E8D2,18.08,67.7433,942.56,3
2023-10-19 05:15:55,211,2023-10-19 05:15:00,48E72952E8D2,17.9067,68.9344,942.883,59
2023-10-19 05:29:53,212,2023-10-19 05:15:03,48E72952E8D2,18.0712,68.0878,942.687,55
2023-10-19 05:44:06,213,2023-10-19 05:30:02,48E72952E8D2,17.8608,68.5228,943.054,56
2023-10-19 05:44:22,214,2023-10-19 05:30:03,48E72952E8D2,18.07,67.59,942.73,1
2023-10-19 05:45:24,215,2023-10-19 05:45:01,48E72952E8D2,18.055,67.665,942.765,4
2023-10-19 05:46:11,216,2023-10-19 05:45:03,48E72952E8D2,18.0333,67.4733,942.766,3
2023-10-19 06:00:54,217,2023-10-19 06:00:01,48E72952E8D2,17.9925,67.8308,942.895,59
2023-10-19 06:14:52,218,2023-10-19 06:00:02,48E72952E8D2,18.3545,66.4652,942.454,55
2023-10-19 06:29:05,219,2023-10-19 06:15:00,48E72952E8D2,18.6824,64.4686,942.065,56
2023-10-19 06:29:22,220,2023-10-19 06:15:03,48E72952E8D2,18.79,65.92,941.93,1
2023-10-19 06:30:23,221,2023-10-19 06:30:01,48E72952E8D2,18.845,66.0225,941.877,4
2023-10-19 06:31:10,222,2023-10-19 06:30:02,48E72952E8D2,18.8933,65.75,941.813,3
2023-10-19 06:45:53,223,2023-10-19 06:45:01,48E72952E8D2,18.8506,63.9959,941.932,59
2023-10-19 06:59:52,224,2023-10-19 06:45:03,48E72952E8D2,18.9221,62.8494,941.95,55
2023-10-19 07:14:05,225,2023-10-19 07:00:01,48E72952E8D2,19.0567,61.5967,941.862,56
2023-10-19 07:14:21,226,2023-10-19 07:00:02,48E72952E8D2,19.25,64.34,941.66,1
2023-10-19 07:15:23,227,2023-10-19 07:15:00,48E72952E8D2,19.2675,63.97,941.642,4
2023-10-19 07:16:09,228,2023-10-19 07:15:01,48E72952E8D2,19.2633,63.1866,941.7,3
2023-10-19 07:30:58,229,2023-10-19 07:30:04,48E72952E8D2,19.5767,61.8713,941.13,59
2023-10-19 07:45:01,230,2023-10-19 07:30:04,48E72952E8D2,20.6865,62.6751,939.45,56
2023-10-19 07:59:14,231,2023-10-19 07:45:01,48E72952E8D2,22.0319,61.2953,937.435,56
2023-10-19 08:14:23,232,2023-10-19 08:00:00,48E72952E8D2,23.3077,58.2546,935.522,60
2023-10-19 08:15:14,233,2023-10-19 08:00:00,48E72952E8D2,23.98,56.69,934.48,3
2023-10-19 08:16:01,234,2023-10-19 08:15:03,48E72952E8D2,24.0633,57.5866,934.323,3
2023-10-19 08:30:50,235,2023-10-19 08:30:00,48E72952E8D2,23.6063,53.4832,935.099,59
2023-10-19 08:44:58,236,2023-10-19 08:30:02,48E72952E8D2,23.5915,51.0984,935.188,56
2023-10-19 08:59:16,237,2023-10-19 08:45:01,48E72952E8D2,23.6866,51.697,935.052,57
2023-10-19 09:14:25,238,2023-10-19 09:00:01,48E72952E8D2,23.7104,49.9632,934.948,60
2023-10-19 09:15:16,239,2023-10-19 09:00:01,48E72952E8D2,23.6767,53.72,935.026,3
2023-10-19 09:15:59,240,2023-10-19 09:15:00,48E72952E8D2,23.8333,54.7567,934.793,3
2023-10-19 09:30:46,241,2023-10-19 09:30:00,48E72952E8D2,23.8059,49.8062,934.651,58
2023-10-19 09:44:55,242,2023-10-19 09:30:00,48E72952E8D2,23.9355,49.9897,934.33,56
2023-10-19 09:59:18,243,2023-10-19 09:45:03,48E72952E8D2,24.0694,50.2393,934.069,57
2023-10-19 10:14:32,244,2023-10-19 10:00:02,48E72952E8D2,24.1801,50.8378,933.813,61
2023-10-19 10:15:24,245,2023-10-19 10:00:03,48E72952E8D2,24.3967,47.2267,933.333,3
2023-10-19 10:16:00,246,2023-10-19 10:15:02,48E72952E8D2,24.19,45.025,933.605,2
2023-10-19 10:30:43,247,2023-10-19 10:30:01,48E72952E8D2,24.1797,49.2522,933.739,59
2023-10-19 10:44:52,248,2023-10-19 10:30:01,48E72952E8D2,24.3137,49.9234,933.537,56
2023-10-19 10:59:15,249,2023-10-19 10:45:02,48E72952E8D2,24.3334,48.1428,933.386,57
2023-10-19 10:59:31,250,2023-10-19 10:45:02,48E72952E8D2,24.2,46.26,933.59,1
2023-10-19 11:00:23,251,2023-10-19 11:00:00,48E72952E8D2,24.27,47.8833,933.45,3
2023-10-19 11:00:59,252,2023-10-19 11:00:02,48E72952E8D2,24.33,49.75,933.39,2
2023-10-19 11:15:43,253,2023-10-19 11:15:00,48E72952E8D2,24.3957,47.7622,933.12,59
2023-10-19 11:29:51,254,2023-10-19 11:15:01,48E72952E8D2,24.2835,47.08,933.109,56
2023-10-19 11:44:15,255,2023-10-19 11:30:00,48E72952E8D2,24.2232,47.65,933.016,57
2023-10-19 11:44:30,256,2023-10-19 11:30:01,48E72952E8D2,24.36,48.58,932.67,1
2023-10-19 11:45:22,257,2023-10-19 11:45:00,48E72952E8D2,24.26,46.46,932.833,3
2023-10-19 11:45:58,258,2023-10-19 11:45:01,48E72952E8D2,24.22,46.49,932.87,2
2023-10-19 12:00:42,259,2023-10-19 12:00:00,48E72952E8D2,24.1674,47.3759,932.855,59
2023-10-19 12:14:50,260,2023-10-19 12:00:02,48E72952E8D2,24.2508,47.1193,932.452,56
2023-10-19 12:29:18,261,2023-10-19 12:15:05,48E72952E8D2,24.3243,46.7709,932.09,57
2023-10-19 12:29:35,262,2023-10-19 12:15:01,48E72952E8D2,24.26,45.79,932.07,1
2023-10-19 12:30:26,263,2023-10-19 12:30:04,48E72952E8D2,24.2567,45.7333,932.066,3
2023-10-19 12:30:58,264,2023-10-19 12:30:00,48E72952E8D2,24.23,45.86,932.1,2
2023-10-19 12:45:41,265,2023-10-19 12:45:02,48E72952E8D2,24.4202,46.6551,931.671,59
2023-10-19 12:59:50,266,2023-10-19 12:45:01,48E72952E8D2,24.3483,45.6833,931.56,56
2023-10-19 13:14:18,267,2023-10-19 13:00:04,48E72952E8D2,24.343,45.0532,931.265,57
2023-10-19 13:14:34,268,2023-10-19 13:00:01,48E72952E8D2,24.33,45.28,931.18,1
2023-10-19 13:15:26,269,2023-10-19 13:15:03,48E72952E8D2,24.3333,44.95,931.193,3
2023-10-19 13:15:57,270,2023-10-19 13:15:00,48E72952E8D2,24.345,45.655,931.12,2
2023-10-19 13:30:41,271,2023-10-19 13:30:04,48E72952E8D2,24.3397,44.4042,931.033,59
2023-10-19 13:44:49,272,2023-10-19 13:30:00,48E72952E8D2,24.3413,44.1861,930.831,56
