2023-10-17 15:10:59,1725,2023-10-17 15:00:02,485519df2848,24.6237,48.5782,928.196,168
2023-10-17 15:15:05,1726,2023-10-17 15:15:03,485519df2848,24.5876,48.8197,928.193,49
2023-10-17 15:30:04,1,2023-10-17 15:30:01,485519df2848,23.3833,47.36,928.21,3
2023-10-17 15:45:18,1,2023-10-17 15:45:04,485519DF2848,24.4713,48.5644,928.199,42
2023-10-17 16:00:12,2,2023-10-17 16:00:04,485519DF2848,24.9967,51.0683,927.315,59
2023-10-17 16:15:19,1,2023-10-17 16:15:03,485519DF2848,25.2131,50.4415,926.848,48
2023-10-17 16:30:13,1,2023-10-17 16:30:04,485519DF2848,25.2181,51.1018,926.693,21
2023-10-17 16:35:38,2,2023-10-17 16:30:02,485519DF2848,24.99,51.4095,927.102,22
2023-10-17 16:50:31,3,2023-10-17 16:45:04,485519DF2848,24.9116,51.1225,927.254,59
2023-10-17 17:00:02,4,2023-10-17 16:45:03,485519DF2848,24.901,51.9418,927.336,37
2023-10-17 17:09:38,5,2023-10-17 17:00:01,485519DF2848,24.9002,51.7567,927.333,38
2023-10-17 17:24:41,6,2023-10-17 17:15:00,485519DF2848,24.9744,53.0181,927.266,60
2023-10-17 17:30:11,7,2023-10-17 17:15:00,485519DF2848,24.7922,51.3259,927.577,22
2023-10-17 17:35:39,8,2023-10-17 17:30:04,485519DF2848,25.1809,55.3266,926.936,21
2023-10-17 17:50:38,9,2023-10-17 17:45:04,485519DF2848,24.9872,51.7993,927.263,60
2023-10-17 18:00:08,10,2023-10-17 17:45:02,485519DF2848,25.0475,52.1723,927.2,37
2023-10-17 18:09:39,11,2023-10-17 18:00:04,485519DF2848,24.9181,50.4744,927.41,38
2023-10-17 18:24:39,12,2023-10-17 18:15:03,485519DF2848,25.0429,50.7688,927.462,59
2023-10-17 18:30:07,13,2023-10-17 18:15:03,485519DF2848,24.8236,48.9631,927.892,22
2023-10-17 18:35:36,14,2023-10-17 18:30:01,485519DF2848,25.1109,50.9658,927.603,22
2023-10-17 18:50:34,15,2023-10-17 18:45:01,485519DF2848,25.0258,50.2937,927.816,59
2023-10-17 19:00:06,16,2023-10-17 18:45:02,485519DF2848,24.9936,49.6399,927.959,38
2023-10-17 19:09:36,17,2023-10-17 19:00:00,485519DF2848,25.004,50.4558,927.929,37
2023-10-17 19:24:40,18,2023-10-17 19:15:03,485519DF2848,24.5525,51.8326,928.589,60
2023-10-17 19:30:14,19,2023-10-17 19:15:03,485519DF2848,24.0809,51.5022,929.31,22
2023-10-17 19:35:43,20,2023-10-17 19:30:04,485519DF2848,23.7741,50.6049,929.87,22
2023-10-17 19:50:36,21,2023-10-17 19:45:01,485519DF2848,23.5887,51.9798,930.467,59
2023-10-17 20:00:02,22,2023-10-17 19:45:03,485519DF2848,23.431,52.468,931.076,37
2023-10-17 20:09:33,23,2023-10-17 20:00:00,485519DF2848,23.3365,52.8178,931.241,38
2023-10-17 20:24:42,24,2023-10-17 20:15:02,485519DF2848,23.2379,52.2566,931.468,60
2023-10-17 20:30:16,25,2023-10-17 20:15:00,485519DF2848,23.0381,52.9608,931.826,22
2023-10-17 20:35:44,26,2023-10-17 20:30:04,485519DF2848,23.1805,51.6556,931.601,21
2023-10-17 20:50:38,27,2023-10-17 20:45:03,485519DF2848,23.3124,51.2612,931.539,59
2023-10-17 20:59:59,28,2023-10-17 20:45:00,485519DF2848,23.3202,51.9842,931.714,37
2023-10-17 21:09:30,29,2023-10-17 21:00:02,485519DF2848,23.2455,53.1478,931.883,38
2023-10-17 21:24:38,30,2023-10-17 21:15:02,485519DF2848,23.1154,54.1989,932.198,60
2023-10-17 21:30:17,31,2023-10-17 21:15:03,485519DF2848,22.945,55.1704,932.624,22
2023-10-17 21:35:46,32,2023-10-17 21:30:02,485519DF2848,22.8841,54.9303,932.722,22
2023-10-17 21:50:35,33,2023-10-17 21:45:01,485519DF2848,22.674,54.4802,933.091,59
2023-10-17 21:59:56,34,2023-10-17 21:45:01,485519DF2848,22.5618,54.6337,933.335,37
2023-10-17 22:09:26,35,2023-10-17 22:00:00,485519DF2848,22.4407,54.7861,933.572,37
2023-10-17 22:24:40,36,2023-10-17 22:15:04,485519DF2848,22.2569,55.2806,933.936,61
2023-10-17 22:30:19,37,2023-10-17 22:15:00,485519DF2848,22.0495,56.224,934.362,22
2023-10-17 22:35:48,38,2023-10-17 22:30:04,485519DF2848,21.9323,56.879,934.591,22
2023-10-17 22:50:36,39,2023-10-17 22:45:03,485519DF2848,21.7444,57.3963,934.917,58
2023-10-17 22:59:57,40,2023-10-17 22:45:03,485519DF2848,21.524,57.7315,935.229,37
2023-10-17 23:09:28,41,2023-10-17 23:00:02,485519DF2848,21.372,58.0856,935.426,38
2023-10-17 23:24:37,42,2023-10-17 23:15:01,485519DF2848,21.1514,59.1695,935.762,60
2023-10-17 23:30:16,43,2023-10-17 23:15:01,485519DF2848,21.0063,59.6263,936.015,22
2023-10-17 23:35:45,44,2023-10-17 23:30:00,485519DF2848,20.9018,60.4903,936.112,22
2023-10-17 23:50:33,45,2023-10-17 23:45:00,485519DF2848,20.7537,60.9975,936.347,59
2023-10-17 23:59:54,46,2023-10-17 23:45:00,485519DF2848,20.641,60.9109,936.532,37
2023-10-18 00:09:30,47,2023-10-18 00:00:03,485519DF2848,20.501,61.6677,936.707,38
2023-10-18 00:24:44,48,2023-10-18 00:15:03,485519DF2848,20.2924,62.3853,936.908,60
2023-10-18 00:30:23,49,2023-10-18 00:15:03,485519DF2848,20.1432,62.9885,937.125,22
2023-10-18 00:35:47,50,2023-10-18 00:30:01,485519DF2848,20.064,63.4876,937.288,22
2023-10-18 00:50:30,51,2023-10-18 00:45:01,485519DF2848,19.9168,64.1682,937.581,58
2023-10-18 00:59:51,52,2023-10-18 00:45:03,485519DF2848,19.7648,64.6566,937.886,37
2023-10-18 01:09:27,53,2023-10-18 01:00:00,485519DF2848,19.6333,65.2304,938.159,38
2023-10-18 01:09:43,54,2023-10-18 01:00:03,485519DF2848,19.57,65.67,938.36,1
2023-10-18 01:15:27,55,2023-10-18 01:15:04,485519DF2848,19.5152,65.733,938.456,23
2023-10-18 01:20:51,56,2023-10-18 01:15:02,485519DF2848,19.4214,66.0418,938.647,21
2023-10-18 01:35:29,57,2023-10-18 01:30:01,485519DF2848,19.2442,66.7161,938.895,58
2023-10-18 01:44:45,58,2023-10-18 01:30:01,485519DF2848,19.0945,66.9409,939.094,37
2023-10-18 01:54:21,59,2023-10-18 01:45:00,485519DF2848,19.0355,66.6377,939.172,38
2023-10-18 01:54:43,60,2023-10-18 01:45:01,485519DF2848,18.99,66.89,939.26,1
2023-10-18 02:00:32,61,2023-10-18 02:00:05,485519DF2848,18.9795,66.8086,939.241,23
2023-10-18 02:05:55,62,2023-10-18 02:00:01,485519DF2848,18.9747,67.0513,939.193,21
2023-10-18 02:20:34,63,2023-10-18 02:15:04,485519DF2848,18.8539,67.4672,939.376,58
2023-10-18 02:29:45,64,2023-10-18 02:15:01,485519DF2848,18.734,68.1428,939.614,37
2023-10-18 02:39:21,65,2023-10-18 02:30:04,485519DF2848,18.6342,68.5027,939.835,38
2023-10-18 02:39:42,66,2023-10-18 02:30:00,485519DF2848,18.61,68.5,939.99,1
2023-10-18 02:45:31,67,2023-10-18 02:45:04,485519DF2848,18.5882,68.6064,940.004,23
2023-10-18 02:50:55,68,2023-10-18 02:45:00,485519DF2848,18.5804,68.5547,940.044,21
2023-10-18 03:05:33,69,2023-10-18 03:00:03,485519DF2848,18.4793,68.947,940.164,58
2023-10-18 03:14:49,70,2023-10-18 03:00:04,485519DF2848,18.4519,68.4998,940.201,37
2023-10-18 03:24:25,71,2023-10-18 03:15:03,485519DF2848,18.796,69.2043,939.69,38
2023-10-18 03:24:41,72,2023-10-18 03:15:00,485519DF2848,18.95,68.84,939.4,1
2023-10-18 03:30:25,73,2023-10-18 03:30:02,485519DF2848,18.9465,68.2247,939.503,23
2023-10-18 03:35:54,74,2023-10-18 03:30:04,485519DF2848,18.8862,68.9337,939.597,21
2023-10-18 03:50:38,75,2023-10-18 03:45:04,485519DF2848,18.7496,69.2881,939.892,59
2023-10-18 03:59:48,76,2023-10-18 03:45:00,485519DF2848,18.5269,70.0134,940.292,36
2023-10-18 04:09:19,77,2023-10-18 04:00:03,485519DF2848,18.4086,69.5775,940.507,38
2023-10-18 04:09:41,78,2023-10-18 04:00:04,485519DF2848,18.38,69.22,940.6,1
2023-10-18 04:15:30,79,2023-10-18 04:15:03,485519DF2848,18.3369,69.3533,940.633,23
2023-10-18 04:20:59,80,2023-10-18 04:15:03,485519DF2848,18.2222,69.6062,940.871,22
2023-10-18 04:35:37,81,2023-10-18 04:30:01,485519DF2848,18.4508,69.9856,940.658,58
2023-10-18 04:44:48,82,2023-10-18 04:30:03,485519DF2848,18.7005,70.5034,940.423,36
2023-10-18 04:54:19,83,2023-10-18 04:45:03,485519DF2848,18.5292,70.399,940.748,38
2023-10-18 04:54:40,84,2023-10-18 04:45:03,485519DF2848,18.44,70.34,940.87,1
2023-10-18 05:00:30,85,2023-10-18 05:00:02,485519DF2848,18.3482,70.522,941.085,23
2023-10-18 05:05:58,86,2023-10-18 05:00:02,485519DF2848,18.1991,71.0389,941.356,22
2023-10-18 05:20:37,87,2023-10-18 05:15:02,485519DF2848,18.2972,71.2072,941.29,58
2023-10-18 05:29:47,88,2023-10-18 05:15:02,485519DF2848,18.6524,71.274,940.905,36
2023-10-18 05:39:18,89,2023-10-18 05:30:02,485519DF2848,18.5129,70.6174,941.153,38
2023-10-18 05:39:39,90,2023-10-18 05:30:03,485519DF2848,18.45,70.62,941.23,1
2023-10-18 05:45:29,91,2023-10-18 05:45:02,485519DF2848,18.3982,70.7608,941.327,23
2023-10-18 05:50:57,92,2023-10-18 05:45:02,485519DF2848,18.2868,70.3545,941.566,22
2023-10-18 06:05:36,93,2023-10-18 06:00:00,485519DF2848,18.6774,69.8358,941.126,58
2023-10-18 06:14:47,94,2023-10-18 06:00:02,485519DF2848,19.2086,69.1035,940.406,36
2023-10-18 06:24:18,95,2023-10-18 06:15:00,485519DF2848,19.5731,68.9293,939.855,38
2023-10-18 06:24:39,96,2023-10-18 06:15:02,485519DF2848,19.68,66.83,939.76,1
2023-10-18 06:30:28,97,2023-10-18 06:30:01,485519DF2848,19.6756,67.2294,939.759,23
2023-10-18 06:35:57,98,2023-10-18 06:30:01,485519DF2848,19.8104,68.3794,939.592,22
2023-10-18 06:50:35,99,2023-10-18 06:45:01,485519DF2848,19.9342,66.656,939.509,58
2023-10-18 06:59:46,100,2023-10-18 06:45:01,485519DF2848,20.1055,66.3982,939.364,36
2023-10-18 07:09:17,101,2023-10-18 07:00:00,485519DF2848,20.1607,66.2214,939.356,38
2023-10-18 07:09:38,102,2023-10-18 07:00:01,485519DF2848,20.22,67.78,939.3,1
2023-10-18 07:15:27,103,2023-10-18 07:15:00,485519DF2848,20.2673,68.806,939.246,23
2023-10-18 07:20:56,104,2023-10-18 07:15:01,485519DF2848,20.4091,69.2626,939.078,22
2023-10-18 07:35:40,105,2023-10-18 07:30:03,485519DF2848,20.9377,61.12,938.388,58
2023-10-18 07:44:50,106,2023-10-18 07:30:01,485519DF2848,21.3024,47.0715,937.876,36
2023-10-18 07:54:21,107,2023-10-18 07:45:04,485519DF2848,21.866,49.3896,937.107,38
2023-10-18 07:54:38,108,2023-10-18 07:45:01,485519DF2848,22.21,48.6,936.63,1
2023-10-18 08:00:27,109,2023-10-18 08:00:04,485519DF2848,22.466,49.4716,936.225,23
2023-10-18 08:05:56,110,2023-10-18 08:00:00,485519DF2848,22.9572,51.9886,935.507,22
2023-10-18 08:20:39,111,2023-10-18 08:15:02,485519DF2848,23.7952,49.5378,934.288,58
2023-10-18 08:29:50,112,2023-10-18 08:15:00,485519DF2848,24.441,45.8496,933.305,36
2023-10-18 08:39:21,113,2023-10-18 08:30:03,485519DF2848,24.8673,44.7083,932.658,38
2023-10-18 08:39:37,114,2023-10-18 08:30:00,485519DF2848,25.08,48.37,932.29,1
2023-10-18 08:45:26,115,2023-10-18 08:45:04,485519DF2848,25.2243,46.0634,932.101,23
2023-10-18 08:51:00,116,2023-10-18 08:45:04,485519DF2848,25.429,41.609,931.778,22
2023-10-18 09:05:43,117,2023-10-18 09:00:01,485519DF2848,25.4694,40.5724,931.663,58
2023-10-18 09:14:56,118,2023-10-18 09:00:03,485519DF2848,25.6759,38.3129,931.259,37
2023-10-18 09:24:20,119,2023-10-18 09:15:03,485519DF2848,25.8413,36.8634,930.917,37
2023-10-18 09:39:34,120,2023-10-18 09:30:04,485519DF2848,26.1844,33.911,930.294,60
2023-10-18 09:45:24,121,2023-10-18 09:30:02,485519DF2848,26.3756,32.8726,929.919,23
2023-10-18 09:50:57,122,2023-10-18 09:45:01,485519DF2848,26.5527,32.3722,929.652,22
2023-10-18 10:05:40,123,2023-10-18 10:00:00,485519DF2848,26.8882,31.188,929.061,59
2023-10-18 10:14:51,124,2023-10-18 10:00:01,485519DF2848,27.0152,32.7047,928.724,36
2023-10-18 10:24:22,125,2023-10-18 10:15:03,485519DF2848,26.937,34.2554,928.87,38
2023-10-18 10:24:38,126,2023-10-18 10:15:02,485519DF2848,27.56,34.06,927.88,1
2023-10-18 10:30:27,127,2023-10-18 10:30:04,485519DF2848,27.7869,32.5673,927.526,23
2023-10-18 10:35:56,128,2023-10-18 10:30:01,485519DF2848,28.0885,28.0542,926.974,21
2023-10-18 10:50:40,129,2023-10-18 10:45:02,485519DF2848,28.6182,24.6528,926.103,59
2023-10-18 10:59:51,130,2023-10-18 10:45:01,485519DF2848,29.1519,24.0519,925.166,36
2023-10-18 11:09:16,131,2023-10-18 11:00:00,485519DF2848,29.4118,23.9564,924.627,37
2023-10-18 11:09:33,132,2023-10-18 11:00:02,485519DF2848,29.56,24.02,924.36,1
2023-10-18 11:15:27,133,2023-10-18 11:15:04,485519DF2848,29.8504,23.3137,923.819,24
2023-10-18 11:21:01,134,2023-10-18 11:15:00,485519DF2848,30.159,22.6272,923.294,22
2023-10-18 11:35:39,135,2023-10-18 11:30:02,485519DF2848,30.303,25.3747,922.889,58
2023-10-18 11:44:45,136,2023-10-18 11:30:04,485519DF2848,27.5544,37.7027,926.78,36
2023-10-18 11:54:11,137,2023-10-18 11:45:01,485519DF2848,26.2537,40.3107,928.669,37
2023-10-18 11:54:32,138,2023-10-18 11:45:00,485519DF2848,25.74,41.45,929.48,1
2023-10-18 12:00:31,139,2023-10-18 12:00:04,485519DF2848,25.4812,41.7266,929.771,24
2023-10-18 12:06:05,140,2023-10-18 12:00:00,485519DF2848,25.109,43.6954,930.205,22
2023-10-18 12:20:38,141,2023-10-18 12:15:00,485519DF2848,24.8784,44.4846,930.395,58
2023-10-18 12:29:44,142,2023-10-18 12:15:04,485519DF2848,24.6485,43.8888,930.603,36
2023-10-18 12:39:15,143,2023-10-18 12:30:03,485519DF2848,24.6513,44.5396,930.527,37
2023-10-18 12:39:36,144,2023-10-18 12:30:00,485519DF2848,24.67,44.04,930.45,2
2023-10-18 12:45:31,145,2023-10-18 12:45:03,485519DF2848,24.6217,43.9886,930.462,23
2023-10-18 12:51:04,146,2023-10-18 12:45:04,485519DF2848,24.5795,44.4617,930.393,22
2023-10-18 13:05:43,147,2023-10-18 13:00:04,485519DF2848,24.58,44.7233,930.202,58
2023-10-18 13:14:49,148,2023-10-18 13:00:04,485519DF2848,24.5827,45.1346,929.962,36
2023-10-18 13:24:14,149,2023-10-18 13:15:02,485519DF2848,24.6124,45.4023,929.798,37
2023-10-18 13:24:31,150,2023-10-18 13:15:00,485519DF2848,24.64,44.95,929.71,1
2023-10-18 13:30:26,151,2023-10-18 13:30:02,485519DF2848,24.6491,44.6862,929.645,24
2023-10-18 13:36:04,152,2023-10-18 13:30:04,485519DF2848,24.6,44.3477,929.643,22
2023-10-18 13:50:47,153,2023-10-18 13:45:04,485519DF2848,24.5266,44.4481,929.621,58
2023-10-18 13:59:53,154,2023-10-18 13:45:04,485519DF2848,24.3802,44.5421,929.69,36
2023-10-18 14:09:14,155,2023-10-18 14:00:02,485519DF2848,24.3275,44.382,929.689,37
2023-10-18 14:09:30,156,2023-10-18 14:00:03,485519DF2848,24.31,44.6,929.76,1
2023-10-18 14:15:24,157,2023-10-18 14:15:02,485519DF2848,24.2658,44.2274,929.702,24
2023-10-18 14:21:04,158,2023-10-18 14:15:03,485519DF2848,24.3113,44.4031,929.588,22
2023-10-18 14:35:47,159,2023-10-18 14:30:01,485519DF2848,24.3676,44.5277,929.415,58
2023-10-18 14:44:53,160,2023-10-18 14:30:03,485519DF2848,24.3435,44.3188,929.42,36
2023-10-18 14:54:13,161,2023-10-18 14:45:02,485519DF2848,24.3048,44.4493,929.461,37
2023-10-18 14:54:29,162,2023-10-18 14:45:03,485519DF2848,24.26,44.4,929.48,1
2023-10-18 15:00:24,163,2023-10-18 15:00:02,485519DF2848,24.2408,44.4437,929.487,24
2023-10-18 15:06:03,164,2023-10-18 15:00:02,485519DF2848,24.2872,45.884,929.436,22
2023-10-18 15:20:46,165,2023-10-18 15:15:01,485519DF2848,24.3952,45.6292,929.167,58
2023-10-18 15:29:52,166,2023-10-18 15:15:02,485519DF2848,24.5405,45.936,928.895,36
2023-10-18 15:39:13,167,2023-10-18 15:30:01,485519DF2848,24.6078,45.588,928.811,37
2023-10-18 15:39:29,168,2023-10-18 15:30:02,485519DF2848,24.7,48.9,928.77,1
2023-10-18 15:45:23,169,2023-10-18 15:45:01,485519DF2848,24.7175,47.1678,928.613,24
2023-10-18 15:51:02,170,2023-10-18 15:45:03,485519DF2848,24.7527,47.2304,928.587,22
2023-10-18 16:05:45,171,2023-10-18 16:00:02,485519DF2848,24.8321,46.3923,928.405,58
2023-10-18 16:14:51,172,2023-10-18 16:00:00,485519DF2848,24.8024,47.3391,928.411,36
2023-10-18 16:24:12,173,2023-10-18 16:15:02,485519DF2848,24.8421,46.9145,928.351,37
2023-10-18 16:24:28,174,2023-10-18 16:15:02,485519DF2848,24.64,44.8,928.72,1
2023-10-18 16:30:27,175,2023-10-18 16:30:04,485519DF2848,24.8195,47.4162,928.436,24
2023-10-18 16:36:06,176,2023-10-18 16:30:01,485519DF2848,24.874,48.9413,928.367,22
2023-10-18 16:50:50,177,2023-10-18 16:45:03,485519DF2848,24.8435,48.0849,928.451,59
2023-10-18 16:59:51,178,2023-10-18 16:45:02,485519DF2848,24.8657,48.1996,928.439,35
2023-10-18 17:09:06,179,2023-10-18 17:00:01,485519DF2848,24.8678,48.8685,928.453,37
2023-10-18 17:09:23,180,2023-10-18 17:00:01,485519DF2848,25.08,51.79,928.23,1
2023-10-18 17:15:22,181,2023-10-18 17:15:00,485519DF2848,24.8662,47.3875,928.497,24
2023-10-18 17:21:06,182,2023-10-18 17:15:00,485519DF2848,24.8941,50.5885,928.49,22
2023-10-18 17:35:49,183,2023-10-18 17:30:01,485519DF2848,24.924,49.1762,928.419,59
2023-10-18 17:44:51,184,2023-10-18 17:30:00,485519DF2848,24.7537,47.4376,928.747,35
2023-10-18 17:54:11,185,2023-10-18 17:45:04,485519DF2848,25.1272,50.4139,928.224,37
2023-10-18 17:54:27,186,2023-10-18 17:45:01,485519DF2848,24.62,45.88,929.11,1
2023-10-18 18:00:26,187,2023-10-18 18:00:03,485519DF2848,24.7816,48.2603,928.85,24
2023-10-18 18:06:10,188,2023-10-18 18:00:04,485519DF2848,25.153,51.546,928.355,23
2023-10-18 18:20:49,189,2023-10-18 18:15:00,485519DF2848,25.0806,48.6497,928.55,58
2023-10-18 18:29:44,190,2023-10-18 18:15:00,485519DF2848,25.1468,50.7013,928.594,35
2023-10-18 18:39:05,191,2023-10-18 18:30:03,485519DF2848,25.4726,52.0396,928.204,37
2023-10-18 18:39:26,192,2023-10-18 18:30:00,485519DF2848,25.62,52.54,928.01,1
2023-10-18 18:45:31,193,2023-10-18 18:45:04,485519DF2848,25.3987,48.5066,928.324,24
2023-10-18 18:51:15,194,2023-10-18 18:45:04,485519DF2848,24.8256,46.2108,929.264,23
2023-10-18 19:05:53,195,2023-10-18 19:00:02,485519DF2848,25.2238,51.5448,928.722,58
2023-10-18 19:14:44,196,2023-10-18 19:00:00,485519DF2848,25.2339,56.2387,928.802,35
2023-10-18 19:23:59,197,2023-10-18 19:15:04,485519DF2848,24.9905,55.8396,929.214,37
2023-10-18 19:24:26,198,2023-10-18 19:15:04,485519DF2848,24.87,55.63,929.5,1
2023-10-18 19:30:30,199,2023-10-18 19:30:00,485519DF2848,24.2625,46.8224,930.311,24
2023-10-18 19:36:14,200,2023-10-18 19:30:04,485519DF2848,23.8687,49.1821,931.001,23
2023-10-18 19:50:52,201,2023-10-18 19:45:03,485519DF2848,23.7144,49.0251,931.271,58
2023-10-18 19:59:48,202,2023-10-18 19:45:03,485519DF2848,23.5588,49.9547,931.567,35
2023-10-18 20:09:04,203,2023-10-18 20:00:03,485519DF2848,23.4654,50.6853,931.777,37
2023-10-18 20:09:25,204,2023-10-18 20:00:03,485519DF2848,23.43,49.97,931.83,1
2023-10-18 20:15:29,205,2023-10-18 20:15:02,485519DF2848,23.3966,49.9695,931.928,24
2023-10-18 20:21:13,206,2023-10-18 20:15:04,485519DF2848,23.3373,50.3182,932.072,23
2023-10-18 20:35:52,207,2023-10-18 20:30:02,485519DF2848,23.1385,51.2316,932.531,58
2023-10-18 20:44:47,208,2023-10-18 20:30:04,485519DF2848,22.9019,51.6253,933.024,35
2023-10-18 20:54:03,209,2023-10-18 20:45:02,485519DF2848,22.7478,52.0601,933.365,37
2023-10-18 20:54:25,210,2023-10-18 20:45:03,485519DF2848,22.66,51.75,933.49,1
2023-10-18 21:00:29,211,2023-10-18 21:00:02,485519DF2848,22.5316,51.7299,933.774,24
2023-10-18 21:06:13,212,2023-10-18 21:00:03,485519DF2848,22.3387,52.1929,934.135,23
2023-10-18 21:20:51,213,2023-10-18 21:15:03,485519DF2848,22.0234,52.0564,934.692,58
2023-10-18 21:29:47,214,2023-10-18 21:15:03,485519DF2848,21.6282,52.6102,935.399,35
2023-10-18 21:39:03,215,2023-10-18 21:30:02,485519DF2848,21.4156,53.7561,935.832,37
2023-10-18 21:39:24,216,2023-10-18 21:30:02,485519DF2848,21.29,54.2,936.02,1
2023-10-18 21:45:28,217,2023-10-18 21:45:01,485519DF2848,21.2308,54.9716,936.174,24
2023-10-18 21:51:12,218,2023-10-18 21:45:02,485519DF2848,21.0778,55.6847,936.465,23
2023-10-18 22:05:51,219,2023-10-18 22:00:02,485519DF2848,20.8213,56.9686,936.99,58
2023-10-18 22:14:46,220,2023-10-18 22:00:02,485519DF2848,20.5354,58.1693,937.48,35
2023-10-18 22:24:02,221,2023-10-18 22:15:02,485519DF2848,20.3078,58.8969,937.92,37
2023-10-18 22:24:23,222,2023-10-18 22:15:02,485519DF2848,20.23,58.77,938.09,1
2023-10-18 22:30:28,223,2023-10-18 22:30:00,485519DF2848,20.1704,58.7866,938.196,24
2023-10-18 22:36:12,224,2023-10-18 22:30:02,485519DF2848,20.0717,59.173,938.378,23
2023-10-18 22:50:50,225,2023-10-18 22:45:01,485519DF2848,19.8418,59.9344,938.761,58
2023-10-18 22:59:46,226,2023-10-18 22:45:02,485519DF2848,19.6445,60.4233,939.077,35
2023-10-18 23:09:01,227,2023-10-18 23:00:00,485519DF2848,19.4453,61.3201,939.447,37
2023-10-18 23:09:23,228,2023-10-18 23:00:01,485519DF2848,19.34,61.23,939.66,1
2023-10-18 23:15:27,229,2023-10-18 23:15:00,485519DF2848,19.3154,61.4136,939.695,24
2023-10-18 23:21:11,230,2023-10-18 23:15:01,485519DF2848,19.2161,60.7908,939.883,23
2023-10-18 23:35:49,231,2023-10-18 23:30:00,485519DF2848,19.0405,62.186,940.293,58
2023-10-18 23:44:45,232,2023-10-18 23:30:00,485519DF2848,18.8271,63.2429,940.749,35
2023-10-18 23:54:01,233,2023-10-18 23:45:00,485519DF2848,18.7402,63.5574,940.906,37
2023-10-18 23:54:22,234,2023-10-18 23:45:00,485519DF2848,18.7,63.65,941.0,1
2023-10-19 00:00:31,235,2023-10-19 00:00:04,485519DF2848,18.6824,63.1375,941.099,25
2023-10-19 00:06:15,236,2023-10-19 00:00:00,485519DF2848,18.6377,63.0217,941.229,22
2023-10-19 00:20:54,237,2023-10-19 00:15:04,485519DF2848,18.6327,61.654,941.249,58
2023-10-19 00:29:44,238,2023-10-19 00:15:00,485519DF2848,18.5294,62.0676,941.448,35
2023-10-19 00:39:00,239,2023-10-19 00:30:03,485519DF2848,18.4613,61.7423,941.572,37
2023-10-19 00:39:22,240,2023-10-19 00:30:00,485519DF2848,18.39,62.8,941.61,1
2023-10-19 00:45:32,241,2023-10-19 00:45:04,485519DF2848,18.3636,62.6107,941.75,25
2023-10-19 00:51:15,242,2023-10-19 00:45:00,485519DF2848,18.3045,62.7253,941.878,22
2023-10-19 01:05:48,243,2023-10-19 01:00:00,485519DF2848,18.1766,63.3152,942.098,58
2023-10-19 01:14:39,244,2023-10-19 01:00:00,485519DF2848,18.0271,63.5773,942.378,35
2023-10-19 01:24:00,245,2023-10-19 01:15:04,485519DF2848,18.0546,62.7596,942.396,37
2023-10-19 01:24:31,246,2023-10-19 01:15:04,485519DF2848,18.33,62.77,942.0,2
2023-10-19 01:30:40,247,2023-10-19 01:30:03,485519DF2848,18.5171,63.2991,941.657,24
2023-10-19 01:36:19,248,2023-10-19 01:30:04,485519DF2848,18.6578,62.5564,941.465,23
2023-10-19 01:50:48,249,2023-10-19 01:45:03,485519DF2848,18.5677,62.9012,941.56,57
2023-10-19 01:59:38,250,2023-10-19 01:45:04,485519DF2848,18.29,64.5607,941.978,35
2023-10-19 02:08:59,251,2023-10-19 02:00:03,485519DF2848,18.0791,64.1752,942.347,37
2023-10-19 02:09:31,252,2023-10-19 02:00:04,485519DF2848,18.12,63.88,942.28,2
2023-10-19 02:15:40,253,2023-10-19 02:15:01,485519DF2848,18.3775,64.1953,941.886,24
2023-10-19 02:21:19,254,2023-10-19 02:15:03,485519DF2848,18.6104,64.3255,941.472,23
2023-10-19 02:35:47,255,2023-10-19 02:30:02,485519DF2848,18.5345,64.1668,941.554,57
2023-10-19 02:44:38,256,2023-10-19 02:30:03,485519DF2848,18.2374,63.9758,942.029,35
2023-10-19 02:53:58,257,2023-10-19 02:45:03,485519DF2848,18.0848,63.8971,942.29,37
2023-10-19 02:54:30,258,2023-10-19 02:45:03,485519DF2848,18.295,64.05,941.89,2
2023-10-19 03:00:39,259,2023-10-19 03:00:01,485519DF2848,18.4758,64.8448,941.597,24
2023-10-19 03:06:18,260,2023-10-19 03:00:02,485519DF2848,18.563,64.9551,941.438,23
2023-10-19 03:20:47,261,2023-10-19 03:15:03,485519DF2848,18.3552,64.8512,941.755,57
2023-10-19 03:29:37,262,2023-10-19 03:15:03,485519DF2848,18.1354,65.4324,942.114,35
2023-10-19 03:38:58,263,2023-10-19 03:30:01,485519DF2848,18.5351,66.2711,941.495,37
2023-10-19 03:39:29,264,2023-10-19 03:30:02,485519DF2848,18.585,66.65,941.345,2
2023-10-19 03:45:39,265,2023-10-19 03:45:01,485519DF2848,18.5137,66.1507,941.56,24
2023-10-19 03:51:18,266,2023-10-19 03:45:03,485519DF2848,18.3382,66.4051,941.883,23
2023-10-19 04:05:46,267,2023-10-19 04:00:01,485519DF2848,18.3603,66.3979,941.888,57
2023-10-19 04:14:37,268,2023-10-19 04:00:02,485519DF2848,18.5731,66.4907,941.611,35
2023-10-19 04:23:57,269,2023-10-19 04:15:01,485519DF2848,18.3021,66.6698,942.079,37
2023-10-19 04:24:29,270,2023-10-19 04:15:02,485519DF2848,18.355,66.855,942.04,2
2023-10-19 04:30:38,271,2023-10-19 04:30:00,485519DF2848,18.4966,66.537,941.821,24
2023-10-19 04:36:17,272,2023-10-19 04:30:02,485519DF2848,18.6082,65.5347,941.697,23
2023-10-19 04:50:45,273,2023-10-19 04:45:01,485519DF2848,18.3987,66.5049,942.041,57
2023-10-19 04:59:36,274,2023-10-19 04:45:01,485519DF2848,18.6034,65.3535,941.782,35
2023-10-19 05:08:57,275,2023-10-19 05:00:01,485519DF2848,18.4724,65.7704,941.999,37
2023-10-19 05:09:28,276,2023-10-19 05:00:01,485519DF2848,18.32,66.52,942.22,2
2023-10-19 05:15:37,277,2023-10-19 05:15:00,485519DF2848,18.4062,66.5978,942.102,24
2023-10-19 05:21:16,278,2023-10-19 05:15:01,485519DF2848,18.5996,65.5947,941.837,23
2023-10-19 05:35:45,279,2023-10-19 05:30:02,485519DF2848,18.4528,65.5238,942.099,57
2023-10-19 05:44:35,280,2023-10-19 05:30:01,485519DF2848,18.4734,65.6921,942.089,35
2023-10-19 05:53:56,281,2023-10-19 05:45:00,485519DF2848,18.5229,65.248,942.008,37
2023-10-19 05:54:28,282,2023-10-19 05:45:01,485519DF2848,18.405,64.445,942.23,2
2023-10-19 06:00:42,283,2023-10-19 06:00:04,485519DF2848,18.5128,65.0031,942.111,25
2023-10-19 06:06:21,284,2023-10-19 06:00:01,485519DF2848,18.8277,64.3245,941.685,22
2023-10-19 06:20:49,285,2023-10-19 06:15:03,485519DF2848,19.0077,63.3472,941.483,57
2023-10-19 06:29:35,286,2023-10-19 06:15:00,485519DF2848,19.1631,61.4361,941.294,35
2023-10-19 06:38:50,287,2023-10-19 06:30:00,485519DF2848,19.3178,60.9015,941.138,37
2023-10-19 06:39:22,288,2023-10-19 06:30:00,485519DF2848,19.25,61.655,941.255,2
2023-10-19 06:45:41,289,2023-10-19 06:45:03,485519DF2848,19.4244,62.6915,941.017,25
2023-10-19 06:51:25,290,2023-10-19 06:45:00,485519DF2848,19.3672,58.9508,941.148,22
2023-10-19 07:05:54,291,2023-10-19 07:00:04,485519DF2848,19.5025,60.0213,941.078,58
2023-10-19 07:14:34,292,2023-10-19 07:00:00,485519DF2848,19.5659,60.5125,941.081,34
2023-10-19 07:23:50,293,2023-10-19 07:15:03,485519DF2848,19.8321,60.3558,940.709,37
2023-10-19 07:24:26,294,2023-10-19 07:15:04,485519DF2848,20.02,59.75,940.43,2
2023-10-19 07:30:46,295,2023-10-19 07:30:03,485519DF2848,20.2148,59.9739,940.139,25
2023-10-19 07:36:30,296,2023-10-19 07:30:04,485519DF2848,20.6117,60.6977,939.535,23
2023-10-19 07:50:53,297,2023-10-19 07:45:00,485519DF2848,21.4866,61.4005,938.22,57
2023-10-19 07:59:33,298,2023-10-19 07:45:03,485519DF2848,22.482,59.1375,936.809,34
2023-10-19 08:08:49,299,2023-10-19 08:00:01,485519DF2848,23.2326,57.2975,935.698,37
2023-10-19 08:09:26,300,2023-10-19 08:00:04,485519DF2848,23.645,57.965,935.04,2
2023-10-19 08:15:45,301,2023-10-19 08:15:02,485519DF2848,23.926,56.5167,934.629,25
2023-10-19 08:21:24,302,2023-10-19 08:15:00,485519DF2848,23.4645,49.7272,935.305,22
2023-10-19 08:35:47,303,2023-10-19 08:30:02,485519DF2848,23.8196,52.4986,934.868,57
2023-10-19 08:44:33,304,2023-10-19 08:30:04,485519DF2848,23.9685,50.5401,934.653,35
2023-10-19 08:53:54,305,2023-10-19 08:45:01,485519DF2848,23.9462,50.5898,934.69,37
2023-10-19 08:54:30,306,2023-10-19 08:45:03,485519DF2848,23.435,45.2,935.49,2
2023-10-19 09:00:44,307,2023-10-19 09:00:02,485519DF2848,23.9708,52.3175,934.641,25
2023-10-19 09:06:18,308,2023-10-19 09:00:00,485519DF2848,23.7218,46.8559,934.964,22
2023-10-19 09:20:42,309,2023-10-19 09:15:02,485519DF2848,23.958,49.4841,934.552,57
2023-10-19 09:29:33,310,2023-10-19 09:15:02,485519DF2848,23.9528,48.8322,934.453,35
2023-10-19 09:38:58,311,2023-10-19 09:30:01,485519DF2848,24.0727,49.7177,934.191,37
2023-10-19 09:39:35,312,2023-10-19 09:30:03,485519DF2848,24.4133,55.3033,933.683,3
2023-10-19 09:45:44,313,2023-10-19 09:45:03,485519DF2848,24.1329,48.4512,934.058,24
2023-10-19 09:51:18,314,2023-10-19 09:45:03,485519DF2848,24.2522,48.8531,933.84,22
2023-10-19 10:05:41,315,2023-10-19 10:00:00,485519DF2848,24.3246,49.3491,933.671,57
2023-10-19 10:14:32,316,2023-10-19 10:00:02,485519DF2848,24.4156,50.3785,933.487,35
2023-10-19 10:23:57,317,2023-10-19 10:15:03,485519DF2848,24.3943,47.5466,933.441,37
2023-10-19 10:24:34,318,2023-10-19 10:15:03,485519DF2848,24.3,48.5966,933.666,3
2023-10-19 10:30:44,319,2023-10-19 10:30:01,485519DF2848,24.4441,48.5086,933.373,24
2023-10-19 10:36:17,320,2023-10-19 10:30:02,485519DF2848,24.4972,48.0499,933.279,22
2023-10-19 10:50:41,321,2023-10-19 10:45:02,485519DF2848,24.5473,48.8338,933.189,57
2023-10-19 10:59:31,322,2023-10-19 10:45:03,485519DF2848,24.5248,46.6353,933.115,35
2023-10-19 11:08:57,323,2023-10-19 11:00:00,485519DF2848,24.6151,47.8099,932.9,37
2023-10-19 11:09:33,324,2023-10-19 11:00:03,485519DF2848,24.5767,44.1333,932.826,3
2023-10-19 11:15:43,325,2023-10-19 11:15:00,485519DF2848,24.5229,45.8508,932.894,24
2023-10-19 11:21:17,326,2023-10-19 11:15:01,485519DF2848,24.505,46.2236,932.832,22
2023-10-19 11:35:40,327,2023-10-19 11:30:00,485519DF2848,24.4618,45.8559,932.805,57
2023-10-19 11:44:31,328,2023-10-19 11:30:01,485519DF2848,24.4554,46.5587,932.639,35
2023-10-19 11:53:56,329,2023-10-19 11:45:00,485519DF2848,24.4224,45.5904,932.54,37
2023-10-19 11:54:33,330,2023-10-19 11:45:02,485519DF2848,24.42,44.7766,932.433,3
2023-10-19 12:00:42,331,2023-10-19 12:00:00,485519DF2848,24.4629,45.9353,932.339,24
2023-10-19 12:06:16,332,2023-10-19 12:00:01,485519DF2848,24.4731,44.9486,932.16,22
2023-10-19 12:20:39,333,2023-10-19 12:15:00,485519DF2848,24.6429,45.5656,931.765,57
2023-10-19 12:29:30,334,2023-10-19 12:15:00,485519DF2848,24.7057,44.0976,931.454,35
2023-10-19 12:39:01,335,2023-10-19 12:30:04,485519DF2848,24.7849,44.8312,931.191,38
2023-10-19 12:39:37,336,2023-10-19 12:30:00,485519DF2848,24.83,44.715,931.065,2
2023-10-19 12:45:46,337,2023-10-19 12:45:04,485519DF2848,24.807,43.9966,931.018,24
2023-10-19 12:51:15,338,2023-10-19 12:45:01,485519DF2848,24.7381,43.4695,931.035,22
2023-10-19 13:05:39,339,2023-10-19 13:00:04,485519DF2848,24.741,43.5486,930.864,57
2023-10-19 13:14:29,340,2023-10-19 13:00:01,485519DF2848,24.6722,43.3193,930.724,35
2023-10-19 13:24:00,341,2023-10-19 13:15:03,485519DF2848,24.6657,43.0764,930.624,38
2023-10-19 13:24:37,342,2023-10-19 13:15:00,485519DF2848,24.66,42.64,930.57,2
2023-10-19 13:30:46,343,2023-10-19 13:30:04,485519DF2848,24.6371,42.3691,930.546,24
2023-10-19 13:36:20,344,2023-10-19 13:30:04,485519DF2848,24.6154,42.8885,930.485,22
2023-10-19 13:50:43,345,2023-10-19 13:45:03,485519DF2848,24.602,42.3105,930.368,57
