2023-09-27 13:15:44,C4:5B:BE:E4:FE:08 data logger started
2023-09-27 14:21:51,C4:5B:BE:E4:FE:08 data logger started
2023-09-27 14:23:14,C4:5B:BE:E4:FE:08 data logger started
2023-09-27 14:23:33,C4:5B:BE:E4:FE:08 data logger started
2023-09-27 14:25:00,C4:5B:BE:E4:FE:08 data logger started
2023-09-27 14:25:02,C4:5B:BE:E4:FD:71 requested time
2023-09-27 14:25:02,C45BBEE4FE08_sys.log time sent (2023, 9, 27, 2, 14, 25, 2, 77)
2023-09-27 14:25:41,C4:5B:BE:E4:FD:71 requested time
2023-09-27 14:25:41,C45BBEE4FE08_sys.log time sent (2023, 9, 27, 2, 14, 25, 41, 77)
2023-09-27 14:28:25,48:E7:29:53:67:2E requested time
2023-09-27 14:28:25,C45BBEE4FE08_sys.log time sent (2023, 9, 27, 2, 14, 28, 25, 78)
2023-09-27 14:28:26,48:E7:29:52:E8:D2 requested time
2023-09-27 14:28:26,C45BBEE4FE08_sys.log time sent (2023, 9, 27, 2, 14, 28, 26, 78)
2023-09-27 14:28:26,C4:5B:BE:E5:00:35 requested time
2023-09-27 14:28:27,C45BBEE4FE08_sys.log time sent (2023, 9, 27, 2, 14, 28, 26, 78)
2023-09-27 14:28:27,48:55:19:DF:28:48 requested time
2023-09-27 14:28:28,C45BBEE4FE08_sys.log time sent (2023, 9, 27, 2, 14, 28, 27, 89)
2023-09-27 14:28:28,48:E7:29:52:E8:D2 requested time
2023-09-27 14:28:28,C45BBEE4FE08_sys.log time sent (2023, 9, 27, 2, 14, 28, 28, 78)
2023-09-27 14:28:29,C4:5B:BE:E5:00:35 requested time
2023-09-27 14:28:29,C45BBEE4FE08_sys.log time sent (2023, 9, 27, 2, 14, 28, 29, 78)
2023-09-27 14:28:29,48:55:19:DF:28:48 requested time
2023-09-27 14:28:30,C45BBEE4FE08_sys.log time sent (2023, 9, 27, 2, 14, 28, 29, 77)
2023-09-27 14:28:30,48:55:19:DF:28:48 requested time
2023-09-27 14:28:31,C45BBEE4FE08_sys.log time sent (2023, 9, 27, 2, 14, 28, 30, 89)
2023-09-27 14:30:03,48:E7:29:53:67:2E requested time
2023-09-27 14:30:03,C45BBEE4FE08_sys.log time sent (2023, 9, 27, 2, 14, 30, 3, 79)
2023-09-27 14:30:07,48:E7:29:52:E8:D2 requested time
2023-09-27 14:30:07,C45BBEE4FE08_sys.log time sent (2023, 9, 27, 2, 14, 30, 7, 78)
2023-09-27 14:30:08,C4:5B:BE:E5:00:35 requested time
2023-09-27 14:30:08,C45BBEE4FE08_sys.log time sent (2023, 9, 27, 2, 14, 30, 8, 78)
2023-09-27 14:30:11,48:55:19:DF:28:48 requested time
2023-09-27 14:30:11,C45BBEE4FE08_sys.log time sent (2023, 9, 27, 2, 14, 30, 11, 78)
2023-09-27 14:31:39,C4:5B:BE:E5:00:35 requested time
2023-09-27 14:31:39,C45BBEE4FE08_sys.log time sent (2023, 9, 27, 2, 14, 31, 39, 77)
2023-09-27 14:31:43,48:55:19:DF:28:48 requested time
2023-09-27 14:31:43,C45BBEE4FE08_sys.log time sent (2023, 9, 27, 2, 14, 31, 43, 78)
2023-09-27 14:31:44,48:E7:29:52:E8:D2 requested time
2023-09-27 14:31:44,C45BBEE4FE08_sys.log time sent (2023, 9, 27, 2, 14, 31, 44, 77)
2023-09-27 14:33:14,48:55:19:DF:28:48 requested time
2023-09-27 14:33:15,C45BBEE4FE08_sys.log time sent (2023, 9, 27, 2, 14, 33, 14, 77)
2023-09-27 14:36:58,C4:5B:BE:E4:FE:08 data logger started
2023-09-27 14:39:19,C4:5B:BE:E4:FE:08 data logger started
2023-09-27 14:45:09,48:E7:29:53:67:2E requested time
2023-09-27 14:45:10,C45BBEE4FE08_sys.log time sent (2023, 9, 27, 2, 14, 45, 9, 77)
2023-09-27 14:46:35,C4:5B:BE:E5:00:35 requested time
2023-09-27 14:46:35,C45BBEE4FE08_sys.log time sent (2023, 9, 27, 2, 14, 46, 35, 77)
2023-09-27 14:49:21,C4:5B:BE:E4:FE:08 data logger started
2023-09-27 14:59:59,C4:5B:BE:E5:00:35 requested time
2023-09-27 14:59:59,C45BBEE4FE08_sys.log time sent (2023, 9, 27, 2, 14, 59, 59, 77)
2023-09-27 15:00:01,48:E7:29:53:67:2E requested time
2023-09-27 15:00:01,C45BBEE4FE08_sys.log time sent (2023, 9, 27, 2, 15, 0, 1, 77)
2023-09-27 15:00:03,48:E7:29:52:E8:D2 requested time
2023-09-27 15:00:04,C45BBEE4FE08_sys.log time sent (2023, 9, 27, 2, 15, 0, 3, 78)
2023-09-27 15:01:29,48:55:19:DF:28:48 requested time
2023-09-27 15:01:30,C45BBEE4FE08_sys.log time sent (2023, 9, 27, 2, 15, 1, 29, 79)
2023-09-27 15:10:21,C4:5B:BE:E4:FE:08 data logger started
2023-09-27 15:13:17,48:55:19:DF:28:48 requested time
2023-09-27 15:13:17,C45BBEE4FE08_sys.log time sent (2023, 9, 27, 2, 15, 13, 17, 78)
2023-09-27 15:13:28,C4:5B:BE:E5:00:35 requested time
2023-09-27 15:13:29,C45BBEE4FE08_sys.log time sent (2023, 9, 27, 2, 15, 13, 28, 78)
2023-09-27 15:13:34,C4:5B:BE:E5:00:35 requested time
2023-09-27 15:13:34,C45BBEE4FE08_sys.log time sent (2023, 9, 27, 2, 15, 13, 34, 88)
2023-09-27 15:15:02,48:E7:29:53:67:2E requested time
2023-09-27 15:15:02,C45BBEE4FE08_sys.log time sent (2023, 9, 27, 2, 15, 15, 2, 78)
2023-09-27 15:15:05,48:E7:29:52:E8:D2 requested time
2023-09-27 15:15:05,C45BBEE4FE08_sys.log time sent (2023, 9, 27, 2, 15, 15, 5, 77)
2023-09-27 15:15:11,C4:5B:BE:E5:00:35 requested time
2023-09-27 15:15:11,C45BBEE4FE08_sys.log time sent (2023, 9, 27, 2, 15, 15, 11, 77)
2023-09-27 15:16:37,C4:5B:BE:E5:00:35 requested time
2023-09-27 15:16:38,C45BBEE4FE08_sys.log time sent (2023, 9, 27, 2, 15, 16, 37, 78)
2023-09-27 15:26:51,48:55:19:DF:28:48 requested time
2023-09-27 15:26:51,C45BBEE4FE08_sys.log time sent (2023, 9, 27, 2, 15, 26, 51, 78)
2023-09-27 15:28:38,48:55:19:DF:28:48 requested time
2023-09-27 15:28:39,C45BBEE4FE08_sys.log time sent (2023, 9, 27, 2, 15, 28, 38, 78)
2023-09-27 15:30:01,48:E7:29:52:E8:D2 requested time
2023-09-27 15:30:02,C45BBEE4FE08_sys.log time sent (2023, 9, 27, 2, 15, 30, 1, 78)
2023-09-27 15:30:04,48:E7:29:53:67:2E requested time
2023-09-27 15:30:04,C45BBEE4FE08_sys.log time sent (2023, 9, 27, 2, 15, 30, 4, 77)
2023-09-27 15:31:28,C4:5B:BE:E5:00:35 requested time
2023-09-27 15:31:28,C45BBEE4FE08_sys.log time sent (2023, 9, 27, 2, 15, 31, 28, 77)
2023-09-27 15:31:52,48:55:19:DF:28:48 requested time
2023-09-27 15:31:52,C45BBEE4FE08_sys.log time sent (2023, 9, 27, 2, 15, 31, 52, 77)
2023-09-27 15:33:19,48:55:19:DF:28:48 requested time
2023-09-27 15:33:19,C45BBEE4FE08_sys.log time sent (2023, 9, 27, 2, 15, 33, 19, 78)
2023-09-27 15:44:52,C4:5B:BE:E5:00:35 requested time
2023-09-27 15:44:53,C45BBEE4FE08_sys.log time sent (2023, 9, 27, 2, 15, 44, 52, 78)
2023-09-27 15:45:00,48:E7:29:53:67:2E requested time
2023-09-27 15:45:00,C45BBEE4FE08_sys.log time sent (2023, 9, 27, 2, 15, 45, 0, 78)
2023-09-27 15:45:03,48:E7:29:52:E8:D2 requested time
2023-09-27 15:45:03,C45BBEE4FE08_sys.log time sent (2023, 9, 27, 2, 15, 45, 3, 77)
2023-09-27 15:46:28,48:55:19:DF:28:48 requested time
2023-09-27 15:46:28,C45BBEE4FE08_sys.log time sent (2023, 9, 27, 2, 15, 46, 28, 88)
2023-09-27 15:58:10,48:55:19:DF:28:48 requested time
2023-09-27 15:58:10,C45BBEE4FE08_sys.log time sent (2023, 9, 27, 2, 15, 58, 10, 79)
2023-09-27 15:58:27,C4:5B:BE:E5:00:35 requested time
2023-09-27 15:58:27,C45BBEE4FE08_sys.log time sent (2023, 9, 27, 2, 15, 58, 27, 77)
2023-09-27 15:58:37,C4:5B:BE:E5:00:35 requested time
2023-09-27 15:58:37,C45BBEE4FE08_sys.log time sent (2023, 9, 27, 2, 15, 58, 37, 78)
2023-09-27 16:00:01,48:E7:29:53:67:2E requested time
2023-09-27 16:00:02,C45BBEE4FE08_sys.log time sent (2023, 9, 27, 2, 16, 0, 1, 79)
2023-09-27 16:00:04,48:E7:29:52:E8:D2 requested time
2023-09-27 16:00:04,C45BBEE4FE08_sys.log time sent (2023, 9, 27, 2, 16, 0, 4, 79)
2023-09-27 16:00:14,C4:5B:BE:E5:00:35 requested time
2023-09-27 16:00:14,C45BBEE4FE08_sys.log time sent (2023, 9, 27, 2, 16, 0, 14, 79)
2023-09-27 16:01:41,C4:5B:BE:E5:00:35 requested time
2023-09-27 16:01:41,C45BBEE4FE08_sys.log time sent (2023, 9, 27, 2, 16, 1, 41, 78)
2023-09-27 16:11:44,48:55:19:DF:28:48 requested time
2023-09-27 16:11:45,C45BBEE4FE08_sys.log time sent (2023, 9, 27, 2, 16, 11, 44, 78)
2023-09-27 16:13:37,48:55:19:DF:28:48 requested time
2023-09-27 16:13:37,C45BBEE4FE08_sys.log time sent (2023, 9, 27, 2, 16, 13, 37, 80)
2023-09-27 16:15:00,48:E7:29:52:E8:D2 requested time
2023-09-27 16:15:01,C45BBEE4FE08_sys.log time sent (2023, 9, 27, 2, 16, 15, 0, 79)
2023-09-27 16:15:03,48:E7:29:53:67:2E requested time
2023-09-27 16:15:03,C45BBEE4FE08_sys.log time sent (2023, 9, 27, 2, 16, 15, 3, 79)
2023-09-27 16:16:26,C4:5B:BE:E5:00:35 requested time
2023-09-27 16:16:27,C45BBEE4FE08_sys.log time sent (2023, 9, 27, 2, 16, 16, 26, 78)
2023-09-27 16:16:55,48:55:19:DF:28:48 requested time
2023-09-27 16:16:56,C45BBEE4FE08_sys.log time sent (2023, 9, 27, 2, 16, 16, 55, 78)
2023-09-27 16:18:22,48:55:19:DF:28:48 requested time
2023-09-27 16:18:22,C45BBEE4FE08_sys.log time sent (2023, 9, 27, 2, 16, 18, 22, 79)
2023-09-27 16:29:45,C4:5B:BE:E5:00:35 requested time
2023-09-27 16:29:46,C45BBEE4FE08_sys.log time sent (2023, 9, 27, 2, 16, 29, 45, 89)
2023-09-27 16:30:02,48:E7:29:52:E8:D2 requested time
2023-09-27 16:30:02,C45BBEE4FE08_sys.log time sent (2023, 9, 27, 2, 16, 30, 2, 79)
2023-09-27 16:30:04,48:E7:29:53:67:2E requested time
2023-09-27 16:30:05,C45BBEE4FE08_sys.log time sent (2023, 9, 27, 2, 16, 30, 4, 79)
2023-09-27 16:31:31,48:55:19:DF:28:48 requested time
2023-09-27 16:31:31,C45BBEE4FE08_sys.log time sent (2023, 9, 27, 2, 16, 31, 31, 79)
2023-09-27 16:43:13,48:55:19:DF:28:48 requested time
2023-09-27 16:43:14,C45BBEE4FE08_sys.log time sent (2023, 9, 27, 2, 16, 43, 13, 78)
2023-09-27 16:43:20,C4:5B:BE:E5:00:35 requested time
2023-09-27 16:43:20,C45BBEE4FE08_sys.log time sent (2023, 9, 27, 2, 16, 43, 20, 78)
2023-09-27 16:43:35,C4:5B:BE:E5:00:35 requested time
2023-09-27 16:43:36,C45BBEE4FE08_sys.log time sent (2023, 9, 27, 2, 16, 43, 35, 78)
2023-09-27 16:45:01,48:E7:29:53:67:2E requested time
2023-09-27 16:45:01,C45BBEE4FE08_sys.log time sent (2023, 9, 27, 2, 16, 45, 1, 78)
2023-09-27 16:45:03,48:E7:29:52:E8:D2 requested time
2023-09-27 16:45:04,C45BBEE4FE08_sys.log time sent (2023, 9, 27, 2, 16, 45, 3, 78)
2023-09-27 16:45:17,C4:5B:BE:E5:00:35 requested time
2023-09-27 16:45:18,C45BBEE4FE08_sys.log time sent (2023, 9, 27, 2, 16, 45, 17, 79)
2023-09-27 16:46:44,C4:5B:BE:E5:00:35 requested time
2023-09-27 16:46:45,C45BBEE4FE08_sys.log time sent (2023, 9, 27, 2, 16, 46, 44, 79)
2023-09-27 16:56:43,48:55:19:DF:28:48 requested time
2023-09-27 16:56:43,C45BBEE4FE08_sys.log time sent (2023, 9, 27, 2, 16, 56, 43, 80)
2023-09-27 16:58:30,48:55:19:DF:28:48 requested time
2023-09-27 16:58:30,C45BBEE4FE08_sys.log time sent (2023, 9, 27, 2, 16, 58, 30, 79)
2023-09-27 17:00:00,48:E7:29:52:E8:D2 requested time
2023-09-27 17:00:00,C45BBEE4FE08_sys.log time sent (2023, 9, 27, 2, 17, 0, 0, 79)
2023-09-27 17:00:02,48:E7:29:53:67:2E requested time
2023-09-27 17:00:02,C45BBEE4FE08_sys.log time sent (2023, 9, 27, 2, 17, 0, 2, 79)
2023-09-27 17:01:30,C4:5B:BE:E5:00:35 requested time
2023-09-27 17:01:30,C45BBEE4FE08_sys.log time sent (2023, 9, 27, 2, 17, 1, 30, 89)
2023-09-27 17:01:48,48:55:19:DF:28:48 requested time
2023-09-27 17:01:49,C45BBEE4FE08_sys.log time sent (2023, 9, 27, 2, 17, 1, 48, 78)
2023-09-27 17:03:20,48:55:19:DF:28:48 requested time
2023-09-27 17:03:21,C45BBEE4FE08_sys.log time sent (2023, 9, 27, 2, 17, 3, 20, 171)
2023-09-27 17:14:49,C4:5B:BE:E5:00:35 requested time
2023-09-27 17:14:49,C45BBEE4FE08_sys.log time sent (2023, 9, 27, 2, 17, 14, 49, 80)
2023-09-27 17:15:01,48:E7:29:52:E8:D2 requested time
2023-09-27 17:15:02,C45BBEE4FE08_sys.log time sent (2023, 9, 27, 2, 17, 15, 1, 79)
2023-09-27 17:15:04,48:E7:29:53:67:2E requested time
2023-09-27 17:15:04,C45BBEE4FE08_sys.log time sent (2023, 9, 27, 2, 17, 15, 4, 78)
2023-09-27 17:16:34,48:55:19:DF:28:48 requested time
2023-09-27 17:16:35,C45BBEE4FE08_sys.log time sent (2023, 9, 27, 2, 17, 16, 34, 80)
2023-09-27 17:28:17,48:55:19:DF:28:48 requested time
2023-09-27 17:28:17,C45BBEE4FE08_sys.log time sent (2023, 9, 27, 2, 17, 28, 17, 78)
2023-09-27 17:28:18,C4:5B:BE:E5:00:35 requested time
2023-09-27 17:28:18,C45BBEE4FE08_sys.log time sent (2023, 9, 27, 2, 17, 28, 18, 79)
2023-09-27 17:28:34,C4:5B:BE:E5:00:35 requested time
2023-09-27 17:28:34,C45BBEE4FE08_sys.log time sent (2023, 9, 27, 2, 17, 28, 34, 79)
2023-09-27 17:30:00,48:E7:29:53:67:2E requested time
2023-09-27 17:30:00,C45BBEE4FE08_sys.log time sent (2023, 9, 27, 2, 17, 30, 0, 79)
2023-09-27 17:30:03,48:E7:29:52:E8:D2 requested time
2023-09-27 17:30:03,C45BBEE4FE08_sys.log time sent (2023, 9, 27, 2, 17, 30, 3, 79)
2023-09-27 17:30:21,C4:5B:BE:E5:00:35 requested time
2023-09-27 17:30:21,C45BBEE4FE08_sys.log time sent (2023, 9, 27, 2, 17, 30, 21, 79)
2023-09-27 17:31:48,C4:5B:BE:E5:00:35 requested time
2023-09-27 17:31:48,C45BBEE4FE08_sys.log time sent (2023, 9, 27, 2, 17, 31, 48, 78)
2023-09-27 17:41:46,48:55:19:DF:28:48 requested time
2023-09-27 17:41:46,C45BBEE4FE08_sys.log time sent (2023, 9, 27, 2, 17, 41, 46, 79)
2023-09-27 17:43:33,48:55:19:DF:28:48 requested time
2023-09-27 17:43:33,C45BBEE4FE08_sys.log time sent (2023, 9, 27, 2, 17, 43, 33, 90)
2023-09-27 17:45:01,48:E7:29:53:67:2E requested time
2023-09-27 17:45:02,C45BBEE4FE08_sys.log time sent (2023, 9, 27, 2, 17, 45, 1, 79)
2023-09-27 17:45:04,48:E7:29:52:E8:D2 requested time
2023-09-27 17:45:04,C45BBEE4FE08_sys.log time sent (2023, 9, 27, 2, 17, 45, 4, 78)
2023-09-27 17:46:28,C4:5B:BE:E5:00:35 requested time
2023-09-27 17:46:28,C45BBEE4FE08_sys.log time sent (2023, 9, 27, 2, 17, 46, 28, 79)
2023-09-27 17:46:52,48:55:19:DF:28:48 requested time
2023-09-27 17:46:52,C45BBEE4FE08_sys.log time sent (2023, 9, 27, 2, 17, 46, 52, 79)
2023-09-27 17:48:24,48:55:19:DF:28:48 requested time
2023-09-27 17:48:24,C45BBEE4FE08_sys.log time sent (2023, 9, 27, 2, 17, 48, 24, 79)
2023-09-27 17:59:42,C4:5B:BE:E5:00:35 requested time
2023-09-27 17:59:43,C45BBEE4FE08_sys.log time sent (2023, 9, 27, 2, 17, 59, 42, 78)
2023-09-27 18:00:00,48:E7:29:52:E8:D2 requested time
2023-09-27 18:00:01,C45BBEE4FE08_sys.log time sent (2023, 9, 27, 2, 18, 0, 0, 79)
2023-09-27 18:00:03,48:E7:29:53:67:2E requested time
2023-09-27 18:00:03,C45BBEE4FE08_sys.log time sent (2023, 9, 27, 2, 18, 0, 3, 79)
2023-09-27 18:01:33,48:55:19:DF:28:48 requested time
2023-09-27 18:01:33,C45BBEE4FE08_sys.log time sent (2023, 9, 27, 2, 18, 1, 33, 78)
2023-09-27 18:13:10,48:55:19:DF:28:48 requested time
2023-09-27 18:13:10,C45BBEE4FE08_sys.log time sent (2023, 9, 27, 2, 18, 13, 10, 78)
2023-09-27 18:13:17,C4:5B:BE:E5:00:35 requested time
2023-09-27 18:13:17,C45BBEE4FE08_sys.log time sent (2023, 9, 27, 2, 18, 13, 17, 79)
2023-09-27 18:13:37,C4:5B:BE:E5:00:35 requested time
2023-09-27 18:13:37,C45BBEE4FE08_sys.log time sent (2023, 9, 27, 2, 18, 13, 37, 79)
2023-09-27 18:15:02,48:E7:29:52:E8:D2 requested time
2023-09-27 18:15:02,C45BBEE4FE08_sys.log time sent (2023, 9, 27, 2, 18, 15, 2, 80)
2023-09-27 18:15:04,48:E7:29:53:67:2E requested time
2023-09-27 18:15:05,C45BBEE4FE08_sys.log time sent (2023, 9, 27, 2, 18, 15, 4, 79)
2023-09-27 18:15:24,C4:5B:BE:E5:00:35 requested time
2023-09-27 18:15:25,C45BBEE4FE08_sys.log time sent (2023, 9, 27, 2, 18, 15, 24, 89)
2023-09-27 18:16:51,C4:5B:BE:E5:00:35 requested time
2023-09-27 18:16:51,C45BBEE4FE08_sys.log time sent (2023, 9, 27, 2, 18, 16, 51, 80)
2023-09-27 18:26:39,48:55:19:DF:28:48 requested time
2023-09-27 18:26:40,C45BBEE4FE08_sys.log time sent (2023, 9, 27, 2, 18, 26, 39, 78)
2023-09-27 18:28:31,48:55:19:DF:28:48 requested time
2023-09-27 18:28:32,C45BBEE4FE08_sys.log time sent (2023, 9, 27, 2, 18, 28, 31, 79)
2023-09-27 18:30:01,48:E7:29:53:67:2E requested time
2023-09-27 18:30:01,C45BBEE4FE08_sys.log time sent (2023, 9, 27, 2, 18, 30, 1, 79)
2023-09-27 18:30:03,48:E7:29:52:E8:D2 requested time
2023-09-27 18:30:04,C45BBEE4FE08_sys.log time sent (2023, 9, 27, 2, 18, 30, 3, 79)
2023-09-27 18:31:26,C4:5B:BE:E5:00:35 requested time
2023-09-27 18:31:27,C45BBEE4FE08_sys.log time sent (2023, 9, 27, 2, 18, 31, 26, 78)
2023-09-27 18:31:55,48:55:19:DF:28:48 requested time
2023-09-27 18:31:56,C45BBEE4FE08_sys.log time sent (2023, 9, 27, 2, 18, 31, 55, 79)
2023-09-27 18:33:27,48:55:19:DF:28:48 requested time
2023-09-27 18:33:27,C45BBEE4FE08_sys.log time sent (2023, 9, 27, 2, 18, 33, 27, 79)
2023-09-27 18:44:35,C4:5B:BE:E5:00:35 requested time
2023-09-27 18:44:36,C45BBEE4FE08_sys.log time sent (2023, 9, 27, 2, 18, 44, 35, 79)
2023-09-27 18:45:02,48:E7:29:53:67:2E requested time
2023-09-27 18:45:03,C45BBEE4FE08_sys.log time sent (2023, 9, 27, 2, 18, 45, 2, 79)
2023-09-27 18:45:05,48:E7:29:52:E8:D2 requested time
2023-09-27 18:45:05,C45BBEE4FE08_sys.log time sent (2023, 9, 27, 2, 18, 45, 5, 79)
2023-09-27 18:46:36,48:55:19:DF:28:48 requested time
2023-09-27 18:46:36,C45BBEE4FE08_sys.log time sent (2023, 9, 27, 2, 18, 46, 36, 79)
2023-09-27 18:58:10,C4:5B:BE:E5:00:35 requested time
2023-09-27 18:58:10,C45BBEE4FE08_sys.log time sent (2023, 9, 27, 2, 18, 58, 10, 80)
2023-09-27 18:58:13,48:55:19:DF:28:48 requested time
2023-09-27 18:58:14,C45BBEE4FE08_sys.log time sent (2023, 9, 27, 2, 18, 58, 13, 78)
2023-09-27 18:58:35,C4:5B:BE:E5:00:35 requested time
2023-09-27 18:58:36,C45BBEE4FE08_sys.log time sent (2023, 9, 27, 2, 18, 58, 35, 89)
2023-09-27 19:00:01,48:E7:29:52:E8:D2 requested time
2023-09-27 19:00:02,C45BBEE4FE08_sys.log time sent (2023, 9, 27, 2, 19, 0, 1, 79)
2023-09-27 19:00:04,48:E7:29:53:67:2E requested time
2023-09-27 19:00:04,C45BBEE4FE08_sys.log time sent (2023, 9, 27, 2, 19, 0, 4, 78)
2023-09-27 19:00:28,C4:5B:BE:E5:00:35 requested time
2023-09-27 19:00:28,C45BBEE4FE08_sys.log time sent (2023, 9, 27, 2, 19, 0, 28, 80)
2023-09-27 19:01:54,C4:5B:BE:E5:00:35 requested time
2023-09-27 19:01:55,C45BBEE4FE08_sys.log time sent (2023, 9, 27, 2, 19, 1, 54, 80)
2023-09-27 19:11:38,48:55:19:DF:28:48 requested time
2023-09-27 19:11:38,C45BBEE4FE08_sys.log time sent (2023, 9, 27, 2, 19, 11, 38, 79)
2023-09-27 19:13:25,48:55:19:DF:28:48 requested time
2023-09-27 19:13:25,C45BBEE4FE08_sys.log time sent (2023, 9, 27, 2, 19, 13, 25, 79)
2023-09-27 19:15:00,48:E7:29:53:67:2E requested time
2023-09-27 19:15:00,C45BBEE4FE08_sys.log time sent (2023, 9, 27, 2, 19, 15, 0, 79)
2023-09-27 19:15:03,48:E7:29:52:E8:D2 requested time
2023-09-27 19:15:03,C45BBEE4FE08_sys.log time sent (2023, 9, 27, 2, 19, 15, 3, 78)
2023-09-27 19:16:30,C4:5B:BE:E5:00:35 requested time
2023-09-27 19:16:30,C45BBEE4FE08_sys.log time sent (2023, 9, 27, 2, 19, 16, 30, 80)
2023-09-27 19:16:49,48:55:19:DF:28:48 requested time
2023-09-27 19:16:49,C45BBEE4FE08_sys.log time sent (2023, 9, 27, 2, 19, 16, 49, 79)
2023-09-27 19:18:25,48:55:19:DF:28:48 requested time
2023-09-27 19:18:26,C45BBEE4FE08_sys.log time sent (2023, 9, 27, 2, 19, 18, 25, 78)
2023-09-27 19:29:39,C4:5B:BE:E5:00:35 requested time
2023-09-27 19:29:39,C45BBEE4FE08_sys.log time sent (2023, 9, 27, 2, 19, 29, 39, 79)
2023-09-27 19:29:59,48:E7:29:52:E8:D2 requested time
2023-09-27 19:30:00,C45BBEE4FE08_sys.log time sent (2023, 9, 27, 2, 19, 29, 59, 79)
2023-09-27 19:30:01,48:E7:29:53:67:2E requested time
2023-09-27 19:30:02,C45BBEE4FE08_sys.log time sent (2023, 9, 27, 2, 19, 30, 1, 78)
2023-09-27 19:30:05,48:E7:29:52:E8:D2 requested time
2023-09-27 19:30:06,C45BBEE4FE08_sys.log time sent (2023, 9, 27, 2, 19, 30, 5, 89)
2023-09-27 19:31:39,48:55:19:DF:28:48 requested time
2023-09-27 19:31:40,C45BBEE4FE08_sys.log time sent (2023, 9, 27, 2, 19, 31, 39, 79)
2023-09-27 19:43:13,C4:5B:BE:E5:00:35 requested time
2023-09-27 19:43:14,C45BBEE4FE08_sys.log time sent (2023, 9, 27, 2, 19, 43, 13, 79)
2023-09-27 19:43:17,48:55:19:DF:28:48 requested time
2023-09-27 19:43:17,C45BBEE4FE08_sys.log time sent (2023, 9, 27, 2, 19, 43, 17, 79)
2023-09-27 19:43:39,C4:5B:BE:E5:00:35 requested time
2023-09-27 19:43:39,C45BBEE4FE08_sys.log time sent (2023, 9, 27, 2, 19, 43, 39, 79)
2023-09-27 19:45:02,48:E7:29:52:E8:D2 requested time
2023-09-27 19:45:02,C45BBEE4FE08_sys.log time sent (2023, 9, 27, 2, 19, 45, 2, 79)
2023-09-27 19:45:03,48:E7:29:53:67:2E requested time
2023-09-27 19:45:03,C45BBEE4FE08_sys.log time sent (2023, 9, 27, 2, 19, 45, 3, 79)
2023-09-27 19:45:26,C4:5B:BE:E5:00:35 requested time
2023-09-27 19:45:26,C45BBEE4FE08_sys.log time sent (2023, 9, 27, 2, 19, 45, 26, 80)
2023-09-27 19:46:48,C4:5B:BE:E5:00:35 requested time
2023-09-27 19:46:48,C45BBEE4FE08_sys.log time sent (2023, 9, 27, 2, 19, 46, 48, 78)
2023-09-27 19:56:41,48:55:19:DF:28:48 requested time
2023-09-27 19:56:41,C45BBEE4FE08_sys.log time sent (2023, 9, 27, 2, 19, 56, 41, 78)
2023-09-27 19:58:28,48:55:19:DF:28:48 requested time
2023-09-27 19:58:28,C45BBEE4FE08_sys.log time sent (2023, 9, 27, 2, 19, 58, 28, 78)
2023-09-27 20:00:03,48:E7:29:52:E8:D2 requested time
2023-09-27 20:00:03,C45BBEE4FE08_sys.log time sent (2023, 9, 27, 2, 20, 0, 3, 79)
2023-09-27 20:00:04,48:E7:29:53:67:2E requested time
2023-09-27 20:00:05,C45BBEE4FE08_sys.log time sent (2023, 9, 27, 2, 20, 0, 4, 80)
2023-09-27 20:01:23,C4:5B:BE:E5:00:35 requested time
2023-09-27 20:01:23,C45BBEE4FE08_sys.log time sent (2023, 9, 27, 2, 20, 1, 23, 79)
2023-09-27 20:01:52,48:55:19:DF:28:48 requested time
2023-09-27 20:01:52,C45BBEE4FE08_sys.log time sent (2023, 9, 27, 2, 20, 1, 52, 79)
2023-09-27 20:03:29,48:55:19:DF:28:48 requested time
2023-09-27 20:03:29,C45BBEE4FE08_sys.log time sent (2023, 9, 27, 2, 20, 3, 29, 88)
2023-09-27 20:14:37,C4:5B:BE:E5:00:35 requested time
2023-09-27 20:14:38,C45BBEE4FE08_sys.log time sent (2023, 9, 27, 2, 20, 14, 37, 79)
2023-09-27 20:15:05,48:E7:29:52:E8:D2 requested time
2023-09-27 20:15:05,C45BBEE4FE08_sys.log time sent (2023, 9, 27, 2, 20, 15, 5, 79)
2023-09-27 20:15:06,48:E7:29:53:67:2E requested time
2023-09-27 20:15:06,C45BBEE4FE08_sys.log time sent (2023, 9, 27, 2, 20, 15, 6, 80)
2023-09-27 20:16:38,48:55:19:DF:28:48 requested time
2023-09-27 20:16:38,C45BBEE4FE08_sys.log time sent (2023, 9, 27, 2, 20, 16, 38, 78)
2023-09-27 20:28:10,48:55:19:DF:28:48 requested time
2023-09-27 20:28:10,C45BBEE4FE08_sys.log time sent (2023, 9, 27, 2, 20, 28, 10, 79)
2023-09-27 20:28:17,C4:5B:BE:E5:00:35 requested time
2023-09-27 20:28:17,C45BBEE4FE08_sys.log time sent (2023, 9, 27, 2, 20, 28, 17, 78)
2023-09-27 20:28:42,C4:5B:BE:E5:00:35 requested time
2023-09-27 20:28:43,C45BBEE4FE08_sys.log time sent (2023, 9, 27, 2, 20, 28, 42, 79)
2023-09-27 20:30:01,48:E7:29:52:E8:D2 requested time
2023-09-27 20:30:02,C45BBEE4FE08_sys.log time sent (2023, 9, 27, 2, 20, 30, 1, 78)
2023-09-27 20:30:02,48:E7:29:53:67:2E requested time
2023-09-27 20:30:03,C45BBEE4FE08_sys.log time sent (2023, 9, 27, 2, 20, 30, 2, 79)
2023-09-27 20:30:29,C4:5B:BE:E5:00:35 requested time
2023-09-27 20:30:30,C45BBEE4FE08_sys.log time sent (2023, 9, 27, 2, 20, 30, 29, 78)
2023-09-27 20:31:51,C4:5B:BE:E5:00:35 requested time
2023-09-27 20:31:52,C45BBEE4FE08_sys.log time sent (2023, 9, 27, 2, 20, 31, 51, 80)
2023-09-27 20:41:34,48:55:19:DF:28:48 requested time
2023-09-27 20:41:35,C45BBEE4FE08_sys.log time sent (2023, 9, 27, 2, 20, 41, 34, 79)
2023-09-27 20:43:26,48:55:19:DF:28:48 requested time
2023-09-27 20:43:27,C45BBEE4FE08_sys.log time sent (2023, 9, 27, 2, 20, 43, 26, 79)
2023-09-27 20:45:03,48:E7:29:52:E8:D2 requested time
2023-09-27 20:45:03,C45BBEE4FE08_sys.log time sent (2023, 9, 27, 2, 20, 45, 3, 80)
2023-09-27 20:45:04,48:E7:29:53:67:2E requested time
2023-09-27 20:45:04,C45BBEE4FE08_sys.log time sent (2023, 9, 27, 2, 20, 45, 4, 89)
2023-09-27 20:46:27,C4:5B:BE:E5:00:35 requested time
2023-09-27 20:46:27,C45BBEE4FE08_sys.log time sent (2023, 9, 27, 2, 20, 46, 27, 79)
2023-09-27 20:46:55,48:55:19:DF:28:48 requested time
2023-09-27 20:46:56,C45BBEE4FE08_sys.log time sent (2023, 9, 27, 2, 20, 46, 55, 78)
2023-09-27 20:48:32,48:55:19:DF:28:48 requested time
2023-09-27 20:48:33,C45BBEE4FE08_sys.log time sent (2023, 9, 27, 2, 20, 48, 32, 78)
2023-09-27 20:59:41,C4:5B:BE:E5:00:35 requested time
2023-09-27 20:59:41,C45BBEE4FE08_sys.log time sent (2023, 9, 27, 2, 20, 59, 41, 78)
2023-09-27 21:00:04,48:E7:29:52:E8:D2 requested time
2023-09-27 21:00:04,C45BBEE4FE08_sys.log time sent (2023, 9, 27, 2, 21, 0, 4, 78)
2023-09-27 21:00:05,48:E7:29:53:67:2E requested time
2023-09-27 21:00:06,C45BBEE4FE08_sys.log time sent (2023, 9, 27, 2, 21, 0, 5, 78)
2023-09-27 21:01:41,48:55:19:DF:28:48 requested time
2023-09-27 21:01:41,C45BBEE4FE08_sys.log time sent (2023, 9, 27, 2, 21, 1, 41, 78)
2023-09-27 21:13:13,48:55:19:DF:28:48 requested time
2023-09-27 21:13:14,C45BBEE4FE08_sys.log time sent (2023, 9, 27, 2, 21, 13, 13, 79)
2023-09-27 21:13:15,C4:5B:BE:E5:00:35 requested time
2023-09-27 21:13:15,C45BBEE4FE08_sys.log time sent (2023, 9, 27, 2, 21, 13, 15, 79)
2023-09-27 21:13:36,C4:5B:BE:E5:00:35 requested time
2023-09-27 21:13:36,C45BBEE4FE08_sys.log time sent (2023, 9, 27, 2, 21, 13, 36, 79)
2023-09-27 21:15:06,48:E7:29:52:E8:D2 requested time
2023-09-27 21:15:06,C45BBEE4FE08_sys.log time sent (2023, 9, 27, 2, 21, 15, 6, 79)
2023-09-27 21:15:07,48:E7:29:53:67:2E requested time
2023-09-27 21:15:07,C45BBEE4FE08_sys.log time sent (2023, 9, 27, 2, 21, 15, 7, 77)
2023-09-27 21:15:23,C4:5B:BE:E5:00:35 requested time
2023-09-27 21:15:23,C45BBEE4FE08_sys.log time sent (2023, 9, 27, 2, 21, 15, 23, 77)
2023-09-27 21:16:50,C4:5B:BE:E5:00:35 requested time
2023-09-27 21:16:50,C45BBEE4FE08_sys.log time sent (2023, 9, 27, 2, 21, 16, 50, 77)
2023-09-27 21:26:32,48:55:19:DF:28:48 requested time
2023-09-27 21:26:33,C45BBEE4FE08_sys.log time sent (2023, 9, 27, 2, 21, 26, 32, 89)
2023-09-27 21:28:20,48:55:19:DF:28:48 requested time
2023-09-27 21:28:20,C45BBEE4FE08_sys.log time sent (2023, 9, 27, 2, 21, 28, 20, 77)
2023-09-27 21:30:02,48:E7:29:52:E8:D2 requested time
2023-09-27 21:30:02,C45BBEE4FE08_sys.log time sent (2023, 9, 27, 2, 21, 30, 2, 78)
2023-09-27 21:30:03,48:E7:29:53:67:2E requested time
2023-09-27 21:30:03,C45BBEE4FE08_sys.log time sent (2023, 9, 27, 2, 21, 30, 3, 77)
2023-09-27 21:31:30,C4:5B:BE:E5:00:35 requested time
2023-09-27 21:31:30,C45BBEE4FE08_sys.log time sent (2023, 9, 27, 2, 21, 31, 30, 77)
2023-09-27 21:31:49,48:55:19:DF:28:48 requested time
2023-09-27 21:31:49,C45BBEE4FE08_sys.log time sent (2023, 9, 27, 2, 21, 31, 49, 77)
2023-09-27 21:33:31,48:55:19:DF:28:48 requested time
2023-09-27 21:33:31,C45BBEE4FE08_sys.log time sent (2023, 9, 27, 2, 21, 33, 31, 78)
2023-09-27 21:44:39,C4:5B:BE:E5:00:35 requested time
2023-09-27 21:44:39,C45BBEE4FE08_sys.log time sent (2023, 9, 27, 2, 21, 44, 39, 77)
2023-09-27 21:45:03,48:E7:29:52:E8:D2 requested time
2023-09-27 21:45:04,C45BBEE4FE08_sys.log time sent (2023, 9, 27, 2, 21, 45, 3, 79)
2023-09-27 21:45:05,48:E7:29:53:67:2E requested time
2023-09-27 21:45:05,C45BBEE4FE08_sys.log time sent (2023, 9, 27, 2, 21, 45, 5, 78)
2023-09-27 21:46:45,48:55:19:DF:28:48 requested time
2023-09-27 21:46:45,C45BBEE4FE08_sys.log time sent (2023, 9, 27, 2, 21, 46, 45, 79)
2023-09-27 21:58:13,C4:5B:BE:E5:00:35 requested time
2023-09-27 21:58:14,C45BBEE4FE08_sys.log time sent (2023, 9, 27, 2, 21, 58, 13, 79)
2023-09-27 21:58:17,48:55:19:DF:28:48 requested time
2023-09-27 21:58:17,C45BBEE4FE08_sys.log time sent (2023, 9, 27, 2, 21, 58, 17, 79)
2023-09-27 21:58:39,C4:5B:BE:E5:00:35 requested time
2023-09-27 21:58:39,C45BBEE4FE08_sys.log time sent (2023, 9, 27, 2, 21, 58, 39, 78)
2023-09-27 22:00:01,48:E7:29:53:67:2E requested time
2023-09-27 22:00:01,C45BBEE4FE08_sys.log time sent (2023, 9, 27, 2, 22, 0, 1, 78)
2023-09-27 22:00:05,48:E7:29:52:E8:D2 requested time
2023-09-27 22:00:05,C45BBEE4FE08_sys.log time sent (2023, 9, 27, 2, 22, 0, 5, 89)
2023-09-27 22:00:26,C4:5B:BE:E5:00:35 requested time
2023-09-27 22:00:27,C45BBEE4FE08_sys.log time sent (2023, 9, 27, 2, 22, 0, 26, 79)
2023-09-27 22:01:48,C4:5B:BE:E5:00:35 requested time
2023-09-27 22:01:49,C45BBEE4FE08_sys.log time sent (2023, 9, 27, 2, 22, 1, 48, 77)
2023-09-27 22:11:36,48:55:19:DF:28:48 requested time
2023-09-27 22:11:36,C45BBEE4FE08_sys.log time sent (2023, 9, 27, 2, 22, 11, 36, 78)
2023-09-27 22:13:23,48:55:19:DF:28:48 requested time
2023-09-27 22:13:23,C45BBEE4FE08_sys.log time sent (2023, 9, 27, 2, 22, 13, 23, 78)
2023-09-27 22:15:01,48:E7:29:52:E8:D2 requested time
2023-09-27 22:15:02,C45BBEE4FE08_sys.log time sent (2023, 9, 27, 2, 22, 15, 1, 77)
2023-09-27 22:15:02,48:E7:29:53:67:2E requested time
2023-09-27 22:15:03,C45BBEE4FE08_sys.log time sent (2023, 9, 27, 2, 22, 15, 2, 78)
2023-09-27 22:16:23,C4:5B:BE:E5:00:35 requested time
2023-09-27 22:16:24,C45BBEE4FE08_sys.log time sent (2023, 9, 27, 2, 22, 16, 23, 77)
2023-09-27 22:16:52,48:55:19:DF:28:48 requested time
2023-09-27 22:16:52,C45BBEE4FE08_sys.log time sent (2023, 9, 27, 2, 22, 16, 52, 78)
2023-09-27 22:18:34,48:55:19:DF:28:48 requested time
2023-09-27 22:18:34,C45BBEE4FE08_sys.log time sent (2023, 9, 27, 2, 22, 18, 34, 78)
2023-09-27 22:29:37,C4:5B:BE:E5:00:35 requested time
2023-09-27 22:29:38,C45BBEE4FE08_sys.log time sent (2023, 9, 27, 2, 22, 29, 37, 78)
2023-09-27 22:30:03,48:E7:29:52:E8:D2 requested time
2023-09-27 22:30:03,C45BBEE4FE08_sys.log time sent (2023, 9, 27, 2, 22, 30, 3, 79)
2023-09-27 22:30:04,48:E7:29:53:67:2E requested time
2023-09-27 22:30:04,C45BBEE4FE08_sys.log time sent (2023, 9, 27, 2, 22, 30, 4, 77)
2023-09-27 22:31:43,48:55:19:DF:28:48 requested time
2023-09-27 22:31:43,C45BBEE4FE08_sys.log time sent (2023, 9, 27, 2, 22, 31, 43, 78)
2023-09-27 22:43:10,48:55:19:DF:28:48 requested time
2023-09-27 22:43:10,C45BBEE4FE08_sys.log time sent (2023, 9, 27, 2, 22, 43, 10, 78)
2023-09-27 22:43:17,C4:5B:BE:E5:00:35 requested time
2023-09-27 22:43:17,C45BBEE4FE08_sys.log time sent (2023, 9, 27, 2, 22, 43, 17, 88)
2023-09-27 22:43:42,C4:5B:BE:E5:00:35 requested time
2023-09-27 22:43:43,C45BBEE4FE08_sys.log time sent (2023, 9, 27, 2, 22, 43, 42, 78)
2023-09-27 22:45:00,48:E7:29:53:67:2E requested time
2023-09-27 22:45:00,C45BBEE4FE08_sys.log time sent (2023, 9, 27, 2, 22, 45, 0, 78)
2023-09-27 22:45:04,48:E7:29:52:E8:D2 requested time
2023-09-27 22:45:05,C45BBEE4FE08_sys.log time sent (2023, 9, 27, 2, 22, 45, 4, 78)
2023-09-27 22:45:30,C4:5B:BE:E5:00:35 requested time
2023-09-27 22:45:30,C45BBEE4FE08_sys.log time sent (2023, 9, 27, 2, 22, 45, 30, 77)
2023-09-27 22:46:51,C4:5B:BE:E5:00:35 requested time
2023-09-27 22:46:52,C45BBEE4FE08_sys.log time sent (2023, 9, 27, 2, 22, 46, 51, 77)
2023-09-27 22:56:29,48:55:19:DF:28:48 requested time
2023-09-27 22:56:30,C45BBEE4FE08_sys.log time sent (2023, 9, 27, 2, 22, 56, 29, 78)
2023-09-27 22:58:21,48:55:19:DF:28:48 requested time
2023-09-27 22:58:22,C45BBEE4FE08_sys.log time sent (2023, 9, 27, 2, 22, 58, 21, 77)
2023-09-27 23:00:01,48:E7:29:52:E8:D2 requested time
2023-09-27 23:00:01,C45BBEE4FE08_sys.log time sent (2023, 9, 27, 2, 23, 0, 1, 78)
2023-09-27 23:00:02,48:E7:29:53:67:2E requested time
2023-09-27 23:00:02,C45BBEE4FE08_sys.log time sent (2023, 9, 27, 2, 23, 0, 2, 77)
2023-09-27 23:01:22,C4:5B:BE:E5:00:35 requested time
2023-09-27 23:01:22,C45BBEE4FE08_sys.log time sent (2023, 9, 27, 2, 23, 1, 22, 77)
2023-09-27 23:01:55,48:55:19:DF:28:48 requested time
2023-09-27 23:01:56,C45BBEE4FE08_sys.log time sent (2023, 9, 27, 2, 23, 1, 55, 78)
2023-09-27 23:03:37,48:55:19:DF:28:48 requested time
2023-09-27 23:03:38,C45BBEE4FE08_sys.log time sent (2023, 9, 27, 2, 23, 3, 37, 78)
2023-09-27 23:14:31,C4:5B:BE:E5:00:35 requested time
2023-09-27 23:14:31,C45BBEE4FE08_sys.log time sent (2023, 9, 27, 2, 23, 14, 31, 77)
2023-09-27 23:15:02,48:E7:29:52:E8:D2 requested time
2023-09-27 23:15:02,C45BBEE4FE08_sys.log time sent (2023, 9, 27, 2, 23, 15, 2, 80)
2023-09-27 23:15:03,48:E7:29:53:67:2E requested time
2023-09-27 23:15:03,C45BBEE4FE08_sys.log time sent (2023, 9, 27, 2, 23, 15, 3, 89)
2023-09-27 23:16:46,48:55:19:DF:28:48 requested time
2023-09-27 23:16:47,C45BBEE4FE08_sys.log time sent (2023, 9, 27, 2, 23, 16, 46, 79)
2023-09-27 23:28:08,48:55:19:DF:28:48 requested time
2023-09-27 23:28:09,C45BBEE4FE08_sys.log time sent (2023, 9, 27, 2, 23, 28, 8, 78)
2023-09-27 23:28:10,C4:5B:BE:E5:00:35 requested time
2023-09-27 23:28:10,C45BBEE4FE08_sys.log time sent (2023, 9, 27, 2, 23, 28, 10, 114)
2023-09-27 23:28:41,C4:5B:BE:E5:00:35 requested time
2023-09-27 23:28:41,C45BBEE4FE08_sys.log time sent (2023, 9, 27, 2, 23, 28, 41, 77)
2023-09-27 23:29:59,48:E7:29:53:67:2E requested time
2023-09-27 23:30:00,C45BBEE4FE08_sys.log time sent (2023, 9, 27, 2, 23, 29, 59, 79)
2023-09-27 23:30:03,48:E7:29:52:E8:D2 requested time
2023-09-27 23:30:04,C45BBEE4FE08_sys.log time sent (2023, 9, 27, 2, 23, 30, 3, 78)
2023-09-27 23:30:05,48:E7:29:53:67:2E requested time
2023-09-27 23:30:06,C45BBEE4FE08_sys.log time sent (2023, 9, 27, 2, 23, 30, 5, 77)
2023-09-27 23:30:33,C4:5B:BE:E5:00:35 requested time
2023-09-27 23:30:33,C45BBEE4FE08_sys.log time sent (2023, 9, 27, 2, 23, 30, 33, 79)
2023-09-27 23:31:55,C4:5B:BE:E5:00:35 requested time
2023-09-27 23:31:55,C45BBEE4FE08_sys.log time sent (2023, 9, 27, 2, 23, 31, 55, 77)
2023-09-27 23:41:22,48:55:19:DF:28:48 requested time
2023-09-27 23:41:23,C45BBEE4FE08_sys.log time sent (2023, 9, 27, 2, 23, 41, 22, 77)
2023-09-27 23:43:15,48:55:19:DF:28:48 requested time
2023-09-27 23:43:15,C45BBEE4FE08_sys.log time sent (2023, 9, 27, 2, 23, 43, 15, 77)
2023-09-27 23:45:02,48:E7:29:53:67:2E requested time
2023-09-27 23:45:02,C45BBEE4FE08_sys.log time sent (2023, 9, 27, 2, 23, 45, 2, 77)
2023-09-27 23:45:05,48:E7:29:52:E8:D2 requested time
2023-09-27 23:45:05,C45BBEE4FE08_sys.log time sent (2023, 9, 27, 2, 23, 45, 5, 77)
2023-09-27 23:46:25,C4:5B:BE:E5:00:35 requested time
2023-09-27 23:46:25,C45BBEE4FE08_sys.log time sent (2023, 9, 27, 2, 23, 46, 25, 78)
2023-09-27 23:46:54,48:55:19:DF:28:48 requested time
2023-09-27 23:46:54,C45BBEE4FE08_sys.log time sent (2023, 9, 27, 2, 23, 46, 54, 131)
2023-09-27 23:48:41,48:55:19:DF:28:48 requested time
2023-09-27 23:48:41,C45BBEE4FE08_sys.log time sent (2023, 9, 27, 2, 23, 48, 41, 88)
2023-09-27 23:59:34,C4:5B:BE:E5:00:35 requested time
2023-09-27 23:59:34,C45BBEE4FE08_sys.log time sent (2023, 9, 27, 2, 23, 59, 34, 89)
2023-09-28 00:00:01,48:E7:29:52:E8:D2 requested time
2023-09-28 00:00:02,C45BBEE4FE08_sys.log time sent (2023, 9, 28, 3, 0, 0, 1, 89)
2023-09-28 00:00:03,48:E7:29:53:67:2E requested time
2023-09-28 00:00:04,C45BBEE4FE08_sys.log time sent (2023, 9, 28, 3, 0, 0, 3, 89)
2023-09-28 00:01:50,48:55:19:DF:28:48 requested time
2023-09-28 00:01:50,C45BBEE4FE08_sys.log time sent (2023, 9, 28, 3, 0, 1, 50, 89)
2023-09-28 00:13:08,C4:5B:BE:E5:00:35 requested time
2023-09-28 00:13:09,C45BBEE4FE08_sys.log time sent (2023, 9, 28, 3, 0, 13, 8, 89)
2023-09-28 00:13:12,48:55:19:DF:28:48 requested time
2023-09-28 00:13:12,C45BBEE4FE08_sys.log time sent (2023, 9, 28, 3, 0, 13, 12, 88)
2023-09-28 00:13:39,C4:5B:BE:E5:00:35 requested time
2023-09-28 00:13:40,C45BBEE4FE08_sys.log time sent (2023, 9, 28, 3, 0, 13, 39, 89)
2023-09-28 00:15:00,48:E7:29:53:67:2E requested time
2023-09-28 00:15:00,C45BBEE4FE08_sys.log time sent (2023, 9, 28, 3, 0, 15, 0, 89)
2023-09-28 00:15:03,48:E7:29:52:E8:D2 requested time
2023-09-28 00:15:03,C45BBEE4FE08_sys.log time sent (2023, 9, 28, 3, 0, 15, 3, 88)
2023-09-28 00:15:31,C4:5B:BE:E5:00:35 requested time
2023-09-28 00:15:32,C45BBEE4FE08_sys.log time sent (2023, 9, 28, 3, 0, 15, 31, 88)
2023-09-28 00:16:53,C4:5B:BE:E5:00:35 requested time
2023-09-28 00:16:53,C45BBEE4FE08_sys.log time sent (2023, 9, 28, 3, 0, 16, 53, 88)
2023-09-28 00:26:26,48:55:19:DF:28:48 requested time
2023-09-28 00:26:26,C45BBEE4FE08_sys.log time sent (2023, 9, 28, 3, 0, 26, 26, 89)
2023-09-28 00:28:18,48:55:19:DF:28:48 requested time
2023-09-28 00:28:18,C45BBEE4FE08_sys.log time sent (2023, 9, 28, 3, 0, 28, 18, 88)
2023-09-28 00:30:01,48:E7:29:53:67:2E requested time
2023-09-28 00:30:02,C45BBEE4FE08_sys.log time sent (2023, 9, 28, 3, 0, 30, 1, 98)
2023-09-28 00:30:04,48:E7:29:52:E8:D2 requested time
2023-09-28 00:30:05,C45BBEE4FE08_sys.log time sent (2023, 9, 28, 3, 0, 30, 4, 88)
2023-09-28 00:31:23,C4:5B:BE:E5:00:35 requested time
2023-09-28 00:31:24,C45BBEE4FE08_sys.log time sent (2023, 9, 28, 3, 0, 31, 23, 88)
2023-09-28 00:31:57,48:55:19:DF:28:48 requested time
2023-09-28 00:31:58,C45BBEE4FE08_sys.log time sent (2023, 9, 28, 3, 0, 31, 57, 88)
2023-09-28 00:33:39,48:55:19:DF:28:48 requested time
2023-09-28 00:33:40,C45BBEE4FE08_sys.log time sent (2023, 9, 28, 3, 0, 33, 39, 98)
2023-09-28 00:44:32,C4:5B:BE:E5:00:35 requested time
2023-09-28 00:44:33,C45BBEE4FE08_sys.log time sent (2023, 9, 28, 3, 0, 44, 32, 88)
2023-09-28 00:45:01,48:E7:29:52:E8:D2 requested time
2023-09-28 00:45:01,C45BBEE4FE08_sys.log time sent (2023, 9, 28, 3, 0, 45, 1, 88)
2023-09-28 00:45:03,48:E7:29:53:67:2E requested time
2023-09-28 00:45:03,C45BBEE4FE08_sys.log time sent (2023, 9, 28, 3, 0, 45, 3, 90)
2023-09-28 00:46:43,48:55:19:DF:28:48 requested time
2023-09-28 00:46:43,C45BBEE4FE08_sys.log time sent (2023, 9, 28, 3, 0, 46, 43, 88)
2023-09-28 00:58:05,48:55:19:DF:28:48 requested time
2023-09-28 00:58:05,C45BBEE4FE08_sys.log time sent (2023, 9, 28, 3, 0, 58, 5, 89)
2023-09-28 00:58:12,C4:5B:BE:E5:00:35 requested time
2023-09-28 00:58:12,C45BBEE4FE08_sys.log time sent (2023, 9, 28, 3, 0, 58, 12, 89)
2023-09-28 00:58:43,C4:5B:BE:E5:00:35 requested time
2023-09-28 00:58:43,C45BBEE4FE08_sys.log time sent (2023, 9, 28, 3, 0, 58, 43, 89)
2023-09-28 01:00:02,48:E7:29:52:E8:D2 requested time
2023-09-28 01:00:02,C45BBEE4FE08_sys.log time sent (2023, 9, 28, 3, 1, 0, 2, 88)
2023-09-28 01:00:04,48:E7:29:53:67:2E requested time
2023-09-28 01:00:05,C45BBEE4FE08_sys.log time sent (2023, 9, 28, 3, 1, 0, 4, 89)
2023-09-28 01:00:35,C4:5B:BE:E5:00:35 requested time
2023-09-28 01:00:35,C45BBEE4FE08_sys.log time sent (2023, 9, 28, 3, 1, 0, 35, 90)
2023-09-28 01:01:57,C4:5B:BE:E5:00:35 requested time
2023-09-28 01:01:57,C45BBEE4FE08_sys.log time sent (2023, 9, 28, 3, 1, 1, 57, 90)
2023-09-28 01:11:24,48:55:19:DF:28:48 requested time
2023-09-28 01:11:25,C45BBEE4FE08_sys.log time sent (2023, 9, 28, 3, 1, 11, 24, 89)
2023-09-28 01:13:22,48:55:19:DF:28:48 requested time
2023-09-28 01:13:22,C45BBEE4FE08_sys.log time sent (2023, 9, 28, 3, 1, 13, 22, 90)
2023-09-28 01:15:01,48:E7:29:53:67:2E requested time
2023-09-28 01:15:01,C45BBEE4FE08_sys.log time sent (2023, 9, 28, 3, 1, 15, 1, 88)
2023-09-28 01:15:04,48:E7:29:52:E8:D2 requested time
2023-09-28 01:15:04,C45BBEE4FE08_sys.log time sent (2023, 9, 28, 3, 1, 15, 4, 100)
2023-09-28 01:16:22,C4:5B:BE:E5:00:35 requested time
2023-09-28 01:16:22,C45BBEE4FE08_sys.log time sent (2023, 9, 28, 3, 1, 16, 22, 88)
2023-09-28 01:17:01,48:55:19:DF:28:48 requested time
2023-09-28 01:17:01,C45BBEE4FE08_sys.log time sent (2023, 9, 28, 3, 1, 17, 1, 89)
2023-09-28 01:18:43,48:55:19:DF:28:48 requested time
2023-09-28 01:18:43,C45BBEE4FE08_sys.log time sent (2023, 9, 28, 3, 1, 18, 43, 89)
2023-09-28 01:29:26,C4:5B:BE:E5:00:35 requested time
2023-09-28 01:29:26,C45BBEE4FE08_sys.log time sent (2023, 9, 28, 3, 1, 29, 26, 89)
2023-09-28 01:30:00,48:E7:29:52:E8:D2 requested time
2023-09-28 01:30:00,C45BBEE4FE08_sys.log time sent (2023, 9, 28, 3, 1, 30, 0, 90)
2023-09-28 01:30:02,48:E7:29:53:67:2E requested time
2023-09-28 01:30:02,C45BBEE4FE08_sys.log time sent (2023, 9, 28, 3, 1, 30, 2, 90)
2023-09-28 01:31:41,48:55:19:DF:28:48 requested time
2023-09-28 01:31:42,C45BBEE4FE08_sys.log time sent (2023, 9, 28, 3, 1, 31, 41, 88)
2023-09-28 01:42:58,48:55:19:DF:28:48 requested time
2023-09-28 01:42:59,C45BBEE4FE08_sys.log time sent (2023, 9, 28, 3, 1, 42, 58, 89)
2023-09-28 01:43:05,C4:5B:BE:E5:00:35 requested time
2023-09-28 01:43:05,C45BBEE4FE08_sys.log time sent (2023, 9, 28, 3, 1, 43, 5, 91)
2023-09-28 01:43:41,C4:5B:BE:E5:00:35 requested time
2023-09-28 01:43:41,C45BBEE4FE08_sys.log time sent (2023, 9, 28, 3, 1, 43, 41, 89)
2023-09-28 01:45:01,48:E7:29:52:E8:D2 requested time
2023-09-28 01:45:02,C45BBEE4FE08_sys.log time sent (2023, 9, 28, 3, 1, 45, 1, 89)
2023-09-28 01:45:03,48:E7:29:53:67:2E requested time
2023-09-28 01:45:04,C45BBEE4FE08_sys.log time sent (2023, 9, 28, 3, 1, 45, 3, 89)
2023-09-28 01:45:38,C4:5B:BE:E5:00:35 requested time
2023-09-28 01:45:39,C45BBEE4FE08_sys.log time sent (2023, 9, 28, 3, 1, 45, 38, 89)
2023-09-28 01:47:00,C4:5B:BE:E5:00:35 requested time
2023-09-28 01:47:00,C45BBEE4FE08_sys.log time sent (2023, 9, 28, 3, 1, 47, 0, 89)
2023-09-28 01:56:17,48:55:19:DF:28:48 requested time
2023-09-28 01:56:18,C45BBEE4FE08_sys.log time sent (2023, 9, 28, 3, 1, 56, 17, 100)
2023-09-28 01:58:20,48:55:19:DF:28:48 requested time
2023-09-28 01:58:20,C45BBEE4FE08_sys.log time sent (2023, 9, 28, 3, 1, 58, 20, 88)
2023-09-28 02:00:03,48:E7:29:52:E8:D2 requested time
2023-09-28 02:00:03,C45BBEE4FE08_sys.log time sent (2023, 9, 28, 3, 2, 0, 3, 88)
2023-09-28 02:00:05,48:E7:29:53:67:2E requested time
2023-09-28 02:00:05,C45BBEE4FE08_sys.log time sent (2023, 9, 28, 3, 2, 0, 5, 88)
2023-09-28 02:01:25,C4:5B:BE:E5:00:35 requested time
2023-09-28 02:01:26,C45BBEE4FE08_sys.log time sent (2023, 9, 28, 3, 2, 1, 25, 98)
2023-09-28 02:02:04,48:55:19:DF:28:48 requested time
2023-09-28 02:02:04,C45BBEE4FE08_sys.log time sent (2023, 9, 28, 3, 2, 2, 4, 90)
2023-09-28 02:03:46,48:55:19:DF:28:48 requested time
2023-09-28 02:03:46,C45BBEE4FE08_sys.log time sent (2023, 9, 28, 3, 2, 3, 46, 90)
2023-09-28 02:14:29,C4:5B:BE:E5:00:35 requested time
2023-09-28 02:14:29,C45BBEE4FE08_sys.log time sent (2023, 9, 28, 3, 2, 14, 29, 90)
2023-09-28 02:15:01,48:E7:29:53:67:2E requested time
2023-09-28 02:15:02,C45BBEE4FE08_sys.log time sent (2023, 9, 28, 3, 2, 15, 1, 89)
2023-09-28 02:15:04,48:E7:29:52:E8:D2 requested time
2023-09-28 02:15:05,C45BBEE4FE08_sys.log time sent (2023, 9, 28, 3, 2, 15, 4, 90)
2023-09-28 02:16:45,48:55:19:DF:28:48 requested time
2023-09-28 02:16:45,C45BBEE4FE08_sys.log time sent (2023, 9, 28, 3, 2, 16, 45, 89)
2023-09-28 02:28:02,48:55:19:DF:28:48 requested time
2023-09-28 02:28:02,C45BBEE4FE08_sys.log time sent (2023, 9, 28, 3, 2, 28, 2, 89)
2023-09-28 02:28:03,C4:5B:BE:E5:00:35 requested time
2023-09-28 02:28:04,C45BBEE4FE08_sys.log time sent (2023, 9, 28, 3, 2, 28, 3, 91)
2023-09-28 02:28:39,C4:5B:BE:E5:00:35 requested time
2023-09-28 02:28:40,C45BBEE4FE08_sys.log time sent (2023, 9, 28, 3, 2, 28, 39, 89)
2023-09-28 02:30:01,48:E7:29:52:E8:D2 requested time
2023-09-28 02:30:01,C45BBEE4FE08_sys.log time sent (2023, 9, 28, 3, 2, 30, 1, 92)
2023-09-28 02:30:03,48:E7:29:53:67:2E requested time
2023-09-28 02:30:03,C45BBEE4FE08_sys.log time sent (2023, 9, 28, 3, 2, 30, 3, 89)
2023-09-28 02:30:37,C4:5B:BE:E5:00:35 requested time
2023-09-28 02:30:37,C45BBEE4FE08_sys.log time sent (2023, 9, 28, 3, 2, 30, 37, 89)
2023-09-28 02:31:58,C4:5B:BE:E5:00:35 requested time
2023-09-28 02:31:59,C45BBEE4FE08_sys.log time sent (2023, 9, 28, 3, 2, 31, 58, 90)
2023-09-28 02:41:21,48:55:19:DF:28:48 requested time
2023-09-28 02:41:21,C45BBEE4FE08_sys.log time sent (2023, 9, 28, 3, 2, 41, 21, 89)
2023-09-28 02:43:23,48:55:19:DF:28:48 requested time
2023-09-28 02:43:24,C45BBEE4FE08_sys.log time sent (2023, 9, 28, 3, 2, 43, 23, 99)
2023-09-28 02:45:02,48:E7:29:52:E8:D2 requested time
2023-09-28 02:45:03,C45BBEE4FE08_sys.log time sent (2023, 9, 28, 3, 2, 45, 2, 89)
2023-09-28 02:45:04,48:E7:29:53:67:2E requested time
2023-09-28 02:45:05,C45BBEE4FE08_sys.log time sent (2023, 9, 28, 3, 2, 45, 4, 90)
2023-09-28 02:46:24,C4:5B:BE:E5:00:35 requested time
2023-09-28 02:46:24,C45BBEE4FE08_sys.log time sent (2023, 9, 28, 3, 2, 46, 24, 91)
2023-09-28 02:47:02,48:55:19:DF:28:48 requested time
2023-09-28 02:47:03,C45BBEE4FE08_sys.log time sent (2023, 9, 28, 3, 2, 47, 2, 78)
2023-09-28 02:48:44,48:55:19:DF:28:48 requested time
2023-09-28 02:48:45,C45BBEE4FE08_sys.log time sent (2023, 9, 28, 3, 2, 48, 44, 90)
2023-09-28 02:59:27,C4:5B:BE:E5:00:35 requested time
2023-09-28 02:59:28,C45BBEE4FE08_sys.log time sent (2023, 9, 28, 3, 2, 59, 27, 90)
2023-09-28 03:00:04,48:E7:29:52:E8:D2 requested time
2023-09-28 03:00:04,C45BBEE4FE08_sys.log time sent (2023, 9, 28, 3, 3, 0, 4, 92)
2023-09-28 03:00:06,48:E7:29:53:67:2E requested time
2023-09-28 03:00:06,C45BBEE4FE08_sys.log time sent (2023, 9, 28, 3, 3, 0, 6, 90)
2023-09-28 03:01:43,48:55:19:DF:28:48 requested time
2023-09-28 03:01:43,C45BBEE4FE08_sys.log time sent (2023, 9, 28, 3, 3, 1, 43, 89)
2023-09-28 03:13:00,48:55:19:DF:28:48 requested time
2023-09-28 03:13:00,C45BBEE4FE08_sys.log time sent (2023, 9, 28, 3, 3, 13, 0, 90)
2023-09-28 03:13:07,C4:5B:BE:E5:00:35 requested time
2023-09-28 03:13:07,C45BBEE4FE08_sys.log time sent (2023, 9, 28, 3, 3, 13, 7, 90)
2023-09-28 03:13:43,C4:5B:BE:E5:00:35 requested time
2023-09-28 03:13:43,C45BBEE4FE08_sys.log time sent (2023, 9, 28, 3, 3, 13, 43, 91)
2023-09-28 03:15:02,48:E7:29:53:67:2E requested time
2023-09-28 03:15:03,C45BBEE4FE08_sys.log time sent (2023, 9, 28, 3, 3, 15, 2, 90)
2023-09-28 03:15:05,48:E7:29:52:E8:D2 requested time
2023-09-28 03:15:06,C45BBEE4FE08_sys.log time sent (2023, 9, 28, 3, 3, 15, 5, 90)
2023-09-28 03:15:40,C4:5B:BE:E5:00:35 requested time
2023-09-28 03:15:40,C45BBEE4FE08_sys.log time sent (2023, 9, 28, 3, 3, 15, 40, 100)
2023-09-28 03:17:02,C4:5B:BE:E5:00:35 requested time
2023-09-28 03:17:02,C45BBEE4FE08_sys.log time sent (2023, 9, 28, 3, 3, 17, 2, 89)
2023-09-28 03:26:19,48:55:19:DF:28:48 requested time
2023-09-28 03:26:20,C45BBEE4FE08_sys.log time sent (2023, 9, 28, 3, 3, 26, 19, 89)
2023-09-28 03:28:22,48:55:19:DF:28:48 requested time
2023-09-28 03:28:22,C45BBEE4FE08_sys.log time sent (2023, 9, 28, 3, 3, 28, 22, 90)
2023-09-28 03:30:02,48:E7:29:52:E8:D2 requested time
2023-09-28 03:30:02,C45BBEE4FE08_sys.log time sent (2023, 9, 28, 3, 3, 30, 2, 100)
2023-09-28 03:30:04,48:E7:29:53:67:2E requested time
2023-09-28 03:30:04,C45BBEE4FE08_sys.log time sent (2023, 9, 28, 3, 3, 30, 4, 90)
2023-09-28 03:31:22,C4:5B:BE:E5:00:35 requested time
2023-09-28 03:31:22,C45BBEE4FE08_sys.log time sent (2023, 9, 28, 3, 3, 31, 22, 90)
2023-09-28 03:32:06,48:55:19:DF:28:48 requested time
2023-09-28 03:32:06,C45BBEE4FE08_sys.log time sent (2023, 9, 28, 3, 3, 32, 6, 90)
2023-09-28 03:33:48,48:55:19:DF:28:48 requested time
2023-09-28 03:33:48,C45BBEE4FE08_sys.log time sent (2023, 9, 28, 3, 3, 33, 48, 89)
2023-09-28 03:44:21,C4:5B:BE:E5:00:35 requested time
2023-09-28 03:44:21,C45BBEE4FE08_sys.log time sent (2023, 9, 28, 3, 3, 44, 21, 90)
2023-09-28 03:45:00,48:E7:29:53:67:2E requested time
2023-09-28 03:45:00,C45BBEE4FE08_sys.log time sent (2023, 9, 28, 3, 3, 45, 0, 90)
2023-09-28 03:45:03,48:E7:29:52:E8:D2 requested time
2023-09-28 03:45:03,C45BBEE4FE08_sys.log time sent (2023, 9, 28, 3, 3, 45, 3, 90)
2023-09-28 03:46:41,48:55:19:DF:28:48 requested time
2023-09-28 03:46:42,C45BBEE4FE08_sys.log time sent (2023, 9, 28, 3, 3, 46, 41, 90)
2023-09-28 03:57:53,48:55:19:DF:28:48 requested time
2023-09-28 03:57:54,C45BBEE4FE08_sys.log time sent (2023, 9, 28, 3, 3, 57, 53, 90)
2023-09-28 03:58:00,C4:5B:BE:E5:00:35 requested time
2023-09-28 03:58:00,C45BBEE4FE08_sys.log time sent (2023, 9, 28, 3, 3, 58, 0, 90)
2023-09-28 03:58:41,C4:5B:BE:E5:00:35 requested time
2023-09-28 03:58:41,C45BBEE4FE08_sys.log time sent (2023, 9, 28, 3, 3, 58, 41, 89)
2023-09-28 04:00:01,48:E7:29:53:67:2E requested time
2023-09-28 04:00:02,C45BBEE4FE08_sys.log time sent (2023, 9, 28, 3, 4, 0, 1, 89)
2023-09-28 04:00:05,48:E7:29:52:E8:D2 requested time
2023-09-28 04:00:05,C45BBEE4FE08_sys.log time sent (2023, 9, 28, 3, 4, 0, 5, 90)
2023-09-28 04:00:43,C4:5B:BE:E5:00:35 requested time
2023-09-28 04:00:44,C45BBEE4FE08_sys.log time sent (2023, 9, 28, 3, 4, 0, 43, 89)
2023-09-28 04:02:05,C4:5B:BE:E5:00:35 requested time
2023-09-28 04:02:06,C45BBEE4FE08_sys.log time sent (2023, 9, 28, 3, 4, 2, 5, 102)
2023-09-28 04:11:12,48:55:19:DF:28:48 requested time
2023-09-28 04:11:13,C45BBEE4FE08_sys.log time sent (2023, 9, 28, 3, 4, 11, 12, 90)
2023-09-28 04:13:20,48:55:19:DF:28:48 requested time
2023-09-28 04:13:20,C45BBEE4FE08_sys.log time sent (2023, 9, 28, 3, 4, 13, 20, 91)
2023-09-28 04:15:01,48:E7:29:52:E8:D2 requested time
2023-09-28 04:15:01,C45BBEE4FE08_sys.log time sent (2023, 9, 28, 3, 4, 15, 1, 91)
2023-09-28 04:15:03,48:E7:29:53:67:2E requested time
2023-09-28 04:15:03,C45BBEE4FE08_sys.log time sent (2023, 9, 28, 3, 4, 15, 3, 100)
2023-09-28 04:16:25,C4:5B:BE:E5:00:35 requested time
2023-09-28 04:16:26,C45BBEE4FE08_sys.log time sent (2023, 9, 28, 3, 4, 16, 25, 89)
2023-09-28 04:17:09,48:55:19:DF:28:48 requested time
2023-09-28 04:17:10,C45BBEE4FE08_sys.log time sent (2023, 9, 28, 3, 4, 17, 9, 90)
2023-09-28 04:18:51,48:55:19:DF:28:48 requested time
2023-09-28 04:18:52,C45BBEE4FE08_sys.log time sent (2023, 9, 28, 3, 4, 18, 51, 90)
2023-09-28 04:29:24,C4:5B:BE:E5:00:35 requested time
2023-09-28 04:29:24,C45BBEE4FE08_sys.log time sent (2023, 9, 28, 3, 4, 29, 24, 89)
2023-09-28 04:29:59,48:E7:29:53:67:2E requested time
2023-09-28 04:30:00,C45BBEE4FE08_sys.log time sent (2023, 9, 28, 3, 4, 29, 59, 90)
2023-09-28 04:30:02,48:E7:29:52:E8:D2 requested time
2023-09-28 04:30:03,C45BBEE4FE08_sys.log time sent (2023, 9, 28, 3, 4, 30, 2, 90)
2023-09-28 04:30:05,48:E7:29:53:67:2E requested time
2023-09-28 04:30:06,C45BBEE4FE08_sys.log time sent (2023, 9, 28, 3, 4, 30, 5, 90)
2023-09-28 04:31:45,48:55:19:DF:28:48 requested time
2023-09-28 04:31:45,C45BBEE4FE08_sys.log time sent (2023, 9, 28, 3, 4, 31, 45, 89)
2023-09-28 04:42:57,48:55:19:DF:28:48 requested time
2023-09-28 04:42:57,C45BBEE4FE08_sys.log time sent (2023, 9, 28, 3, 4, 42, 57, 89)
2023-09-28 04:42:58,C4:5B:BE:E5:00:35 requested time
2023-09-28 04:42:59,C45BBEE4FE08_sys.log time sent (2023, 9, 28, 3, 4, 42, 58, 141)
2023-09-28 04:43:39,C4:5B:BE:E5:00:35 requested time
2023-09-28 04:43:40,C45BBEE4FE08_sys.log time sent (2023, 9, 28, 3, 4, 43, 39, 99)
2023-09-28 04:45:02,48:E7:29:53:67:2E requested time
2023-09-28 04:45:02,C45BBEE4FE08_sys.log time sent (2023, 9, 28, 3, 4, 45, 2, 89)
2023-09-28 04:45:04,48:E7:29:52:E8:D2 requested time
2023-09-28 04:45:04,C45BBEE4FE08_sys.log time sent (2023, 9, 28, 3, 4, 45, 4, 90)
2023-09-28 04:45:42,C4:5B:BE:E5:00:35 requested time
2023-09-28 04:45:42,C45BBEE4FE08_sys.log time sent (2023, 9, 28, 3, 4, 45, 42, 91)
2023-09-28 04:47:04,C4:5B:BE:E5:00:35 requested time
2023-09-28 04:47:04,C45BBEE4FE08_sys.log time sent (2023, 9, 28, 3, 4, 47, 4, 101)
2023-09-28 04:56:16,48:55:19:DF:28:48 requested time
2023-09-28 04:56:16,C45BBEE4FE08_sys.log time sent (2023, 9, 28, 3, 4, 56, 16, 89)
2023-09-28 04:58:23,48:55:19:DF:28:48 requested time
2023-09-28 04:58:24,C45BBEE4FE08_sys.log time sent (2023, 9, 28, 3, 4, 58, 23, 89)
2023-09-28 05:00:00,48:E7:29:52:E8:D2 requested time
2023-09-28 05:00:01,C45BBEE4FE08_sys.log time sent (2023, 9, 28, 3, 5, 0, 0, 89)
2023-09-28 05:00:03,48:E7:29:53:67:2E requested time
2023-09-28 05:00:04,C45BBEE4FE08_sys.log time sent (2023, 9, 28, 3, 5, 0, 3, 89)
2023-09-28 05:01:24,C4:5B:BE:E5:00:35 requested time
2023-09-28 05:01:24,C45BBEE4FE08_sys.log time sent (2023, 9, 28, 3, 5, 1, 24, 90)
2023-09-28 05:02:08,48:55:19:DF:28:48 requested time
2023-09-28 05:02:08,C45BBEE4FE08_sys.log time sent (2023, 9, 28, 3, 5, 2, 8, 89)
2023-09-28 05:03:50,48:55:19:DF:28:48 requested time
2023-09-28 05:03:50,C45BBEE4FE08_sys.log time sent (2023, 9, 28, 3, 5, 3, 50, 90)
2023-09-28 05:14:22,C4:5B:BE:E5:00:35 requested time
2023-09-28 05:14:23,C45BBEE4FE08_sys.log time sent (2023, 9, 28, 3, 5, 14, 22, 91)
2023-09-28 05:15:02,48:E7:29:52:E8:D2 requested time
2023-09-28 05:15:02,C45BBEE4FE08_sys.log time sent (2023, 9, 28, 3, 5, 15, 2, 91)
2023-09-28 05:15:05,48:E7:29:53:67:2E requested time
2023-09-28 05:15:05,C45BBEE4FE08_sys.log time sent (2023, 9, 28, 3, 5, 15, 5, 90)
2023-09-28 05:16:43,48:55:19:DF:28:48 requested time
2023-09-28 05:16:44,C45BBEE4FE08_sys.log time sent (2023, 9, 28, 3, 5, 16, 43, 89)
2023-09-28 05:27:55,48:55:19:DF:28:48 requested time
2023-09-28 05:27:55,C45BBEE4FE08_sys.log time sent (2023, 9, 28, 3, 5, 27, 55, 90)
2023-09-28 05:28:02,C4:5B:BE:E5:00:35 requested time
2023-09-28 05:28:02,C45BBEE4FE08_sys.log time sent (2023, 9, 28, 3, 5, 28, 2, 89)
2023-09-28 05:28:43,C4:5B:BE:E5:00:35 requested time
2023-09-28 05:28:43,C45BBEE4FE08_sys.log time sent (2023, 9, 28, 3, 5, 28, 43, 90)
2023-09-28 05:30:01,48:E7:29:53:67:2E requested time
2023-09-28 05:30:01,C45BBEE4FE08_sys.log time sent (2023, 9, 28, 3, 5, 30, 1, 101)
2023-09-28 05:30:04,48:E7:29:52:E8:D2 requested time
2023-09-28 05:30:04,C45BBEE4FE08_sys.log time sent (2023, 9, 28, 3, 5, 30, 4, 91)
2023-09-28 05:30:45,C4:5B:BE:E5:00:35 requested time
2023-09-28 05:30:46,C45BBEE4FE08_sys.log time sent (2023, 9, 28, 3, 5, 30, 45, 90)
2023-09-28 05:32:07,C4:5B:BE:E5:00:35 requested time
2023-09-28 05:32:07,C45BBEE4FE08_sys.log time sent (2023, 9, 28, 3, 5, 32, 7, 90)
2023-09-28 05:41:14,48:55:19:DF:28:48 requested time
2023-09-28 05:41:15,C45BBEE4FE08_sys.log time sent (2023, 9, 28, 3, 5, 41, 14, 101)
2023-09-28 05:43:22,48:55:19:DF:28:48 requested time
2023-09-28 05:43:22,C45BBEE4FE08_sys.log time sent (2023, 9, 28, 3, 5, 43, 22, 89)
2023-09-28 05:45:00,48:E7:29:52:E8:D2 requested time
2023-09-28 05:45:00,C45BBEE4FE08_sys.log time sent (2023, 9, 28, 3, 5, 45, 0, 89)
2023-09-28 05:45:03,48:E7:29:53:67:2E requested time
2023-09-28 05:45:03,C45BBEE4FE08_sys.log time sent (2023, 9, 28, 3, 5, 45, 3, 90)
2023-09-28 05:46:22,C4:5B:BE:E5:00:35 requested time
2023-09-28 05:46:22,C45BBEE4FE08_sys.log time sent (2023, 9, 28, 3, 5, 46, 22, 90)
2023-09-28 05:47:11,48:55:19:DF:28:48 requested time
2023-09-28 05:47:11,C45BBEE4FE08_sys.log time sent (2023, 9, 28, 3, 5, 47, 11, 89)
2023-09-28 05:48:53,48:55:19:DF:28:48 requested time
2023-09-28 05:48:53,C45BBEE4FE08_sys.log time sent (2023, 9, 28, 3, 5, 48, 53, 90)
2023-09-28 05:59:21,C4:5B:BE:E5:00:35 requested time
2023-09-28 05:59:21,C45BBEE4FE08_sys.log time sent (2023, 9, 28, 3, 5, 59, 21, 89)
2023-09-28 06:00:04,48:E7:29:53:67:2E requested time
2023-09-28 06:00:04,C45BBEE4FE08_sys.log time sent (2023, 9, 28, 3, 6, 0, 4, 90)
2023-09-28 06:00:07,48:E7:29:52:E8:D2 requested time
2023-09-28 06:00:07,C45BBEE4FE08_sys.log time sent (2023, 9, 28, 3, 6, 0, 7, 91)
2023-09-28 06:01:47,48:55:19:DF:28:48 requested time
2023-09-28 06:01:47,C45BBEE4FE08_sys.log time sent (2023, 9, 28, 3, 6, 1, 47, 89)
2023-09-28 06:12:59,48:55:19:DF:28:48 requested time
2023-09-28 06:12:59,C45BBEE4FE08_sys.log time sent (2023, 9, 28, 3, 6, 12, 59, 89)
2023-09-28 06:13:05,C4:5B:BE:E5:00:35 requested time
2023-09-28 06:13:06,C45BBEE4FE08_sys.log time sent (2023, 9, 28, 3, 6, 13, 5, 90)
2023-09-28 06:13:46,C4:5B:BE:E5:00:35 requested time
2023-09-28 06:13:47,C45BBEE4FE08_sys.log time sent (2023, 9, 28, 3, 6, 13, 46, 89)
2023-09-28 06:15:03,48:E7:29:52:E8:D2 requested time
2023-09-28 06:15:03,C45BBEE4FE08_sys.log time sent (2023, 9, 28, 3, 6, 15, 3, 89)
2023-09-28 06:15:06,48:E7:29:53:67:2E requested time
2023-09-28 06:15:06,C45BBEE4FE08_sys.log time sent (2023, 9, 28, 3, 6, 15, 6, 99)
2023-09-28 06:15:44,C4:5B:BE:E5:00:35 requested time
2023-09-28 06:15:44,C45BBEE4FE08_sys.log time sent (2023, 9, 28, 3, 6, 15, 44, 89)
2023-09-28 06:17:00,C4:5B:BE:E5:00:35 requested time
2023-09-28 06:17:01,C45BBEE4FE08_sys.log time sent (2023, 9, 28, 3, 6, 17, 0, 89)
2023-09-28 06:26:13,48:55:19:DF:28:48 requested time
2023-09-28 06:26:13,C45BBEE4FE08_sys.log time sent (2023, 9, 28, 3, 6, 26, 13, 90)
2023-09-28 06:28:15,48:55:19:DF:28:48 requested time
2023-09-28 06:28:15,C45BBEE4FE08_sys.log time sent (2023, 9, 28, 3, 6, 28, 15, 89)
2023-09-28 06:30:02,48:E7:29:53:67:2E requested time
2023-09-28 06:30:02,C45BBEE4FE08_sys.log time sent (2023, 9, 28, 3, 6, 30, 2, 89)
2023-09-28 06:30:04,48:E7:29:52:E8:D2 requested time
2023-09-28 06:30:05,C45BBEE4FE08_sys.log time sent (2023, 9, 28, 3, 6, 30, 4, 89)
2023-09-28 06:31:20,C4:5B:BE:E5:00:35 requested time
2023-09-28 06:31:21,C45BBEE4FE08_sys.log time sent (2023, 9, 28, 3, 6, 31, 20, 90)
2023-09-28 06:32:04,48:55:19:DF:28:48 requested time
2023-09-28 06:32:05,C45BBEE4FE08_sys.log time sent (2023, 9, 28, 3, 6, 32, 4, 89)
2023-09-28 06:33:51,48:55:19:DF:28:48 requested time
2023-09-28 06:33:52,C45BBEE4FE08_sys.log time sent (2023, 9, 28, 3, 6, 33, 51, 89)
2023-09-28 06:44:24,C4:5B:BE:E5:00:35 requested time
2023-09-28 06:44:25,C45BBEE4FE08_sys.log time sent (2023, 9, 28, 3, 6, 44, 24, 89)
2023-09-28 06:45:03,48:E7:29:53:67:2E requested time
2023-09-28 06:45:04,C45BBEE4FE08_sys.log time sent (2023, 9, 28, 3, 6, 45, 3, 88)
2023-09-28 06:45:06,48:E7:29:52:E8:D2 requested time
2023-09-28 06:45:06,C45BBEE4FE08_sys.log time sent (2023, 9, 28, 3, 6, 45, 6, 89)
2023-09-28 06:46:50,48:55:19:DF:28:48 requested time
2023-09-28 06:46:50,C45BBEE4FE08_sys.log time sent (2023, 9, 28, 3, 6, 46, 50, 90)
2023-09-28 06:58:02,48:55:19:DF:28:48 requested time
2023-09-28 06:58:02,C45BBEE4FE08_sys.log time sent (2023, 9, 28, 3, 6, 58, 2, 90)
2023-09-28 06:58:09,C4:5B:BE:E5:00:35 requested time
2023-09-28 06:58:09,C45BBEE4FE08_sys.log time sent (2023, 9, 28, 3, 6, 58, 9, 101)
2023-09-28 06:58:50,C4:5B:BE:E5:00:35 requested time
2023-09-28 06:58:50,C45BBEE4FE08_sys.log time sent (2023, 9, 28, 3, 6, 58, 50, 89)
2023-09-28 07:00:02,48:E7:29:52:E8:D2 requested time
2023-09-28 07:00:03,C45BBEE4FE08_sys.log time sent (2023, 9, 28, 3, 7, 0, 2, 89)
2023-09-28 07:00:05,48:E7:29:53:67:2E requested time
2023-09-28 07:00:05,C45BBEE4FE08_sys.log time sent (2023, 9, 28, 3, 7, 0, 5, 90)
2023-09-28 07:00:42,C4:5B:BE:E5:00:35 requested time
2023-09-28 07:00:42,C45BBEE4FE08_sys.log time sent (2023, 9, 28, 3, 7, 0, 42, 101)
2023-09-28 07:01:54,C4:5B:BE:E5:00:35 requested time
2023-09-28 07:01:54,C45BBEE4FE08_sys.log time sent (2023, 9, 28, 3, 7, 1, 54, 90)
2023-09-28 07:11:16,48:55:19:DF:28:48 requested time
2023-09-28 07:11:16,C45BBEE4FE08_sys.log time sent (2023, 9, 28, 3, 7, 11, 16, 89)
2023-09-28 07:13:18,48:55:19:DF:28:48 requested time
2023-09-28 07:13:19,C45BBEE4FE08_sys.log time sent (2023, 9, 28, 3, 7, 13, 18, 89)
2023-09-28 07:15:04,48:E7:29:52:E8:D2 requested time
2023-09-28 07:15:04,C45BBEE4FE08_sys.log time sent (2023, 9, 28, 3, 7, 15, 4, 90)
2023-09-28 07:15:06,48:E7:29:53:67:2E requested time
2023-09-28 07:15:07,C45BBEE4FE08_sys.log time sent (2023, 9, 28, 3, 7, 15, 6, 89)
2023-09-28 07:16:14,C4:5B:BE:E5:00:35 requested time
2023-09-28 07:16:14,C45BBEE4FE08_sys.log time sent (2023, 9, 28, 3, 7, 16, 14, 89)
2023-09-28 07:17:03,48:55:19:DF:28:48 requested time
2023-09-28 07:17:03,C45BBEE4FE08_sys.log time sent (2023, 9, 28, 3, 7, 17, 3, 88)
2023-09-28 07:18:50,48:55:19:DF:28:48 requested time
2023-09-28 07:18:50,C45BBEE4FE08_sys.log time sent (2023, 9, 28, 3, 7, 18, 50, 89)
2023-09-28 07:29:23,C4:5B:BE:E5:00:35 requested time
2023-09-28 07:29:23,C45BBEE4FE08_sys.log time sent (2023, 9, 28, 3, 7, 29, 23, 89)
2023-09-28 07:30:05,48:E7:29:52:E8:D2 requested time
2023-09-28 07:30:06,C45BBEE4FE08_sys.log time sent (2023, 9, 28, 3, 7, 30, 5, 88)
2023-09-28 07:30:08,48:E7:29:53:67:2E requested time
2023-09-28 07:30:08,C45BBEE4FE08_sys.log time sent (2023, 9, 28, 3, 7, 30, 8, 90)
2023-09-28 07:31:53,48:55:19:DF:28:48 requested time
2023-09-28 07:31:54,C45BBEE4FE08_sys.log time sent (2023, 9, 28, 3, 7, 31, 53, 88)
2023-09-28 07:43:10,48:55:19:DF:28:48 requested time
2023-09-28 07:43:11,C45BBEE4FE08_sys.log time sent (2023, 9, 28, 3, 7, 43, 10, 88)
2023-09-28 07:43:17,C4:5B:BE:E5:00:35 requested time
2023-09-28 07:43:18,C45BBEE4FE08_sys.log time sent (2023, 9, 28, 3, 7, 43, 17, 88)
2023-09-28 07:43:58,C4:5B:BE:E5:00:35 requested time
2023-09-28 07:43:59,C45BBEE4FE08_sys.log time sent (2023, 9, 28, 3, 7, 43, 58, 98)
2023-09-28 07:45:09,48:E7:29:53:67:2E requested time
2023-09-28 07:45:10,C45BBEE4FE08_sys.log time sent (2023, 9, 28, 3, 7, 45, 9, 88)
2023-09-28 07:45:12,48:E7:29:52:E8:D2 requested time
2023-09-28 07:45:12,C45BBEE4FE08_sys.log time sent (2023, 9, 28, 3, 7, 45, 12, 88)
2023-09-28 07:45:45,C4:5B:BE:E5:00:35 requested time
2023-09-28 07:45:46,C45BBEE4FE08_sys.log time sent (2023, 9, 28, 3, 7, 45, 45, 88)
2023-09-28 07:46:52,C4:5B:BE:E5:00:35 requested time
2023-09-28 07:46:52,C45BBEE4FE08_sys.log time sent (2023, 9, 28, 3, 7, 46, 52, 88)
2023-09-28 07:56:19,48:55:19:DF:28:48 requested time
2023-09-28 07:56:20,C45BBEE4FE08_sys.log time sent (2023, 9, 28, 3, 7, 56, 19, 88)
2023-09-28 07:58:12,48:55:19:DF:28:48 requested time
2023-09-28 07:58:12,C45BBEE4FE08_sys.log time sent (2023, 9, 28, 3, 7, 58, 12, 91)
2023-09-28 07:59:58,48:E7:29:52:E8:D2 requested time
2023-09-28 07:59:58,C45BBEE4FE08_sys.log time sent (2023, 9, 28, 3, 7, 59, 58, 88)
2023-09-28 08:00:01,48:E7:29:53:67:2E requested time
2023-09-28 08:00:01,C45BBEE4FE08_sys.log time sent (2023, 9, 28, 3, 8, 0, 1, 88)
2023-09-28 08:00:04,48:E7:29:52:E8:D2 requested time
2023-09-28 08:00:04,C45BBEE4FE08_sys.log time sent (2023, 9, 28, 3, 8, 0, 4, 89)
2023-09-28 08:01:07,C4:5B:BE:E5:00:35 requested time
2023-09-28 08:01:07,C45BBEE4FE08_sys.log time sent (2023, 9, 28, 3, 8, 1, 7, 88)
2023-09-28 08:01:56,48:55:19:DF:28:48 requested time
2023-09-28 08:01:56,C45BBEE4FE08_sys.log time sent (2023, 9, 28, 3, 8, 1, 56, 88)
2023-09-28 08:03:48,48:55:19:DF:28:48 requested time
2023-09-28 08:03:48,C45BBEE4FE08_sys.log time sent (2023, 9, 28, 3, 8, 3, 48, 88)
2023-09-28 08:14:16,C4:5B:BE:E5:00:35 requested time
2023-09-28 08:14:16,C45BBEE4FE08_sys.log time sent (2023, 9, 28, 3, 8, 14, 16, 89)
2023-09-28 08:15:02,48:E7:29:53:67:2E requested time
2023-09-28 08:15:02,C45BBEE4FE08_sys.log time sent (2023, 9, 28, 3, 8, 15, 2, 88)
2023-09-28 08:15:05,48:E7:29:52:E8:D2 requested time
2023-09-28 08:15:06,C45BBEE4FE08_sys.log time sent (2023, 9, 28, 3, 8, 15, 5, 99)
2023-09-28 08:16:52,48:55:19:DF:28:48 requested time
2023-09-28 08:16:52,C45BBEE4FE08_sys.log time sent (2023, 9, 28, 3, 8, 16, 52, 89)
2023-09-28 08:28:04,48:55:19:DF:28:48 requested time
2023-09-28 08:28:04,C45BBEE4FE08_sys.log time sent (2023, 9, 28, 3, 8, 28, 4, 90)
2023-09-28 08:28:11,C4:5B:BE:E5:00:35 requested time
2023-09-28 08:28:11,C45BBEE4FE08_sys.log time sent (2023, 9, 28, 3, 8, 28, 11, 88)
2023-09-28 08:28:57,C4:5B:BE:E5:00:35 requested time
2023-09-28 08:28:57,C45BBEE4FE08_sys.log time sent (2023, 9, 28, 3, 8, 28, 57, 98)
2023-09-28 08:30:02,48:E7:29:52:E8:D2 requested time
2023-09-28 08:30:02,C45BBEE4FE08_sys.log time sent (2023, 9, 28, 3, 8, 30, 2, 88)
2023-09-28 08:30:04,48:E7:29:53:67:2E requested time
2023-09-28 08:30:04,C45BBEE4FE08_sys.log time sent (2023, 9, 28, 3, 8, 30, 4, 90)
2023-09-28 08:30:49,C4:5B:BE:E5:00:35 requested time
2023-09-28 08:30:49,C45BBEE4FE08_sys.log time sent (2023, 9, 28, 3, 8, 30, 49, 88)
2023-09-28 08:31:55,C4:5B:BE:E5:00:35 requested time
2023-09-28 08:31:56,C45BBEE4FE08_sys.log time sent (2023, 9, 28, 3, 8, 31, 55, 89)
2023-09-28 08:41:13,48:55:19:DF:28:48 requested time
2023-09-28 08:41:13,C45BBEE4FE08_sys.log time sent (2023, 9, 28, 3, 8, 41, 13, 91)
2023-09-28 08:43:10,48:55:19:DF:28:48 requested time
2023-09-28 08:43:10,C45BBEE4FE08_sys.log time sent (2023, 9, 28, 3, 8, 43, 10, 90)
2023-09-28 08:45:00,48:E7:29:53:67:2E requested time
2023-09-28 08:45:00,C45BBEE4FE08_sys.log time sent (2023, 9, 28, 3, 8, 45, 0, 88)
2023-09-28 08:45:03,48:E7:29:52:E8:D2 requested time
2023-09-28 08:45:04,C45BBEE4FE08_sys.log time sent (2023, 9, 28, 3, 8, 45, 3, 88)
2023-09-28 08:46:10,C4:5B:BE:E5:00:35 requested time
2023-09-28 08:46:11,C45BBEE4FE08_sys.log time sent (2023, 9, 28, 3, 8, 46, 10, 88)
2023-09-28 08:46:59,48:55:19:DF:28:48 requested time
2023-09-28 08:46:59,C45BBEE4FE08_sys.log time sent (2023, 9, 28, 3, 8, 46, 59, 88)
2023-09-28 08:48:51,48:55:19:DF:28:48 requested time
2023-09-28 08:48:52,C45BBEE4FE08_sys.log time sent (2023, 9, 28, 3, 8, 48, 51, 90)
2023-09-28 08:59:19,C4:5B:BE:E5:00:35 requested time
2023-09-28 08:59:20,C45BBEE4FE08_sys.log time sent (2023, 9, 28, 3, 8, 59, 19, 88)
2023-09-28 09:00:01,48:E7:29:53:67:2E requested time
2023-09-28 09:00:02,C45BBEE4FE08_sys.log time sent (2023, 9, 28, 3, 9, 0, 1, 88)
2023-09-28 09:00:05,48:E7:29:52:E8:D2 requested time
2023-09-28 09:00:05,C45BBEE4FE08_sys.log time sent (2023, 9, 28, 3, 9, 0, 5, 88)
2023-09-28 09:01:55,48:55:19:DF:28:48 requested time
2023-09-28 09:01:56,C45BBEE4FE08_sys.log time sent (2023, 9, 28, 3, 9, 1, 55, 99)
2023-09-28 09:13:07,48:55:19:DF:28:48 requested time
2023-09-28 09:13:07,C45BBEE4FE08_sys.log time sent (2023, 9, 28, 3, 9, 13, 7, 88)
2023-09-28 09:13:14,C4:5B:BE:E5:00:35 requested time
2023-09-28 09:13:14,C45BBEE4FE08_sys.log time sent (2023, 9, 28, 3, 9, 13, 14, 89)
2023-09-28 09:14:00,C4:5B:BE:E5:00:35 requested time
2023-09-28 09:14:00,C45BBEE4FE08_sys.log time sent (2023, 9, 28, 3, 9, 14, 0, 88)
2023-09-28 09:15:01,48:E7:29:52:E8:D2 requested time
2023-09-28 09:15:01,C45BBEE4FE08_sys.log time sent (2023, 9, 28, 3, 9, 15, 1, 78)
2023-09-28 09:15:03,48:E7:29:53:67:2E requested time
2023-09-28 09:15:03,C45BBEE4FE08_sys.log time sent (2023, 9, 28, 3, 9, 15, 3, 89)
2023-09-28 09:15:47,C4:5B:BE:E5:00:35 requested time
2023-09-28 09:15:48,C45BBEE4FE08_sys.log time sent (2023, 9, 28, 3, 9, 15, 47, 89)
2023-09-28 09:16:49,C4:5B:BE:E5:00:35 requested time
2023-09-28 09:16:49,C45BBEE4FE08_sys.log time sent (2023, 9, 28, 3, 9, 16, 49, 88)
2023-09-28 09:26:16,48:55:19:DF:28:48 requested time
2023-09-28 09:26:16,C45BBEE4FE08_sys.log time sent (2023, 9, 28, 3, 9, 26, 16, 88)
2023-09-28 09:28:13,48:55:19:DF:28:48 requested time
2023-09-28 09:28:14,C45BBEE4FE08_sys.log time sent (2023, 9, 28, 3, 9, 28, 13, 89)
2023-09-28 09:30:03,48:E7:29:52:E8:D2 requested time
2023-09-28 09:30:03,C45BBEE4FE08_sys.log time sent (2023, 9, 28, 3, 9, 30, 3, 88)
2023-09-28 09:30:04,48:E7:29:53:67:2E requested time
2023-09-28 09:30:05,C45BBEE4FE08_sys.log time sent (2023, 9, 28, 3, 9, 30, 4, 89)
2023-09-28 09:31:04,C4:5B:BE:E5:00:35 requested time
2023-09-28 09:31:04,C45BBEE4FE08_sys.log time sent (2023, 9, 28, 3, 9, 31, 4, 88)
2023-09-28 09:31:57,48:55:19:DF:28:48 requested time
2023-09-28 09:31:58,C45BBEE4FE08_sys.log time sent (2023, 9, 28, 3, 9, 31, 57, 89)
2023-09-28 09:33:45,48:55:19:DF:28:48 requested time
2023-09-28 09:33:45,C45BBEE4FE08_sys.log time sent (2023, 9, 28, 3, 9, 33, 45, 89)
2023-09-28 09:44:18,C4:5B:BE:E5:00:35 requested time
2023-09-28 09:44:18,C45BBEE4FE08_sys.log time sent (2023, 9, 28, 3, 9, 44, 18, 99)
2023-09-28 09:45:01,48:E7:29:53:67:2E requested time
2023-09-28 09:45:01,C45BBEE4FE08_sys.log time sent (2023, 9, 28, 3, 9, 45, 1, 88)
2023-09-28 09:45:04,48:E7:29:52:E8:D2 requested time
2023-09-28 09:45:04,C45BBEE4FE08_sys.log time sent (2023, 9, 28, 3, 9, 45, 4, 88)
2023-09-28 09:46:48,48:55:19:DF:28:48 requested time
2023-09-28 09:46:49,C45BBEE4FE08_sys.log time sent (2023, 9, 28, 3, 9, 46, 48, 88)
2023-09-28 09:58:05,48:55:19:DF:28:48 requested time
2023-09-28 09:58:06,C45BBEE4FE08_sys.log time sent (2023, 9, 28, 3, 9, 58, 5, 204)
2023-09-28 09:58:17,C4:5B:BE:E5:00:35 requested time
2023-09-28 09:58:18,C45BBEE4FE08_sys.log time sent (2023, 9, 28, 3, 9, 58, 17, 88)
2023-09-28 09:59:04,C4:5B:BE:E5:00:35 requested time
2023-09-28 09:59:04,C45BBEE4FE08_sys.log time sent (2023, 9, 28, 3, 9, 59, 4, 88)
2023-09-28 10:00:02,48:E7:29:53:67:2E requested time
2023-09-28 10:00:03,C45BBEE4FE08_sys.log time sent (2023, 9, 28, 3, 10, 0, 2, 88)
2023-09-28 10:00:06,48:E7:29:52:E8:D2 requested time
2023-09-28 10:00:06,C45BBEE4FE08_sys.log time sent (2023, 9, 28, 3, 10, 0, 6, 89)
2023-09-28 10:00:51,C4:5B:BE:E5:00:35 requested time
2023-09-28 10:00:51,C45BBEE4FE08_sys.log time sent (2023, 9, 28, 3, 10, 0, 51, 89)
2023-09-28 10:01:47,C4:5B:BE:E5:00:35 requested time
2023-09-28 10:01:47,C45BBEE4FE08_sys.log time sent (2023, 9, 28, 3, 10, 1, 47, 89)
2023-09-28 10:11:19,48:55:19:DF:28:48 requested time
2023-09-28 10:11:20,C45BBEE4FE08_sys.log time sent (2023, 9, 28, 3, 10, 11, 19, 88)
2023-09-28 10:13:17,48:55:19:DF:28:48 requested time
2023-09-28 10:13:17,C45BBEE4FE08_sys.log time sent (2023, 9, 28, 3, 10, 13, 17, 89)
2023-09-28 10:15:04,48:E7:29:53:67:2E requested time
2023-09-28 10:15:04,C45BBEE4FE08_sys.log time sent (2023, 9, 28, 3, 10, 15, 4, 90)
2023-09-28 10:15:07,48:E7:29:52:E8:D2 requested time
2023-09-28 10:15:07,C45BBEE4FE08_sys.log time sent (2023, 9, 28, 3, 10, 15, 7, 91)
2023-09-28 10:15:57,C4:5B:BE:E5:00:35 requested time
2023-09-28 10:15:57,C45BBEE4FE08_sys.log time sent (2023, 9, 28, 3, 10, 15, 57, 89)
2023-09-28 10:17:01,48:55:19:DF:28:48 requested time
2023-09-28 10:17:01,C45BBEE4FE08_sys.log time sent (2023, 9, 28, 3, 10, 17, 1, 89)
2023-09-28 10:18:48,48:55:19:DF:28:48 requested time
2023-09-28 10:18:48,C45BBEE4FE08_sys.log time sent (2023, 9, 28, 3, 10, 18, 48, 88)
2023-09-28 10:29:11,C4:5B:BE:E5:00:35 requested time
2023-09-28 10:29:11,C45BBEE4FE08_sys.log time sent (2023, 9, 28, 3, 10, 29, 11, 88)
2023-09-28 10:30:00,48:E7:29:53:67:2E requested time
2023-09-28 10:30:00,C45BBEE4FE08_sys.log time sent (2023, 9, 28, 3, 10, 30, 0, 98)
2023-09-28 10:30:03,48:E7:29:52:E8:D2 requested time
2023-09-28 10:30:04,C45BBEE4FE08_sys.log time sent (2023, 9, 28, 3, 10, 30, 3, 89)
2023-09-28 10:31:52,48:55:19:DF:28:48 requested time
2023-09-28 10:31:52,C45BBEE4FE08_sys.log time sent (2023, 9, 28, 3, 10, 31, 52, 89)
2023-09-28 10:43:04,48:55:19:DF:28:48 requested time
2023-09-28 10:43:04,C45BBEE4FE08_sys.log time sent (2023, 9, 28, 3, 10, 43, 4, 88)
2023-09-28 10:43:16,C4:5B:BE:E5:00:35 requested time
2023-09-28 10:43:16,C45BBEE4FE08_sys.log time sent (2023, 9, 28, 3, 10, 43, 16, 89)
2023-09-28 10:44:07,C4:5B:BE:E5:00:35 requested time
2023-09-28 10:44:07,C45BBEE4FE08_sys.log time sent (2023, 9, 28, 3, 10, 44, 7, 88)
2023-09-28 10:45:02,48:E7:29:53:67:2E requested time
2023-09-28 10:45:02,C45BBEE4FE08_sys.log time sent (2023, 9, 28, 3, 10, 45, 2, 88)
2023-09-28 10:45:05,48:E7:29:52:E8:D2 requested time
2023-09-28 10:45:05,C45BBEE4FE08_sys.log time sent (2023, 9, 28, 3, 10, 45, 5, 88)
2023-09-28 10:45:54,C4:5B:BE:E5:00:35 requested time
2023-09-28 10:45:54,C45BBEE4FE08_sys.log time sent (2023, 9, 28, 3, 10, 45, 54, 89)
2023-09-28 10:46:50,C4:5B:BE:E5:00:35 requested time
2023-09-28 10:46:51,C45BBEE4FE08_sys.log time sent (2023, 9, 28, 3, 10, 46, 50, 88)
2023-09-28 10:56:13,48:55:19:DF:28:48 requested time
2023-09-28 10:56:13,C45BBEE4FE08_sys.log time sent (2023, 9, 28, 3, 10, 56, 13, 89)
2023-09-28 10:58:10,48:55:19:DF:28:48 requested time
2023-09-28 10:58:10,C45BBEE4FE08_sys.log time sent (2023, 9, 28, 3, 10, 58, 10, 88)
2023-09-28 11:00:01,48:E7:29:52:E8:D2 requested time
2023-09-28 11:00:02,C45BBEE4FE08_sys.log time sent (2023, 9, 28, 3, 11, 0, 1, 89)
2023-09-28 11:00:03,48:E7:29:53:67:2E requested time
2023-09-28 11:00:03,C45BBEE4FE08_sys.log time sent (2023, 9, 28, 3, 11, 0, 3, 88)
2023-09-28 11:01:00,C4:5B:BE:E5:00:35 requested time
2023-09-28 11:01:01,C45BBEE4FE08_sys.log time sent (2023, 9, 28, 3, 11, 1, 0, 88)
2023-09-28 11:01:59,48:55:19:DF:28:48 requested time
2023-09-28 11:02:00,C45BBEE4FE08_sys.log time sent (2023, 9, 28, 3, 11, 1, 59, 99)
2023-09-28 11:03:51,48:55:19:DF:28:48 requested time
2023-09-28 11:03:52,C45BBEE4FE08_sys.log time sent (2023, 9, 28, 3, 11, 3, 51, 89)
2023-09-28 11:14:14,C4:5B:BE:E5:00:35 requested time
2023-09-28 11:14:15,C45BBEE4FE08_sys.log time sent (2023, 9, 28, 3, 11, 14, 14, 88)
2023-09-28 11:15:04,48:E7:29:53:67:2E requested time
2023-09-28 11:15:05,C45BBEE4FE08_sys.log time sent (2023, 9, 28, 3, 11, 15, 4, 89)
2023-09-28 11:15:08,48:E7:29:52:E8:D2 requested time
2023-09-28 11:15:08,C45BBEE4FE08_sys.log time sent (2023, 9, 28, 3, 11, 15, 8, 90)
2023-09-28 11:16:55,48:55:19:DF:28:48 requested time
2023-09-28 11:16:56,C45BBEE4FE08_sys.log time sent (2023, 9, 28, 3, 11, 16, 55, 88)
2023-09-28 11:28:07,48:55:19:DF:28:48 requested time
2023-09-28 11:28:07,C45BBEE4FE08_sys.log time sent (2023, 9, 28, 3, 11, 28, 7, 89)
2023-09-28 11:28:19,C4:5B:BE:E5:00:35 requested time
2023-09-28 11:28:20,C45BBEE4FE08_sys.log time sent (2023, 9, 28, 3, 11, 28, 19, 88)
2023-09-28 11:29:05,C4:5B:BE:E5:00:35 requested time
2023-09-28 11:29:06,C45BBEE4FE08_sys.log time sent (2023, 9, 28, 3, 11, 29, 5, 89)
2023-09-28 11:30:04,48:E7:29:52:E8:D2 requested time
2023-09-28 11:30:04,C45BBEE4FE08_sys.log time sent (2023, 9, 28, 3, 11, 30, 4, 88)
2023-09-28 11:30:06,48:E7:29:53:67:2E requested time
2023-09-28 11:30:06,C45BBEE4FE08_sys.log time sent (2023, 9, 28, 3, 11, 30, 6, 89)
2023-09-28 11:30:47,C4:5B:BE:E5:00:35 requested time
2023-09-28 11:30:48,C45BBEE4FE08_sys.log time sent (2023, 9, 28, 3, 11, 30, 47, 91)
2023-09-28 11:31:44,C4:5B:BE:E5:00:35 requested time
2023-09-28 11:31:44,C45BBEE4FE08_sys.log time sent (2023, 9, 28, 3, 11, 31, 44, 90)
2023-09-28 11:41:16,48:55:19:DF:28:48 requested time
2023-09-28 11:41:16,C45BBEE4FE08_sys.log time sent (2023, 9, 28, 3, 11, 41, 16, 89)
2023-09-28 11:43:13,48:55:19:DF:28:48 requested time
2023-09-28 11:43:14,C45BBEE4FE08_sys.log time sent (2023, 9, 28, 3, 11, 43, 13, 88)
2023-09-28 11:45:01,48:E7:29:52:E8:D2 requested time
2023-09-28 11:45:01,C45BBEE4FE08_sys.log time sent (2023, 9, 28, 3, 11, 45, 1, 99)
2023-09-28 11:45:02,48:E7:29:53:67:2E requested time
2023-09-28 11:45:03,C45BBEE4FE08_sys.log time sent (2023, 9, 28, 3, 11, 45, 2, 88)
2023-09-28 11:45:59,C4:5B:BE:E5:00:35 requested time
2023-09-28 11:45:59,C45BBEE4FE08_sys.log time sent (2023, 9, 28, 3, 11, 45, 59, 88)
2023-09-28 11:46:57,48:55:19:DF:28:48 requested time
2023-09-28 11:46:58,C45BBEE4FE08_sys.log time sent (2023, 9, 28, 3, 11, 46, 57, 89)
2023-09-28 11:48:45,48:55:19:DF:28:48 requested time
2023-09-28 11:48:45,C45BBEE4FE08_sys.log time sent (2023, 9, 28, 3, 11, 48, 45, 90)
2023-09-28 11:59:18,C4:5B:BE:E5:00:35 requested time
2023-09-28 11:59:18,C45BBEE4FE08_sys.log time sent (2023, 9, 28, 3, 11, 59, 18, 91)
2023-09-28 12:00:02,48:E7:29:52:E8:D2 requested time
2023-09-28 12:00:02,C45BBEE4FE08_sys.log time sent (2023, 9, 28, 3, 12, 0, 2, 89)
2023-09-28 12:00:04,48:E7:29:53:67:2E requested time
2023-09-28 12:00:04,C45BBEE4FE08_sys.log time sent (2023, 9, 28, 3, 12, 0, 4, 88)
2023-09-28 12:01:48,48:55:19:DF:28:48 requested time
2023-09-28 12:01:49,C45BBEE4FE08_sys.log time sent (2023, 9, 28, 3, 12, 1, 48, 90)
2023-09-28 12:13:05,48:55:19:DF:28:48 requested time
2023-09-28 12:13:06,C45BBEE4FE08_sys.log time sent (2023, 9, 28, 3, 12, 13, 5, 89)
2023-09-28 12:13:18,C4:5B:BE:E5:00:35 requested time
2023-09-28 12:13:18,C45BBEE4FE08_sys.log time sent (2023, 9, 28, 3, 12, 13, 18, 89)
2023-09-28 12:14:04,C4:5B:BE:E5:00:35 requested time
2023-09-28 12:14:04,C45BBEE4FE08_sys.log time sent (2023, 9, 28, 3, 12, 14, 4, 89)
2023-09-28 12:15:00,48:E7:29:53:67:2E requested time
2023-09-28 12:15:00,C45BBEE4FE08_sys.log time sent (2023, 9, 28, 3, 12, 15, 0, 90)
2023-09-28 12:15:03,48:E7:29:52:E8:D2 requested time
2023-09-28 12:15:04,C45BBEE4FE08_sys.log time sent (2023, 9, 28, 3, 12, 15, 3, 89)
2023-09-28 12:15:46,C4:5B:BE:E5:00:35 requested time
2023-09-28 12:15:46,C45BBEE4FE08_sys.log time sent (2023, 9, 28, 3, 12, 15, 46, 89)
2023-09-28 12:16:42,C4:5B:BE:E5:00:35 requested time
2023-09-28 12:16:42,C45BBEE4FE08_sys.log time sent (2023, 9, 28, 3, 12, 16, 42, 99)
2023-09-28 12:26:19,48:55:19:DF:28:48 requested time
2023-09-28 12:26:20,C45BBEE4FE08_sys.log time sent (2023, 9, 28, 3, 12, 26, 19, 89)
2023-09-28 12:28:17,48:55:19:DF:28:48 requested time
2023-09-28 12:28:17,C45BBEE4FE08_sys.log time sent (2023, 9, 28, 3, 12, 28, 17, 89)
2023-09-28 12:30:02,48:E7:29:53:67:2E requested time
2023-09-28 12:30:02,C45BBEE4FE08_sys.log time sent (2023, 9, 28, 3, 12, 30, 2, 90)
2023-09-28 12:30:05,48:E7:29:52:E8:D2 requested time
2023-09-28 12:30:05,C45BBEE4FE08_sys.log time sent (2023, 9, 28, 3, 12, 30, 5, 89)
2023-09-28 12:30:57,C4:5B:BE:E5:00:35 requested time
2023-09-28 12:30:57,C45BBEE4FE08_sys.log time sent (2023, 9, 28, 3, 12, 30, 57, 89)
2023-09-28 12:32:01,48:55:19:DF:28:48 requested time
2023-09-28 12:32:01,C45BBEE4FE08_sys.log time sent (2023, 9, 28, 3, 12, 32, 1, 89)
2023-09-28 12:33:48,48:55:19:DF:28:48 requested time
2023-09-28 12:33:48,C45BBEE4FE08_sys.log time sent (2023, 9, 28, 3, 12, 33, 48, 89)
2023-09-28 12:44:21,C4:5B:BE:E5:00:35 requested time
2023-09-28 12:44:21,C45BBEE4FE08_sys.log time sent (2023, 9, 28, 3, 12, 44, 21, 89)
2023-09-28 12:45:06,48:E7:29:52:E8:D2 requested time
2023-09-28 12:45:07,C45BBEE4FE08_sys.log time sent (2023, 9, 28, 3, 12, 45, 6, 89)
2023-09-28 12:45:08,48:E7:29:53:67:2E requested time
2023-09-28 12:45:08,C45BBEE4FE08_sys.log time sent (2023, 9, 28, 3, 12, 45, 8, 90)
2023-09-28 12:46:52,48:55:19:DF:28:48 requested time
2023-09-28 12:46:52,C45BBEE4FE08_sys.log time sent (2023, 9, 28, 3, 12, 46, 52, 89)
2023-09-28 12:58:09,48:55:19:DF:28:48 requested time
2023-09-28 12:58:09,C45BBEE4FE08_sys.log time sent (2023, 9, 28, 3, 12, 58, 9, 90)
2023-09-28 12:58:26,C4:5B:BE:E5:00:35 requested time
2023-09-28 12:58:26,C45BBEE4FE08_sys.log time sent (2023, 9, 28, 3, 12, 58, 26, 89)
2023-09-28 12:59:07,C4:5B:BE:E5:00:35 requested time
2023-09-28 12:59:07,C45BBEE4FE08_sys.log time sent (2023, 9, 28, 3, 12, 59, 7, 89)
2023-09-28 13:00:03,48:E7:29:52:E8:D2 requested time
2023-09-28 13:00:03,C45BBEE4FE08_sys.log time sent (2023, 9, 28, 3, 13, 0, 3, 99)
2023-09-28 13:00:05,48:E7:29:53:67:2E requested time
2023-09-28 13:00:05,C45BBEE4FE08_sys.log time sent (2023, 9, 28, 3, 13, 0, 5, 91)
2023-09-28 13:00:44,C4:5B:BE:E5:00:35 requested time
2023-09-28 13:00:44,C45BBEE4FE08_sys.log time sent (2023, 9, 28, 3, 13, 0, 44, 90)
2023-09-28 13:01:40,C4:5B:BE:E5:00:35 requested time
2023-09-28 13:01:41,C45BBEE4FE08_sys.log time sent (2023, 9, 28, 3, 13, 1, 40, 90)
2023-09-28 13:11:18,48:55:19:DF:28:48 requested time
2023-09-28 13:11:18,C45BBEE4FE08_sys.log time sent (2023, 9, 28, 3, 13, 11, 18, 100)
2023-09-28 13:13:10,48:55:19:DF:28:48 requested time
2023-09-28 13:13:10,C45BBEE4FE08_sys.log time sent (2023, 9, 28, 3, 13, 13, 10, 89)
2023-09-28 13:15:01,48:E7:29:53:67:2E requested time
2023-09-28 13:15:01,C45BBEE4FE08_sys.log time sent (2023, 9, 28, 3, 13, 15, 1, 89)
2023-09-28 13:15:04,48:E7:29:52:E8:D2 requested time
2023-09-28 13:15:05,C45BBEE4FE08_sys.log time sent (2023, 9, 28, 3, 13, 15, 4, 89)
2023-09-28 13:16:00,C4:5B:BE:E5:00:35 requested time
2023-09-28 13:16:01,C45BBEE4FE08_sys.log time sent (2023, 9, 28, 3, 13, 16, 0, 89)
2023-09-28 13:16:54,48:55:19:DF:28:48 requested time
2023-09-28 13:16:54,C45BBEE4FE08_sys.log time sent (2023, 9, 28, 3, 13, 16, 54, 89)
2023-09-28 13:18:46,48:55:19:DF:28:48 requested time
2023-09-28 13:18:47,C45BBEE4FE08_sys.log time sent (2023, 9, 28, 3, 13, 18, 46, 89)
2023-09-28 13:29:25,C4:5B:BE:E5:00:35 requested time
2023-09-28 13:29:25,C45BBEE4FE08_sys.log time sent (2023, 9, 28, 3, 13, 29, 25, 89)
2023-09-28 13:30:02,48:E7:29:53:67:2E requested time
2023-09-28 13:30:03,C45BBEE4FE08_sys.log time sent (2023, 9, 28, 3, 13, 30, 2, 89)
2023-09-28 13:30:06,48:E7:29:52:E8:D2 requested time
2023-09-28 13:30:06,C45BBEE4FE08_sys.log time sent (2023, 9, 28, 3, 13, 30, 6, 91)
2023-09-28 13:31:55,48:55:19:DF:28:48 requested time
2023-09-28 13:31:56,C45BBEE4FE08_sys.log time sent (2023, 9, 28, 3, 13, 31, 55, 91)
2023-09-28 13:43:12,48:55:19:DF:28:48 requested time
2023-09-28 13:43:13,C45BBEE4FE08_sys.log time sent (2023, 9, 28, 3, 13, 43, 12, 99)
2023-09-28 13:43:29,C4:5B:BE:E5:00:35 requested time
2023-09-28 13:43:30,C45BBEE4FE08_sys.log time sent (2023, 9, 28, 3, 13, 43, 29, 89)
2023-09-28 13:44:05,C4:5B:BE:E5:00:35 requested time
2023-09-28 13:44:06,C45BBEE4FE08_sys.log time sent (2023, 9, 28, 3, 13, 44, 5, 90)
2023-09-28 13:45:02,48:E7:29:52:E8:D2 requested time
2023-09-28 13:45:02,C45BBEE4FE08_sys.log time sent (2023, 9, 28, 3, 13, 45, 2, 89)
2023-09-28 13:45:04,48:E7:29:53:67:2E requested time
2023-09-28 13:45:04,C45BBEE4FE08_sys.log time sent (2023, 9, 28, 3, 13, 45, 4, 77)
2023-09-28 13:45:37,C4:5B:BE:E5:00:35 requested time
2023-09-28 13:45:38,C45BBEE4FE08_sys.log time sent (2023, 9, 28, 3, 13, 45, 37, 89)
2023-09-28 13:46:33,C4:5B:BE:E5:00:35 requested time
2023-09-28 13:46:34,C45BBEE4FE08_sys.log time sent (2023, 9, 28, 3, 13, 46, 33, 89)
2023-09-28 13:56:21,48:55:19:DF:28:48 requested time
2023-09-28 13:56:21,C45BBEE4FE08_sys.log time sent (2023, 9, 28, 3, 13, 56, 21, 91)
2023-09-28 13:58:13,48:55:19:DF:28:48 requested time
2023-09-28 13:58:14,C45BBEE4FE08_sys.log time sent (2023, 9, 28, 3, 13, 58, 13, 89)
2023-09-28 14:00:00,48:E7:29:53:67:2E requested time
2023-09-28 14:00:01,C45BBEE4FE08_sys.log time sent (2023, 9, 28, 3, 14, 0, 0, 89)
