2023-09-27 14:30:10,1,2023-09-27 14:30:02,48:55:19:df:28:48,25.353,43.6099,925.43,20
2023-09-27 14:31:42,2,2023-09-27 14:30:00,48:55:19:df:28:48,25.4005,44.492,925.714,19
2023-09-27 14:33:14,3,2023-09-27 14:30:01,48:55:19:df:28:48,25.3984,44.741,925.715,19
2023-09-27 15:01:29,5,2023-09-27 14:45:03,48:55:19:df:28:48,25.0902,45.1265,925.937,158
2023-09-27 15:13:16,6,2023-09-27 14:45:01,48:55:19:df:28:48,25.1985,45.2149,925.649,140
2023-09-27 15:26:51,7,2023-09-27 15:15:03,48:55:19:df:28:48,25.322,44.2139,925.313,161
2023-09-27 15:28:38,8,2023-09-27 15:15:04,48:55:19:df:28:48,25.3213,44.4467,925.313,22
2023-09-27 15:31:51,9,2023-09-27 15:30:04,48:55:19:df:28:48,25.2854,44.7545,925.371,39
2023-09-27 15:33:18,10,2023-09-27 15:30:04,48:55:19:df:28:48,25.2383,45.636,925.456,18
2023-09-27 15:46:27,11,2023-09-27 15:45:01,48:55:19:df:28:48,25.2185,45.0407,925.44,156
2023-09-27 15:58:10,12,2023-09-27 15:45:00,48:55:19:df:28:48,25.4149,44.7149,925.052,139
2023-09-27 16:11:44,13,2023-09-27 16:00:05,48:55:19:df:28:48,25.1503,44.2281,925.36,161
2023-09-27 16:13:36,14,2023-09-27 16:00:02,48:55:19:df:28:48,24.9874,44.7877,925.597,23
2023-09-27 16:16:55,15,2023-09-27 16:15:02,48:55:19:df:28:48,25.0022,44.8754,925.557,40
2023-09-27 16:18:22,16,2023-09-27 16:15:03,48:55:19:df:28:48,25.0422,44.596,925.499,18
2023-09-27 16:31:31,17,2023-09-27 16:30:03,48:55:19:df:28:48,25.0016,44.9609,925.536,156
2023-09-27 16:43:13,18,2023-09-27 16:30:04,48:55:19:df:28:48,24.8091,45.74,925.857,139
2023-09-27 16:56:42,19,2023-09-27 16:45:01,48:55:19:df:28:48,24.6013,45.3414,926.199,160
2023-09-27 16:58:29,20,2023-09-27 16:45:00,48:55:19:df:28:48,24.4254,45.0331,926.501,22
2023-09-27 17:01:48,21,2023-09-27 17:00:01,48:55:19:df:28:48,24.3609,44.9008,926.567,40
2023-09-27 17:03:20,22,2023-09-27 17:00:01,48:55:19:df:28:48,24.2989,45.1194,926.676,19
2023-09-27 17:16:34,23,2023-09-27 17:15:03,48:55:19:df:28:48,24.1468,45.0555,926.917,157
2023-09-27 17:28:16,24,2023-09-27 17:15:03,48:55:19:df:28:48,23.9238,45.2587,927.271,139
2023-09-27 17:41:46,25,2023-09-27 17:30:04,48:55:19:df:28:48,23.7393,45.2645,927.569,160
2023-09-27 17:43:33,26,2023-09-27 17:30:04,48:55:19:df:28:48,23.6177,45.0158,927.823,22
2023-09-27 17:46:52,27,2023-09-27 17:45:04,48:55:19:df:28:48,23.5764,45.0566,927.861,40
2023-09-27 17:48:23,28,2023-09-27 17:45:04,48:55:19:df:28:48,23.5268,45.3273,927.962,19
2023-09-27 18:01:32,29,2023-09-27 18:00:01,48:55:19:df:28:48,23.4234,45.8932,928.184,156
2023-09-27 18:13:10,30,2023-09-27 18:00:01,48:55:19:df:28:48,23.2926,46.8361,928.529,138
2023-09-27 18:26:39,31,2023-09-27 18:15:03,48:55:19:df:28:48,23.061,47.0287,928.977,160
2023-09-27 18:28:31,32,2023-09-27 18:15:02,48:55:19:df:28:48,22.8909,47.393,929.33,23
2023-09-27 18:31:55,33,2023-09-27 18:30:02,48:55:19:df:28:48,22.8519,47.3452,929.395,41
2023-09-27 18:33:27,34,2023-09-27 18:30:02,48:55:19:df:28:48,22.7963,47.2257,929.541,19
2023-09-27 18:46:36,35,2023-09-27 18:45:04,48:55:19:df:28:48,22.6677,47.6673,929.751,156
2023-09-27 18:58:13,36,2023-09-27 18:45:05,48:55:19:df:28:48,22.4882,47.9226,930.088,138
2023-09-27 19:11:37,37,2023-09-27 19:00:01,48:55:19:df:28:48,22.2258,48.2758,930.598,159
2023-09-27 19:13:24,38,2023-09-27 19:00:00,48:55:19:df:28:48,21.9486,48.1672,931.22,22
2023-09-27 19:16:48,39,2023-09-27 19:15:01,48:55:19:df:28:48,21.9914,47.9633,931.097,41
2023-09-27 19:18:25,40,2023-09-27 19:15:01,48:55:19:df:28:48,21.811,48.6049,931.433,20
2023-09-27 19:31:39,41,2023-09-27 19:30:04,48:55:19:df:28:48,21.5485,48.8697,931.901,157
2023-09-27 19:43:16,42,2023-09-27 19:30:03,48:55:19:df:28:48,21.2626,49.0357,932.558,138
2023-09-27 19:56:41,43,2023-09-27 19:45:02,48:55:19:df:28:48,21.2934,48.7586,932.658,159
2023-09-27 19:58:28,44,2023-09-27 19:45:04,48:55:19:df:28:48,21.2222,49.4381,932.879,22
2023-09-27 20:01:51,45,2023-09-27 20:00:04,48:55:19:df:28:48,21.3619,48.1752,932.652,41
2023-09-27 20:03:28,46,2023-09-27 20:00:04,48:55:19:df:28:48,21.2385,49.3944,932.896,20
2023-09-27 20:16:37,47,2023-09-27 20:15:01,48:55:19:df:28:48,21.4613,47.3539,932.655,156
2023-09-27 20:28:10,48,2023-09-27 20:15:02,48:55:19:df:28:48,21.6122,47.1194,932.566,137
2023-09-27 20:41:34,49,2023-09-27 20:30:02,48:55:19:df:28:48,21.7688,45.9497,932.456,159
2023-09-27 20:43:26,50,2023-09-27 20:30:02,48:55:19:df:28:48,21.5613,46.7282,932.881,23
2023-09-27 20:46:55,51,2023-09-27 20:45:02,48:55:19:df:28:48,21.8352,45.0963,932.474,42
2023-09-27 20:48:32,52,2023-09-27 20:45:02,48:55:19:df:28:48,22.005,44.0089,932.218,20
2023-09-27 21:01:41,53,2023-09-27 21:00:03,48:55:19:df:28:48,22.1345,44.2549,932.085,156
2023-09-27 21:13:13,54,2023-09-27 21:00:04,48:55:19:df:28:48,22.1036,44.2926,932.266,137
2023-09-27 21:26:32,55,2023-09-27 21:15:00,48:55:19:df:28:48,22.0115,45.6395,932.552,158
2023-09-27 21:28:19,56,2023-09-27 21:15:00,48:55:19:df:28:48,22.27,44.9045,932.177,22
2023-09-27 21:31:48,57,2023-09-27 21:30:00,48:55:19:df:28:48,22.2849,45.2037,932.132,42
2023-09-27 21:33:30,58,2023-09-27 21:30:02,48:55:19:df:28:48,21.8166,47.5942,932.918,21
2023-09-27 21:46:44,59,2023-09-27 21:45:04,48:55:19:df:28:48,22.0331,45.5499,932.676,157
2023-09-27 21:58:16,60,2023-09-27 21:45:03,48:55:19:df:28:48,22.3929,44.1468,932.161,137
2023-09-27 22:11:36,61,2023-09-27 22:00:03,48:55:19:df:28:48,22.5232,43.5509,931.962,158
2023-09-27 22:13:23,62,2023-09-27 22:00:04,48:55:19:df:28:48,22.5568,42.704,931.834,22
2023-09-27 22:16:52,63,2023-09-27 22:15:04,48:55:19:df:28:48,22.5573,42.7785,931.839,42
2023-09-27 22:18:34,64,2023-09-27 22:15:04,48:55:19:df:28:48,22.5695,42.5928,931.821,21
2023-09-27 22:31:43,65,2023-09-27 22:30:01,48:55:19:df:28:48,22.5693,42.6088,931.805,156
2023-09-27 22:43:10,66,2023-09-27 22:30:00,48:55:19:df:28:48,22.5691,41.9462,931.831,136
2023-09-27 22:56:29,67,2023-09-27 22:45:02,48:55:19:df:28:48,22.5276,41.7133,931.929,158
2023-09-27 22:58:21,68,2023-09-27 22:45:02,48:55:19:df:28:48,22.5026,40.9352,931.99,23
2023-09-27 23:01:55,69,2023-09-27 23:00:02,48:55:19:df:28:48,22.4993,40.8106,932.024,43
2023-09-27 23:03:37,70,2023-09-27 23:00:02,48:55:19:df:28:48,22.49,40.8909,932.092,21
2023-09-27 23:16:46,71,2023-09-27 23:15:04,48:55:19:df:28:48,22.3983,40.6846,932.275,156
2023-09-27 23:28:08,72,2023-09-27 23:15:00,48:55:19:df:28:48,22.2161,40.9126,932.629,135
2023-09-27 23:41:22,73,2023-09-27 23:30:00,48:55:19:df:28:48,22.091,41.3137,932.835,157
2023-09-27 23:43:14,74,2023-09-27 23:30:00,48:55:19:df:28:48,22.0109,40.9821,932.896,23
2023-09-27 23:46:53,75,2023-09-27 23:45:01,48:55:19:df:28:48,21.9836,40.522,932.945,44
2023-09-27 23:48:41,76,2023-09-27 23:45:02,48:55:19:df:28:48,21.9481,40.8236,933.001,22
2023-09-28 00:01:49,77,2023-09-28 00:00:03,48:55:19:df:28:48,21.8513,40.9824,933.144,156
2023-09-28 00:13:12,78,2023-09-28 00:00:03,48:55:19:df:28:48,21.6389,41.3535,933.505,135
2023-09-28 00:26:26,79,2023-09-28 00:15:04,48:55:19:df:28:48,21.4075,40.8456,933.989,157
2023-09-28 00:28:18,80,2023-09-28 00:15:04,48:55:19:df:28:48,21.2699,41.0095,934.273,23
2023-09-28 00:31:57,81,2023-09-28 00:30:05,48:55:19:df:28:48,21.2477,41.4499,934.35,44
2023-09-28 00:33:39,82,2023-09-28 00:30:00,48:55:19:df:28:48,21.2362,41.7475,934.409,21
2023-09-28 00:46:43,83,2023-09-28 00:45:01,48:55:19:df:28:48,21.1802,42.7254,934.526,155
2023-09-28 00:58:05,84,2023-09-28 00:45:01,48:55:19:df:28:48,20.9399,42.7114,934.969,135
2023-09-28 01:11:24,85,2023-09-28 01:00:03,48:55:19:df:28:48,20.8147,42.4021,935.191,158
2023-09-28 01:13:21,86,2023-09-28 01:00:02,48:55:19:df:28:48,20.7075,42.1462,935.325,24
2023-09-28 01:17:00,87,2023-09-28 01:15:03,48:55:19:df:28:48,20.6815,42.4692,935.361,44
2023-09-28 01:18:42,88,2023-09-28 01:15:04,48:55:19:df:28:48,20.6547,42.7428,935.397,21
2023-09-28 01:31:41,89,2023-09-28 01:30:00,48:55:19:df:28:48,20.5575,43.317,935.523,154
2023-09-28 01:42:58,90,2023-09-28 01:30:00,48:55:19:df:28:48,20.3342,43.6266,935.796,134
2023-09-28 01:56:17,91,2023-09-28 01:45:01,48:55:19:df:28:48,20.1658,44.1806,936.001,158
2023-09-28 01:58:19,92,2023-09-28 01:45:00,48:55:19:df:28:48,20.0616,44.3671,936.239,25
2023-09-28 02:02:04,93,2023-09-28 02:00:01,48:55:19:df:28:48,20.02,45.3168,936.292,45
2023-09-28 02:03:46,94,2023-09-28 02:00:01,48:55:19:df:28:48,20.0624,45.9571,936.238,21
2023-09-28 02:16:44,95,2023-09-28 02:15:04,48:55:19:df:28:48,19.9442,44.7728,936.406,154
2023-09-28 02:28:01,96,2023-09-28 02:15:03,48:55:19:df:28:48,19.8224,45.1233,936.556,134
2023-09-28 02:41:21,97,2023-09-28 02:30:04,48:55:19:df:28:48,19.6896,45.1321,936.746,158
2023-09-28 02:43:23,98,2023-09-28 02:30:04,48:55:19:df:28:48,19.5892,45.1767,936.844,25
2023-09-28 02:47:02,99,2023-09-28 02:45:00,48:55:19:df:28:48,19.5458,45.3183,936.871,44
2023-09-28 02:48:44,100,2023-09-28 02:45:05,48:55:19:df:28:48,19.539,45.6737,936.859,21
2023-09-28 03:01:43,101,2023-09-28 03:00:00,48:55:19:df:28:48,19.4766,45.938,936.95,154
2023-09-28 03:13:00,102,2023-09-28 03:00:02,48:55:19:df:28:48,19.4136,46.2414,937.104,134
2023-09-28 03:26:19,103,2023-09-28 03:15:03,48:55:19:df:28:48,19.3252,46.0743,937.189,158
2023-09-28 03:28:21,104,2023-09-28 03:15:02,48:55:19:df:28:48,19.2955,45.8227,937.228,25
2023-09-28 03:32:05,105,2023-09-28 03:30:03,48:55:19:df:28:48,19.2686,45.9701,937.269,45
2023-09-28 03:33:47,106,2023-09-28 03:30:03,48:55:19:df:28:48,19.2528,45.949,937.27,21
2023-09-28 03:46:41,107,2023-09-28 03:45:00,48:55:19:df:28:48,19.2066,45.998,937.292,153
2023-09-28 03:57:53,108,2023-09-28 03:45:00,48:55:19:df:28:48,19.153,45.8628,937.371,133
2023-09-28 04:11:12,109,2023-09-28 04:00:00,48:55:19:df:28:48,19.1395,45.5636,937.348,158
2023-09-28 04:13:20,110,2023-09-28 04:00:00,48:55:19:df:28:48,19.1323,45.4668,937.298,26
2023-09-28 04:17:09,111,2023-09-28 04:15:01,48:55:19:df:28:48,19.0995,45.4901,937.315,46
2023-09-28 04:18:51,112,2023-09-28 04:15:02,48:55:19:df:28:48,19.0776,45.9328,937.342,21
2023-09-28 04:31:45,113,2023-09-28 04:30:02,48:55:19:df:28:48,19.0564,46.6519,937.434,153
2023-09-28 04:42:56,114,2023-09-28 04:30:03,48:55:19:df:28:48,18.9522,47.0855,937.635,133
2023-09-28 04:56:16,115,2023-09-28 04:45:04,48:55:19:df:28:48,18.869,48.2233,937.87,158
2023-09-28 04:58:23,116,2023-09-28 04:45:04,48:55:19:df:28:48,18.8885,48.2738,937.856,26
2023-09-28 05:02:07,117,2023-09-28 05:00:00,48:55:19:df:28:48,18.8506,47.9016,937.925,45
2023-09-28 05:03:49,118,2023-09-28 05:00:04,48:55:19:df:28:48,18.8252,47.8242,937.978,21
2023-09-28 05:16:43,119,2023-09-28 05:15:02,48:55:19:df:28:48,18.7581,47.6559,938.112,153
2023-09-28 05:27:55,120,2023-09-28 05:15:02,48:55:19:df:28:48,18.5934,47.8361,938.485,133
2023-09-28 05:41:14,121,2023-09-28 05:30:03,48:55:19:df:28:48,18.4373,48.2817,938.767,158
2023-09-28 05:43:21,122,2023-09-28 05:30:02,48:55:19:df:28:48,18.4723,49.023,938.752,26
2023-09-28 05:47:11,123,2023-09-28 05:45:03,48:55:19:df:28:48,18.6522,50.2129,938.491,46
2023-09-28 05:48:53,124,2023-09-28 05:45:03,48:55:19:df:28:48,18.8481,51.0661,938.195,21
2023-09-28 06:01:46,125,2023-09-28 06:00:04,48:55:19:df:28:48,19.0844,50.5744,937.826,153
2023-09-28 06:12:58,126,2023-09-28 06:00:03,48:55:19:df:28:48,19.5356,51.4461,937.126,133
2023-09-28 06:26:12,127,2023-09-28 06:15:02,48:55:19:df:28:48,19.7315,52.3735,936.87,157
2023-09-28 06:28:15,128,2023-09-28 06:15:01,48:55:19:df:28:48,19.8268,53.9263,936.781,25
2023-09-28 06:32:04,129,2023-09-28 06:30:02,48:55:19:df:28:48,19.8799,53.6703,936.734,46
2023-09-28 06:33:51,130,2023-09-28 06:30:02,48:55:19:df:28:48,19.9291,54.0076,936.638,22
2023-09-28 06:46:50,131,2023-09-28 06:45:03,48:55:19:df:28:48,19.9733,54.6556,936.636,154
2023-09-28 06:58:02,132,2023-09-28 06:45:02,48:55:19:df:28:48,20.1651,55.4733,936.463,133
2023-09-28 07:11:16,133,2023-09-28 07:00:03,48:55:19:df:28:48,20.4708,57.3885,936.074,157
2023-09-28 07:13:18,134,2023-09-28 07:00:04,48:55:19:df:28:48,20.7803,58.6711,935.679,25
2023-09-28 07:17:02,135,2023-09-28 07:15:00,48:55:19:df:28:48,20.9284,58.9156,935.482,45
2023-09-28 07:18:49,136,2023-09-28 07:15:05,48:55:19:df:28:48,21.1013,59.2267,935.2,22
2023-09-28 07:31:53,137,2023-09-28 07:30:03,48:55:19:df:28:48,21.9286,59.8544,933.883,155
2023-09-28 07:43:10,138,2023-09-28 07:30:04,48:55:19:df:28:48,23.4689,63.0464,931.477,134
2023-09-28 07:56:19,139,2023-09-28 07:45:03,48:55:19:df:28:48,23.8373,54.1231,930.976,156
2023-09-28 07:58:11,140,2023-09-28 07:45:02,48:55:19:df:28:48,23.7856,50.5012,931.042,23
2023-09-28 08:01:55,141,2023-09-28 08:00:03,48:55:19:df:28:48,23.363,52.1174,931.76,45
2023-09-28 08:03:48,142,2023-09-28 08:00:04,48:55:19:df:28:48,23.6,50.0517,931.309,23
2023-09-28 08:16:51,143,2023-09-28 08:15:01,48:55:19:df:28:48,23.2153,50.3392,931.872,155
2023-09-28 08:28:03,144,2023-09-28 08:15:00,48:55:19:df:28:48,23.0148,50.9609,932.162,133
2023-09-28 08:41:12,145,2023-09-28 08:30:02,48:55:19:df:28:48,22.6984,49.3861,932.708,156
2023-09-28 08:43:10,146,2023-09-28 08:30:01,48:55:19:df:28:48,22.5558,53.1599,933.007,24
2023-09-28 08:46:59,147,2023-09-28 08:45:02,48:55:19:df:28:48,22.7401,50.5031,932.667,46
2023-09-28 08:48:51,148,2023-09-28 08:45:02,48:55:19:df:28:48,22.5991,50.0834,932.945,23
2023-09-28 09:01:55,149,2023-09-28 09:00:03,48:55:19:df:28:48,22.5531,50.873,933.032,155
2023-09-28 09:13:07,150,2023-09-28 09:00:02,48:55:19:df:28:48,22.6297,51.7984,932.845,133
2023-09-28 09:26:16,151,2023-09-28 09:15:03,48:55:19:df:28:48,22.7752,51.8423,932.602,156
2023-09-28 09:28:13,152,2023-09-28 09:15:04,48:55:19:df:28:48,22.8483,51.7836,932.505,24
2023-09-28 09:31:57,153,2023-09-28 09:30:00,48:55:19:df:28:48,22.8317,52.0557,932.485,45
2023-09-28 09:33:44,154,2023-09-28 09:30:00,48:55:19:df:28:48,22.7899,52.154,932.531,22
2023-09-28 09:46:48,155,2023-09-28 09:45:01,48:55:19:df:28:48,22.6939,52.3346,932.636,155
2023-09-28 09:58:05,156,2023-09-28 09:45:01,48:55:19:df:28:48,22.9585,52.6015,932.206,134
2023-09-28 10:11:19,157,2023-09-28 10:00:00,48:55:19:df:28:48,23.6231,51.1933,930.988,157
2023-09-28 10:13:16,158,2023-09-28 10:00:02,48:55:19:df:28:48,23.8087,50.5486,930.572,24
2023-09-28 10:17:01,159,2023-09-28 10:15:03,48:55:19:df:28:48,23.6457,50.8608,930.88,45
2023-09-28 10:18:48,160,2023-09-28 10:15:04,48:55:19:df:28:48,23.6163,51.3136,930.946,22
2023-09-28 10:31:51,161,2023-09-28 10:30:04,48:55:19:df:28:48,23.7748,51.4161,930.542,155
2023-09-28 10:43:03,162,2023-09-28 10:30:00,48:55:19:df:28:48,24.1204,51.0432,929.842,133
2023-09-28 10:56:12,163,2023-09-28 10:45:00,48:55:19:df:28:48,24.2276,50.9199,929.537,156
2023-09-28 10:58:10,164,2023-09-28 10:45:01,48:55:19:df:28:48,24.1562,50.6016,929.564,24
2023-09-28 11:01:59,165,2023-09-28 11:00:02,48:55:19:df:28:48,24.2276,50.8807,929.444,46
2023-09-28 11:03:51,166,2023-09-28 11:00:02,48:55:19:df:28:48,24.2904,51.4247,929.301,23
2023-09-28 11:16:55,167,2023-09-28 11:15:02,48:55:19:df:28:48,24.5016,51.4588,928.842,155
2023-09-28 11:28:07,168,2023-09-28 11:15:02,48:55:19:df:28:48,24.8054,50.9504,928.333,133
2023-09-28 11:41:16,169,2023-09-28 11:30:04,48:55:19:df:28:48,24.8415,50.0229,928.112,156
2023-09-28 11:43:13,170,2023-09-28 11:30:04,48:55:19:df:28:48,24.6479,50.4328,928.258,24
2023-09-28 11:46:57,171,2023-09-28 11:45:00,48:55:19:df:28:48,24.6321,50.9376,928.287,45
2023-09-28 11:48:44,172,2023-09-28 11:45:00,48:55:19:df:28:48,24.5995,50.4377,928.299,22
2023-09-28 12:01:48,173,2023-09-28 12:00:02,48:55:19:df:28:48,24.3309,50.5755,928.618,155
2023-09-28 12:13:05,174,2023-09-28 12:00:03,48:55:19:df:28:48,23.8377,51.4166,929.226,134
2023-09-28 12:26:19,175,2023-09-28 12:15:01,48:55:19:df:28:48,24.2236,49.9283,928.36,157
2023-09-28 12:28:16,176,2023-09-28 12:15:02,48:55:19:df:28:48,24.08,49.1478,928.417,24
2023-09-28 12:32:01,177,2023-09-28 12:30:03,48:55:19:df:28:48,24.1644,49.5563,928.229,45
2023-09-28 12:33:48,178,2023-09-28 12:30:04,48:55:19:df:28:48,24.42,49.5336,927.781,22
2023-09-28 12:46:51,179,2023-09-28 12:45:03,48:55:19:df:28:48,24.7518,49.7397,927.115,155
2023-09-28 12:58:08,180,2023-09-28 12:45:04,48:55:19:df:28:48,25.0683,49.0497,926.385,134
2023-09-28 13:11:17,181,2023-09-28 13:00:01,48:55:19:df:28:48,25.2676,48.2135,925.836,156
2023-09-28 13:13:10,182,2023-09-28 13:00:01,48:55:19:df:28:48,25.2978,48.403,925.629,23
2023-09-28 13:16:54,183,2023-09-28 13:15:02,48:55:19:df:28:48,25.2555,48.1994,925.662,45
2023-09-28 13:18:46,184,2023-09-28 13:15:02,48:55:19:df:28:48,25.1578,48.4639,925.76,23
2023-09-28 13:31:55,185,2023-09-28 13:30:03,48:55:19:df:28:48,25.2488,48.6357,925.497,156
2023-09-28 13:43:12,186,2023-09-28 13:30:02,48:55:19:df:28:48,25.4684,48.4532,924.993,134
2023-09-28 13:56:21,187,2023-09-28 13:45:04,48:55:19:df:28:48,25.3861,47.9572,925.044,156
2023-09-28 13:58:13,188,2023-09-28 13:45:04,48:55:19:df:28:48,25.2504,47.6534,925.232,23
