2000-01-01 00:10:57,1,2023-09-27 14:30:00,48:e7:29:53:67:2e,26.3405,40.5969,924.59,20
2000-01-01 00:26:03,2,2023-09-27 14:45:00,48:e7:29:53:67:2e,25.9548,42.5902,925.412,179
2000-01-01 00:40:55,3,2023-09-27 15:00:00,48:e7:29:53:67:2e,25.574,43.284,925.796,176
2000-01-01 00:55:56,4,2023-09-27 15:15:02,48:e7:29:53:67:2e,25.5872,43.3968,925.648,178
2000-01-01 01:10:58,5,2023-09-27 15:30:02,48:e7:29:53:67:2e,25.6267,42.8389,925.453,178
2000-01-01 01:25:54,6,2023-09-27 15:45:00,48:e7:29:53:67:2e,25.5394,43.6811,925.561,177
2000-01-01 01:40:55,7,2023-09-27 16:00:00,48:e7:29:53:67:2e,25.5833,43.4333,925.413,178
2000-01-01 01:55:57,8,2023-09-27 16:15:02,48:e7:29:53:67:2e,25.3186,43.2247,925.703,178
2000-01-01 02:10:58,9,2023-09-27 16:30:03,48:e7:29:53:67:2e,25.1739,43.8396,925.887,178
2000-01-01 02:25:55,10,2023-09-27 16:45:01,48:e7:29:53:67:2e,24.9542,44.8195,926.237,177
2000-01-01 02:40:56,11,2023-09-27 17:00:02,48:e7:29:53:67:2e,24.7123,44.4588,926.615,178
2000-01-01 02:55:58,12,2023-09-27 17:15:03,48:e7:29:53:67:2e,24.3568,44.3807,927.186,178
2000-01-01 03:10:54,13,2023-09-27 17:30:01,48:e7:29:53:67:2e,24.091,44.6034,927.597,177
2000-01-01 03:25:55,14,2023-09-27 17:45:01,48:e7:29:53:67:2e,23.8619,44.4914,927.979,178
2000-01-01 03:40:57,15,2023-09-27 18:00:02,48:e7:29:53:67:2e,23.6137,45.0951,928.467,178
2000-01-01 03:55:58,16,2023-09-27 18:15:04,48:e7:29:53:67:2e,23.5239,45.8135,928.767,178
2000-01-01 04:10:55,17,2023-09-27 18:30:00,48:e7:29:53:67:2e,23.2951,46.189,929.261,177
2000-01-01 04:25:56,18,2023-09-27 18:45:02,48:e7:29:53:67:2e,23.0007,46.6716,929.823,178
2000-01-01 04:40:58,19,2023-09-27 19:00:03,48:e7:29:53:67:2e,22.7809,46.9811,930.249,178
2000-01-01 04:55:54,20,2023-09-27 19:15:01,48:e7:29:53:67:2e,22.4633,47.0052,930.89,177
2000-01-01 05:10:55,21,2023-09-27 19:30:04,48:e7:29:53:67:2e,21.8261,47.7106,932.09,178
2000-01-01 05:25:57,22,2023-09-27 19:45:01,48:e7:29:53:67:2e,21.4127,48.1783,932.972,178
2000-01-01 05:40:58,23,2023-09-27 20:00:03,48:e7:29:53:67:2e,21.4611,47.9059,933.081,178
2000-01-01 05:56:00,24,2023-09-27 20:15:04,48:e7:29:53:67:2e,21.5864,46.9783,933.052,178
2000-01-01 06:10:56,25,2023-09-27 20:30:02,48:e7:29:53:67:2e,21.8183,46.1489,932.872,177
2000-01-01 06:25:58,26,2023-09-27 20:45:00,48:e7:29:53:67:2e,21.9979,44.7743,932.758,178
2000-01-01 06:40:59,27,2023-09-27 21:00:02,48:e7:29:53:67:2e,22.3624,42.7733,932.342,178
2000-01-01 06:56:01,28,2023-09-27 21:15:04,48:e7:29:53:67:2e,22.3119,43.7491,932.566,178
2000-01-01 07:10:57,29,2023-09-27 21:30:03,48:e7:29:53:67:2e,22.2673,44.3739,932.792,177
2000-01-01 07:25:58,30,2023-09-27 21:45:05,48:e7:29:53:67:2e,22.2059,44.9583,932.982,178
2000-01-01 07:40:55,31,2023-09-27 22:00:00,48:e7:29:53:67:2e,22.6278,42.8138,932.411,177
2000-01-01 07:55:56,32,2023-09-27 22:15:01,48:e7:29:53:67:2e,22.7637,42.0725,932.177,178
2000-01-01 08:10:58,33,2023-09-27 22:30:03,48:e7:29:53:67:2e,22.7888,41.27,932.079,178
2000-01-01 08:25:54,34,2023-09-27 22:45:00,48:e7:29:53:67:2e,22.7651,40.8667,932.146,177
2000-01-01 08:40:56,35,2023-09-27 23:00:00,48:e7:29:53:67:2e,22.6721,40.4889,932.342,178
2000-01-01 08:55:57,36,2023-09-27 23:15:05,48:e7:29:53:67:2e,22.5109,40.1781,932.708,178
2000-01-01 09:10:53,37,2023-09-27 23:30:00,48:e7:29:53:67:2e,22.2844,40.3459,933.156,177
2000-01-01 09:10:59,38,2023-09-27 23:30:04,48:e7:29:53:67:2e,22.2,40.4,933.3,2
2000-01-01 09:25:56,39,2023-09-27 23:45:01,48:e7:29:53:67:2e,22.1132,40.8542,933.394,177
2000-01-01 09:40:57,40,2023-09-28 00:00:04,48:e7:29:53:67:2e,21.907,40.5783,933.643,178
2000-01-01 09:55:54,41,2023-09-28 00:15:00,48:e7:29:53:67:2e,21.6763,40.7436,934.046,177
2000-01-01 10:10:55,42,2023-09-28 00:30:02,48:e7:29:53:67:2e,21.4168,40.4983,934.613,178
2000-01-01 10:25:57,43,2023-09-28 00:45:02,48:e7:29:53:67:2e,21.2401,42.0873,935.019,178
2000-01-01 10:40:58,44,2023-09-28 01:00:03,48:e7:29:53:67:2e,20.9953,42.0571,935.452,178
2000-01-01 10:55:54,45,2023-09-28 01:15:00,48:e7:29:53:67:2e,20.7921,41.9462,935.788,177
2000-01-01 11:10:56,46,2023-09-28 01:30:02,48:e7:29:53:67:2e,20.613,42.7405,935.999,178
2000-01-01 11:25:57,47,2023-09-28 01:45:03,48:e7:29:53:67:2e,20.3716,43.1326,936.288,178
2000-01-01 11:40:59,48,2023-09-28 02:00:04,48:e7:29:53:67:2e,20.155,43.8575,936.617,178
2000-01-01 11:55:55,49,2023-09-28 02:15:01,48:e7:29:53:67:2e,19.9985,44.6488,936.927,177
2000-01-01 12:10:57,50,2023-09-28 02:30:02,48:e7:29:53:67:2e,19.8598,44.6727,937.072,178
2000-01-01 12:25:58,51,2023-09-28 02:45:04,48:e7:29:53:67:2e,19.6982,44.6918,937.268,178
2000-01-01 12:41:00,52,2023-09-28 03:00:04,48:e7:29:53:67:2e,19.5415,45.3363,937.424,178
2000-01-01 12:55:56,53,2023-09-28 03:15:03,48:e7:29:53:67:2e,19.4455,45.7035,937.618,177
2000-01-01 13:10:58,54,2023-09-28 03:30:02,48:e7:29:53:67:2e,19.374,45.5349,937.674,178
2000-01-01 13:25:54,55,2023-09-28 03:45:00,48:e7:29:53:67:2e,19.3066,45.4408,937.721,177
2000-01-01 13:40:55,56,2023-09-28 04:00:01,48:e7:29:53:67:2e,19.2402,45.219,937.831,178
2000-01-01 13:55:57,57,2023-09-28 04:15:01,48:e7:29:53:67:2e,19.2275,44.9689,937.767,178
2000-01-01 14:10:53,58,2023-09-28 04:30:00,48:e7:29:53:67:2e,19.1521,45.7425,937.87,177
2000-01-01 14:10:59,59,2023-09-28 04:30:04,48:e7:29:53:67:2e,19.065,46.78,938.07,2
2000-01-01 14:25:56,60,2023-09-28 04:45:01,48:e7:29:53:67:2e,19.0123,46.551,938.159,177
2000-01-01 14:40:57,61,2023-09-28 05:00:04,48:e7:29:53:67:2e,18.9298,47.6486,938.396,178
2000-01-01 14:55:59,62,2023-09-28 05:15:04,48:e7:29:53:67:2e,18.8397,47.0876,938.587,178
2000-01-01 15:10:55,63,2023-09-28 05:30:01,48:e7:29:53:67:2e,18.6827,47.159,938.981,177
2000-01-01 15:25:57,64,2023-09-28 05:45:02,48:e7:29:53:67:2e,18.5784,47.6531,939.212,178
2000-01-01 15:40:58,65,2023-09-28 06:00:02,48:e7:29:53:67:2e,19.1993,49.108,938.238,178
2000-01-01 15:55:59,66,2023-09-28 06:15:03,48:e7:29:53:67:2e,19.7846,49.8999,937.323,178
2000-01-01 16:10:56,67,2023-09-28 06:30:01,48:e7:29:53:67:2e,19.9816,51.2794,937.078,177
2000-01-01 16:25:57,68,2023-09-28 06:45:03,48:e7:29:53:67:2e,20.2429,52.3468,936.764,178
2000-01-01 16:40:59,69,2023-09-28 07:00:03,48:e7:29:53:67:2e,20.4517,53.3005,936.591,178
2000-01-01 16:56:00,70,2023-09-28 07:15:05,48:e7:29:53:67:2e,20.923,55.6745,935.951,178
2000-01-01 17:11:02,71,2023-09-28 07:30:03,48:e7:29:53:67:2e,21.9262,57.7731,934.441,178
2000-01-01 17:26:03,72,2023-09-28 07:45:04,48:e7:29:53:67:2e,23.6562,61.2016,931.757,178
2000-01-01 17:40:55,73,2023-09-28 08:00:01,48:e7:29:53:67:2e,24.0364,51.2286,931.235,176
2000-01-01 17:55:56,74,2023-09-28 08:15:01,48:e7:29:53:67:2e,23.7046,50.186,931.727,178
2000-01-01 18:10:57,75,2023-09-28 08:30:04,48:e7:29:53:67:2e,23.4335,48.9722,932.1,178
2000-01-01 18:25:54,76,2023-09-28 08:45:00,48:e7:29:53:67:2e,23.09,49.0375,932.661,177
2000-01-01 18:40:55,77,2023-09-28 09:00:01,48:e7:29:53:67:2e,23.0042,49.4587,932.871,178
2000-01-01 18:55:57,78,2023-09-28 09:15:02,48:e7:29:53:67:2e,23.0609,50.5542,932.721,178
2000-01-01 19:10:58,79,2023-09-28 09:30:03,48:e7:29:53:67:2e,23.2413,50.6804,932.456,178
2000-01-01 19:25:55,80,2023-09-28 09:45:01,48:e7:29:53:67:2e,23.1532,51.1727,932.499,177
2000-01-01 19:40:56,81,2023-09-28 10:00:01,48:e7:29:53:67:2e,23.3969,51.53,932.075,178
2000-01-01 19:55:58,82,2023-09-28 10:15:01,48:e7:29:53:67:2e,24.2364,49.5162,930.526,178
2000-01-01 20:10:54,83,2023-09-28 10:30:00,48:e7:29:53:67:2e,24.3169,49.634,930.302,177
2000-01-01 20:25:55,84,2023-09-28 10:45:00,48:e7:29:53:67:2e,24.877,49.0493,929.198,178
2000-01-01 20:40:57,85,2023-09-28 11:00:03,48:e7:29:53:67:2e,24.9181,48.6,928.941,178
2000-01-01 20:55:58,86,2023-09-28 11:15:03,48:e7:29:53:67:2e,24.939,49.7882,928.729,178
2000-01-01 21:11:00,87,2023-09-28 11:30:04,48:e7:29:53:67:2e,25.2318,49.6231,928.17,178
2000-01-01 21:25:56,88,2023-09-28 11:45:02,48:e7:29:53:67:2e,25.1781,48.8819,928.057,177
2000-01-01 21:40:58,89,2023-09-28 12:00:04,48:e7:29:53:67:2e,24.7536,49.6695,928.508,178
2000-01-01 21:55:54,90,2023-09-28 12:15:00,48:e7:29:53:67:2e,24.1525,50.4016,929.267,177
2000-01-01 22:10:56,91,2023-09-28 12:30:00,48:e7:29:53:67:2e,24.5236,48.6269,928.339,178
2000-01-01 22:26:02,92,2023-09-28 12:45:04,48:e7:29:53:67:2e,24.9879,48.9939,927.312,179
2000-01-01 22:40:58,93,2023-09-28 13:00:03,48:e7:29:53:67:2e,25.4962,47.8597,926.252,177
2000-01-01 22:55:55,94,2023-09-28 13:15:01,48:e7:29:53:67:2e,25.6773,46.9804,925.672,177
2000-01-01 23:10:56,95,2023-09-28 13:30:02,48:e7:29:53:67:2e,25.6469,47.1929,925.447,178
2000-01-01 23:25:58,96,2023-09-28 13:45:01,48:e7:29:53:67:2e,25.895,46.924,924.904,178
