2023-10-05 14:00:34,1475,2023-10-05 14:00:04,c4:5b:be:e5:00:35,21.6764,46.241,934.154,139
2023-10-05 14:11:46,1476,2023-10-05 14:00:04,c4:5b:be:e5:00:35,21.6785,45.8401,933.994,133
2067-03-03 15:30:01,2,2067-03-03 15:30:01,c45bbee50035,23.7885,39.6641,930.096,150
2067-03-03 15:44:59,3,2067-03-03 15:45:01,c45bbee50035,22.5983,43.3066,931.877,177
2067-03-03 15:45:05,4,2067-03-03 15:45:04,c45bbee50035,22.335,42.97,932.155,2
2067-03-03 16:00:05,5,2067-03-03 16:00:04,c45bbee50035,22.1768,44.1193,932.486,177
2067-03-03 16:15:03,6,2067-03-03 16:15:02,c45bbee50035,21.9077,45.087,932.885,177
2067-03-03 16:30:01,7,2067-03-03 16:30:00,c45bbee50035,21.762,45.9289,933.078,177
2067-03-03 16:45:04,8,2067-03-03 16:45:03,c45bbee50035,21.5152,46.3889,933.429,178
2067-03-03 17:00:02,9,2067-03-03 17:00:02,c45bbee50035,21.2637,46.5902,933.764,177
2067-03-03 17:15:06,10,2067-03-03 17:15:04,c45bbee50035,21.3642,48.1346,933.569,178
2067-03-03 17:30:04,11,2067-03-03 17:30:03,c45bbee50035,21.6152,47.9989,933.297,177
2067-03-03 17:45:07,12,2067-03-03 17:45:04,c45bbee50035,21.9824,49.1186,932.883,178
2067-03-03 18:00:05,13,2067-03-03 18:00:04,c45bbee50035,22.1794,50.823,932.772,177
2067-03-03 18:15:04,14,2067-03-03 18:15:02,c45bbee50035,22.5888,52.6614,932.186,177
2067-03-03 18:30:07,15,2067-03-03 18:30:05,c45bbee50035,22.9238,53.0996,931.697,178
2067-03-03 18:45:05,16,2067-03-03 18:45:03,c45bbee50035,23.1391,52.6219,931.419,177
2067-03-03 19:00:03,17,2067-03-03 19:00:02,c45bbee50035,22.9089,52.5403,931.865,177
2067-03-03 19:15:01,18,2067-03-03 19:15:03,c45bbee50035,22.3853,53.3998,932.753,177
2067-03-03 19:30:00,19,2067-03-03 19:30:01,c45bbee50035,21.4526,53.5549,934.192,177
2067-03-03 19:45:03,20,2067-03-03 19:45:02,c45bbee50035,21.2757,52.2244,934.52,178
2067-03-03 20:00:01,21,2067-03-03 20:00:00,c45bbee50035,21.1245,49.7851,934.796,177
2067-03-03 20:15:04,22,2067-03-03 20:15:02,c45bbee50035,21.2119,48.0379,934.859,178
2067-03-03 20:30:02,23,2067-03-03 20:30:01,c45bbee50035,21.3759,43.7209,934.766,177
2067-03-03 20:45:00,24,2067-03-03 20:45:01,c45bbee50035,21.0986,41.3898,935.334,177
2067-03-03 21:00:04,25,2067-03-03 21:00:04,c45bbee50035,20.7584,40.2565,936.05,178
2067-03-03 21:15:02,26,2067-03-03 21:15:01,c45bbee50035,20.5142,39.4896,936.646,177
2067-03-03 21:30:05,27,2067-03-03 21:30:04,c45bbee50035,20.4366,39.7396,936.842,178
2067-03-03 21:45:03,28,2067-03-03 21:45:02,c45bbee50035,20.5142,39.5618,936.774,177
2067-03-03 22:00:02,29,2067-03-03 22:00:00,c45bbee50035,20.4454,38.7721,936.962,177
2067-03-03 22:15:00,30,2067-03-03 22:15:00,c45bbee50035,20.2913,38.4334,937.299,177
2067-03-03 22:30:03,31,2067-03-03 22:30:03,c45bbee50035,20.1343,39.1464,937.556,178
2067-03-03 22:45:01,32,2067-03-03 22:45:00,c45bbee50035,20.0166,39.2229,937.861,177
2067-03-03 23:00:04,33,2067-03-03 23:00:04,c45bbee50035,19.9562,39.8591,937.965,178
2067-03-03 23:15:03,34,2067-03-03 23:15:02,c45bbee50035,19.9545,39.118,937.892,177
2067-03-03 23:30:01,35,2067-03-03 23:30:00,c45bbee50035,19.9208,38.3486,937.968,177
2067-03-03 23:45:04,36,2067-03-03 23:45:03,c45bbee50035,19.8006,39.3042,938.044,178
2067-03-04 00:00:02,37,2067-03-04 00:00:02,c45bbee50035,19.6787,38.6771,938.027,177
2067-03-04 00:15:01,38,2067-03-04 00:15:00,c45bbee50035,19.4954,40.938,938.226,177
2067-03-04 00:30:04,39,2067-03-04 00:30:03,c45bbee50035,19.4348,43.7617,938.505,178
2067-03-04 00:45:02,40,2067-03-04 00:45:01,c45bbee50035,19.3476,43.4519,938.761,177
2067-03-04 01:00:00,41,2067-03-04 01:00:00,c45bbee50035,19.1753,43.4206,939.02,177
2067-03-04 01:15:03,42,2067-03-04 01:15:04,c45bbee50035,18.9363,44.1132,939.337,178
2067-03-04 01:30:02,43,2067-03-04 01:30:02,c45bbee50035,18.7432,43.5782,939.552,177
2067-03-04 01:45:00,44,2067-03-04 01:45:00,c45bbee50035,18.6574,43.7852,939.621,177
2067-03-04 02:00:03,45,2067-03-04 02:00:02,c45bbee50035,18.5059,44.139,939.886,178
2067-03-04 02:15:01,46,2067-03-04 02:15:02,c45bbee50035,18.3178,44.6072,940.176,177
2067-03-04 02:30:05,47,2067-03-04 02:30:04,c45bbee50035,18.1782,45.1595,940.356,178
2067-03-04 02:45:03,48,2067-03-04 02:45:03,c45bbee50035,17.984,45.3065,940.64,177
2067-03-04 03:00:01,49,2067-03-04 03:00:01,c45bbee50035,17.7918,45.4573,940.846,177
2067-03-04 03:15:04,50,2067-03-04 03:15:04,c45bbee50035,17.5487,45.5276,941.208,178
2067-03-04 03:30:02,51,2067-03-04 03:30:02,c45bbee50035,17.679,46.4734,941.044,177
2067-03-04 03:45:01,52,2067-03-04 03:45:00,c45bbee50035,17.4384,49.1909,941.452,177
2067-03-04 04:00:04,53,2067-03-04 04:00:03,c45bbee50035,17.4727,49.6693,941.449,178
2067-03-04 04:15:02,54,2067-03-04 04:15:02,c45bbee50035,17.4439,51.1162,941.542,177
2067-03-04 04:30:00,55,2067-03-04 04:30:00,c45bbee50035,17.2616,51.4316,941.824,177
2067-03-04 04:45:04,56,2067-03-04 04:45:03,c45bbee50035,17.4501,51.5433,941.522,178
2067-03-04 05:00:02,57,2067-03-04 05:00:02,c45bbee50035,17.2058,53.244,941.911,177
2067-03-04 05:15:05,58,2067-03-04 05:15:04,c45bbee50035,17.3646,53.429,941.623,178
2067-03-04 05:30:03,59,2067-03-04 05:30:03,c45bbee50035,17.1793,55.027,941.941,177
2067-03-04 05:45:02,60,2067-03-04 05:45:01,c45bbee50035,17.2435,54.692,941.951,177
2067-03-04 06:00:05,61,2067-03-04 06:00:02,c45bbee50035,17.5446,55.5761,941.583,178
2067-03-04 06:15:03,62,2067-03-04 06:15:00,c45bbee50035,18.3336,52.8754,940.351,177
2067-03-04 06:30:01,63,2067-03-04 06:30:00,c45bbee50035,18.6374,49.7435,939.746,177
2067-03-04 06:45:04,64,2067-03-04 06:45:02,c45bbee50035,18.7119,50.5905,939.751,178
2067-03-04 07:00:03,65,2067-03-04 07:00:03,c45bbee50035,18.7018,51.2931,939.802,177
2067-03-04 07:15:01,66,2067-03-04 07:15:00,c45bbee50035,18.8017,55.4196,939.629,177
2067-03-04 07:30:04,67,2067-03-04 07:30:01,c45bbee50035,19.2317,56.3702,939.094,178
2067-03-04 07:45:02,68,2067-03-04 07:45:00,c45bbee50035,19.9382,56.1431,937.965,177
2067-03-04 08:00:06,69,2067-03-04 08:00:00,c45bbee50035,21.4826,57.4268,935.508,178
2067-03-04 08:15:09,70,2067-03-04 08:15:04,c45bbee50035,23.016,57.5901,933.046,178
2067-03-04 08:29:57,71,2067-03-04 08:30:00,c45bbee50035,22.6277,57.945,933.713,175
2067-03-04 08:30:03,72,2067-03-04 08:30:02,c45bbee50035,22.79,61.86,933.505,2
2067-03-04 08:45:02,73,2067-03-04 08:45:01,c45bbee50035,22.7431,61.2231,933.553,177
2067-03-04 09:00:05,74,2067-03-04 09:00:04,c45bbee50035,21.9561,56.148,934.719,178
2067-03-04 09:15:03,75,2067-03-04 09:15:01,c45bbee50035,21.822,56.2738,934.841,177
2067-03-04 09:30:01,76,2067-03-04 09:30:03,c45bbee50035,21.3572,51.081,935.472,177
2067-03-04 09:45:05,77,2067-03-04 09:45:03,c45bbee50035,21.3231,51.9812,935.532,178
2067-03-04 10:00:03,78,2067-03-04 10:00:02,c45bbee50035,21.575,52.0563,935.117,177
2067-03-04 10:15:07,79,2067-03-04 10:15:04,c45bbee50035,21.6573,50.5744,934.972,178
2067-03-04 10:30:05,80,2067-03-04 10:30:02,c45bbee50035,22.3025,49.6976,933.868,177
2067-03-04 10:45:03,81,2067-03-04 10:45:02,c45bbee50035,22.2008,49.6199,933.948,177
2067-03-04 11:00:01,82,2067-03-04 11:00:03,c45bbee50035,21.4583,51.4184,935.144,177
2067-03-04 11:15:06,83,2067-03-04 11:15:04,c45bbee50035,21.5086,52.1901,935.052,178
2067-03-04 11:30:04,84,2067-03-04 11:30:02,c45bbee50035,21.7997,51.5248,934.392,177
2067-03-04 11:45:07,85,2067-03-04 11:45:04,c45bbee50035,22.4974,50.1761,932.969,178
2067-03-04 12:00:05,86,2067-03-04 12:00:03,c45bbee50035,22.7806,49.6686,932.281,177
2067-03-04 12:15:03,87,2067-03-04 12:15:02,c45bbee50035,23.1397,49.2074,931.522,177
2067-03-04 12:30:01,88,2067-03-04 12:30:00,c45bbee50035,23.3311,48.8082,931.059,177
2067-03-04 12:45:00,89,2067-03-04 12:45:00,c45bbee50035,22.9853,48.9725,931.412,177
2067-03-04 13:00:03,90,2067-03-04 13:00:03,c45bbee50035,22.6004,49.6766,931.816,178
2067-03-04 13:15:07,91,2067-03-04 13:15:04,c45bbee50035,23.1473,48.8127,930.626,178
2067-03-04 13:30:05,92,2067-03-04 13:30:03,c45bbee50035,23.5222,47.8445,929.751,177
2067-03-04 13:45:03,93,2067-03-04 13:45:03,c45bbee50035,23.4379,47.5306,929.626,177
2067-03-04 14:00:01,94,2067-03-04 14:00:01,c45bbee50035,23.3604,48.057,929.518,177
2067-03-04 14:15:04,95,2067-03-04 14:15:04,c45bbee50035,23.3785,47.3827,929.385,178
2067-03-04 14:30:03,96,2067-03-04 14:30:02,c45bbee50035,23.2424,47.8813,929.469,177
2067-03-04 14:45:01,97,2067-03-04 14:45:00,c45bbee50035,23.1703,48.3571,929.477,177
2067-03-04 15:00:04,98,2067-03-04 15:00:03,c45bbee50035,23.2318,47.7945,929.247,178
2067-03-04 15:15:02,99,2067-03-04 15:15:01,c45bbee50035,23.2437,47.075,929.089,177
2067-03-04 15:30:06,100,2067-03-04 15:30:04,c45bbee50035,23.2891,48.0137,928.979,178
2067-03-04 15:45:04,101,2067-03-04 15:45:03,c45bbee50035,23.3487,47.9723,928.852,177
2067-03-04 16:00:02,102,2067-03-04 16:00:01,c45bbee50035,23.154,47.9544,929.038,177
2067-03-04 16:15:00,103,2067-03-04 16:15:00,c45bbee50035,22.9217,48.5599,929.3,177
2067-03-04 16:30:04,104,2067-03-04 16:30:03,c45bbee50035,22.7846,48.5636,929.498,178
2067-03-04 16:45:02,105,2067-03-04 16:45:02,c45bbee50035,22.5921,49.0631,929.835,177
2067-03-04 17:00:00,106,2067-03-04 17:00:00,c45bbee50035,22.2536,50.1546,930.377,177
2067-03-04 17:15:03,107,2067-03-04 17:15:03,c45bbee50035,22.1042,50.4643,930.549,178
2067-03-04 17:30:01,108,2067-03-04 17:30:01,c45bbee50035,21.9355,50.9565,930.823,177
2067-03-04 17:45:05,109,2067-03-04 17:45:04,c45bbee50035,21.7264,51.2015,931.13,178
2067-03-04 18:00:03,110,2067-03-04 18:00:01,c45bbee50035,21.8013,51.5755,931.058,177
2067-03-04 18:15:06,111,2067-03-04 18:15:04,c45bbee50035,22.0131,50.9283,930.808,178
2067-03-04 18:30:04,112,2067-03-04 18:30:02,c45bbee50035,22.228,50.0596,930.565,177
2067-03-04 18:45:02,113,2067-03-04 18:45:02,c45bbee50035,22.3004,50.0105,930.611,177
2067-03-04 19:00:01,114,2067-03-04 19:00:00,c45bbee50035,22.4216,49.3253,930.544,177
2067-03-04 19:15:04,115,2067-03-04 19:15:03,c45bbee50035,22.2853,50.011,930.847,178
2067-03-04 19:30:02,116,2067-03-04 19:30:02,c45bbee50035,21.576,52.5567,932.04,177
2067-03-04 19:45:00,117,2067-03-04 19:45:01,c45bbee50035,21.0031,55.0873,933.177,177
2067-03-04 20:00:04,118,2067-03-04 20:00:03,c45bbee50035,20.8359,55.8976,933.68,178
2067-03-04 20:15:02,119,2067-03-04 20:15:01,c45bbee50035,20.7264,56.3752,934.077,177
2067-03-04 20:30:05,120,2067-03-04 20:30:04,c45bbee50035,20.6644,56.2945,934.501,178
2067-03-04 20:45:03,121,2067-03-04 20:45:03,c45bbee50035,20.5136,56.0162,935.004,177
2067-03-04 21:00:01,122,2067-03-04 21:00:01,c45bbee50035,20.3573,55.5913,935.407,177
2067-03-04 21:15:05,123,2067-03-04 21:15:04,c45bbee50035,20.3054,55.2987,935.632,178
2067-03-04 21:30:03,124,2067-03-04 21:30:02,c45bbee50035,20.3723,54.5338,935.554,177
2067-03-04 21:45:01,125,2067-03-04 21:45:00,c45bbee50035,20.4063,54.1253,935.351,177
2067-03-04 22:00:04,126,2067-03-04 22:00:04,c45bbee50035,20.5031,53.09,935.146,178
2067-03-04 22:15:03,127,2067-03-04 22:15:02,c45bbee50035,20.4753,53.2497,935.18,177
2067-03-04 22:30:06,128,2067-03-04 22:30:04,c45bbee50035,20.5033,52.6335,935.182,178
2067-03-04 22:45:04,129,2067-03-04 22:45:04,c45bbee50035,20.5351,51.6599,935.181,177
2067-03-04 23:00:02,130,2067-03-04 23:00:01,c45bbee50035,20.6358,50.4409,935.129,177
2067-03-04 23:15:00,131,2067-03-04 23:15:00,c45bbee50035,20.6117,50.113,935.221,177
2067-03-04 23:30:04,132,2067-03-04 23:30:03,c45bbee50035,20.5742,50.5727,935.408,178
2067-03-04 23:45:02,133,2067-03-04 23:45:00,c45bbee50035,20.6536,49.224,935.374,177
2067-03-05 00:00:00,134,2067-03-05 00:00:00,c45bbee50035,20.689,48.6028,935.368,177
2067-03-05 00:15:03,135,2067-03-05 00:15:03,c45bbee50035,20.878,48.3416,935.188,178
2067-03-05 00:30:02,136,2067-03-05 00:30:01,c45bbee50035,20.8748,48.3696,935.282,177
2067-03-05 00:45:00,137,2067-03-05 00:45:01,c45bbee50035,20.7664,48.4012,935.556,177
2067-03-05 01:00:03,138,2067-03-05 01:00:01,c45bbee50035,20.9377,46.6827,935.398,178
2067-03-05 01:15:01,139,2067-03-05 01:15:01,c45bbee50035,20.9065,46.2822,935.54,177
2067-03-05 01:29:59,140,2067-03-05 01:30:01,c45bbee50035,20.8609,46.5803,935.666,177
2067-03-05 01:45:03,141,2067-03-05 01:45:01,c45bbee50035,21.287,42.9413,935.019,178
2067-03-05 02:00:01,142,2067-03-05 02:00:00,c45bbee50035,20.9939,44.9715,935.476,177
2067-03-05 02:15:04,143,2067-03-05 02:15:04,c45bbee50035,21.0823,44.1282,935.212,178
2067-03-05 02:30:02,144,2067-03-05 02:30:00,c45bbee50035,21.2081,42.7568,935.062,177
2067-03-05 02:45:01,145,2067-03-05 02:45:02,c45bbee50035,21.0037,44.8973,935.336,177
2067-03-05 03:00:04,146,2067-03-05 03:00:01,c45bbee50035,21.2151,42.9113,934.964,178
2067-03-05 03:15:02,147,2067-03-05 03:15:01,c45bbee50035,21.4286,41.0387,934.565,177
2067-03-05 03:30:01,148,2067-03-05 03:30:01,c45bbee50035,20.9433,44.8922,935.311,177
2067-03-05 03:45:04,149,2067-03-05 03:45:02,c45bbee50035,21.1743,41.7411,935.092,178
2067-03-05 04:00:02,150,2067-03-05 04:00:00,c45bbee50035,21.257,40.8582,935.151,177
2067-03-05 04:15:05,151,2067-03-05 04:15:04,c45bbee50035,21.2894,40.4281,935.162,178
2067-03-05 04:30:03,152,2067-03-05 04:30:03,c45bbee50035,21.3111,39.8502,935.172,177
2067-03-05 04:45:02,153,2067-03-05 04:45:02,c45bbee50035,21.302,39.6649,935.219,177
2067-03-05 05:00:05,154,2067-03-05 05:00:04,c45bbee50035,21.2766,39.6925,935.404,178
2067-03-05 05:15:03,155,2067-03-05 05:15:02,c45bbee50035,21.2728,39.6728,935.57,177
2067-03-05 05:30:01,156,2067-03-05 05:30:00,c45bbee50035,21.2511,39.922,935.76,177
2067-03-05 05:45:04,157,2067-03-05 05:45:04,c45bbee50035,21.228,40.0125,935.913,178
2067-03-05 06:00:03,158,2067-03-05 06:00:01,c45bbee50035,21.2398,39.8926,936.026,177
2067-03-05 06:15:01,159,2067-03-05 06:15:00,c45bbee50035,21.2451,40.274,936.168,177
2067-03-05 06:30:04,160,2067-03-05 06:30:03,c45bbee50035,21.2159,40.6237,936.337,178
2067-03-05 06:45:02,161,2067-03-05 06:45:02,c45bbee50035,21.1431,41.1999,936.57,177
2067-03-05 07:00:00,162,2067-03-05 07:00:00,c45bbee50035,20.9843,42.8827,937.001,177
2067-03-05 07:15:04,163,2067-03-05 07:15:01,c45bbee50035,21.2541,42.8522,936.757,178
2067-03-05 07:30:07,164,2067-03-05 07:30:03,c45bbee50035,22.1228,47.6269,935.531,178
2067-03-05 07:45:10,165,2067-03-05 07:45:05,c45bbee50035,23.5843,52.7815,933.408,178
2067-03-05 08:00:03,166,2067-03-05 08:00:04,c45bbee50035,23.9741,50.712,932.803,176
2067-03-05 08:15:02,167,2067-03-05 08:15:03,c45bbee50035,23.1989,50.1133,934.165,177
2067-03-05 08:30:00,168,2067-03-05 08:30:02,c45bbee50035,22.4842,49.9017,935.397,177
2067-03-05 08:45:03,169,2067-03-05 08:45:04,c45bbee50035,21.8296,50.7997,936.451,178
2067-03-05 09:00:01,170,2067-03-05 09:00:01,c45bbee50035,21.6524,51.7454,936.769,177
2067-03-05 09:15:05,171,2067-03-05 09:15:03,c45bbee50035,21.784,51.9196,936.647,178
2067-03-05 09:30:03,172,2067-03-05 09:30:02,c45bbee50035,22.0146,51.8684,936.348,177
2067-03-05 09:45:01,173,2067-03-05 09:45:00,c45bbee50035,22.1642,51.7116,936.121,177
2067-03-05 10:00:05,174,2067-03-05 10:00:04,c45bbee50035,22.1719,51.7175,936.077,178
2067-03-05 10:15:03,175,2067-03-05 10:15:02,c45bbee50035,22.2413,51.271,935.954,177
2067-03-05 10:30:06,176,2067-03-05 10:30:04,c45bbee50035,22.3307,51.4516,935.784,178
2067-03-05 10:45:05,177,2067-03-05 10:45:04,c45bbee50035,22.4071,51.3023,935.595,177
2067-03-05 11:00:03,178,2067-03-05 11:00:02,c45bbee50035,22.5037,51.4272,935.407,177
2067-03-05 11:15:01,179,2067-03-05 11:15:00,c45bbee50035,22.4677,51.7494,935.379,177
2067-03-05 11:30:04,180,2067-03-05 11:30:03,c45bbee50035,22.5678,51.8434,935.106,178
2067-03-05 11:45:02,181,2067-03-05 11:45:01,c45bbee50035,22.6827,52.2461,934.807,177
2067-03-05 12:00:06,182,2067-03-05 12:00:04,c45bbee50035,22.8481,51.5543,934.379,178
2067-03-05 12:15:04,183,2067-03-05 12:15:03,c45bbee50035,23.03,51.4454,933.883,177
2067-03-05 12:30:02,184,2067-03-05 12:30:01,c45bbee50035,23.2216,51.0574,933.4,177
2067-03-05 12:45:00,185,2067-03-05 12:45:00,c45bbee50035,23.4369,50.2262,932.885,177
2067-03-05 13:00:04,186,2067-03-05 13:00:03,c45bbee50035,23.6011,49.673,932.317,178
2067-03-05 13:15:02,187,2067-03-05 13:15:00,c45bbee50035,23.7191,49.7392,931.851,177
2067-03-05 13:30:05,188,2067-03-05 13:30:04,c45bbee50035,23.8075,49.296,931.411,178
2067-03-05 13:45:03,189,2067-03-05 13:45:03,c45bbee50035,23.7025,49.4701,931.382,177
2067-03-05 14:00:02,190,2067-03-05 14:00:01,c45bbee50035,23.6487,49.5271,931.307,177
2067-03-05 14:15:00,191,2067-03-05 14:15:00,c45bbee50035,23.5407,49.2439,931.329,177
2067-03-05 14:30:03,192,2067-03-05 14:30:03,c45bbee50035,23.4066,49.3754,931.391,178
2067-03-05 14:45:01,193,2067-03-05 14:45:01,c45bbee50035,23.2137,49.8015,931.564,177
2067-03-05 15:00:05,194,2067-03-05 15:00:04,c45bbee50035,23.1841,50.5206,931.445,178
2067-03-05 15:15:03,195,2067-03-05 15:15:03,c45bbee50035,23.1185,49.6007,931.361,177
2067-03-05 15:30:02,196,2067-03-05 15:30:01,c45bbee50035,23.0903,49.8075,931.252,177
2067-03-05 15:45:05,197,2067-03-05 15:45:04,c45bbee50035,22.8882,49.913,931.422,178
2067-03-05 16:00:03,198,2067-03-05 16:00:02,c45bbee50035,22.6805,50.4452,931.742,177
2067-03-05 16:15:01,199,2067-03-05 16:15:01,c45bbee50035,22.3013,51.5649,932.596,177
2067-03-05 16:29:59,200,2067-03-05 16:30:00,c45bbee50035,21.8042,51.5511,933.535,177
2067-03-05 16:45:03,201,2067-03-05 16:45:03,c45bbee50035,21.5579,52.1851,933.958,178
2067-03-05 17:00:06,202,2067-03-05 17:00:04,c45bbee50035,21.7872,52.3866,933.51,178
2067-03-05 17:15:04,203,2067-03-05 17:15:03,c45bbee50035,21.9956,51.1625,933.134,177
2067-03-05 17:30:02,204,2067-03-05 17:30:01,c45bbee50035,22.156,50.8632,932.976,177
2067-03-05 17:45:01,205,2067-03-05 17:45:01,c45bbee50035,22.1863,50.1117,933.002,177
2067-03-05 18:00:05,206,2067-03-05 18:00:02,c45bbee50035,22.3265,49.7918,932.779,178
2067-03-05 18:15:03,207,2067-03-05 18:15:01,c45bbee50035,22.4379,49.4105,932.641,177
2067-03-05 18:30:07,208,2067-03-05 18:30:04,c45bbee50035,22.6549,48.0789,932.359,178
2067-03-05 18:45:00,209,2067-03-05 18:45:00,c45bbee50035,22.7182,47.4672,932.336,176
2067-03-05 19:00:04,210,2067-03-05 19:00:03,c45bbee50035,22.7591,46.9476,932.334,178
2067-03-05 19:15:02,211,2067-03-05 19:15:03,c45bbee50035,22.4669,46.9639,932.846,177
2067-03-05 19:30:02,212,2067-03-05 19:30:03,c45bbee50035,21.7106,47.3888,934.124,177
2067-03-05 19:45:00,213,2067-03-05 19:45:01,c45bbee50035,20.9499,48.9197,935.405,177
2067-03-05 20:00:04,214,2067-03-05 20:00:05,c45bbee50035,20.831,48.427,935.744,178
2067-03-05 20:15:02,215,2067-03-05 20:15:03,c45bbee50035,20.8056,48.1741,935.909,177
2067-03-05 20:30:05,216,2067-03-05 20:30:03,c45bbee50035,21.0411,45.7877,935.626,178
2067-03-05 20:45:03,217,2067-03-05 20:45:03,c45bbee50035,21.1528,45.4283,935.529,177
2067-03-05 21:00:01,218,2067-03-05 21:00:00,c45bbee50035,21.3205,43.7548,935.351,177
2067-03-05 21:15:00,219,2067-03-05 21:15:01,c45bbee50035,21.3331,44.6412,935.428,177
2067-03-05 21:30:03,220,2067-03-05 21:30:02,c45bbee50035,21.5461,43.8004,935.223,178
2067-03-05 21:45:06,221,2067-03-05 21:45:03,c45bbee50035,21.6348,42.2621,935.145,178
2067-03-05 22:00:04,222,2067-03-05 22:00:03,c45bbee50035,21.955,39.605,934.753,177
2067-03-05 22:15:03,223,2067-03-05 22:15:04,c45bbee50035,21.5753,42.9661,935.458,177
2067-03-05 22:30:06,224,2067-03-05 22:30:04,c45bbee50035,21.8398,40.1618,935.064,178
2067-03-05 22:45:04,225,2067-03-05 22:45:03,c45bbee50035,21.9175,39.2328,934.846,177
2067-03-05 23:00:02,226,2067-03-05 23:00:01,c45bbee50035,21.8841,38.9422,934.843,177
2067-03-05 23:15:00,227,2067-03-05 23:15:00,c45bbee50035,21.8245,38.8199,934.86,177
2067-03-05 23:30:04,228,2067-03-05 23:30:03,c45bbee50035,21.7045,39.5226,935.011,178
2067-03-05 23:45:02,229,2067-03-05 23:45:00,c45bbee50035,21.6803,39.8863,934.941,177
2067-03-06 00:00:05,230,2067-03-06 00:00:04,c45bbee50035,21.7169,39.7847,934.889,178
2067-03-06 00:15:03,231,2067-03-06 00:15:03,c45bbee50035,21.6771,41.4891,935.023,177
2067-03-06 00:30:02,232,2067-03-06 00:30:02,c45bbee50035,21.559,42.8749,935.212,177
2067-03-06 00:45:05,233,2067-03-06 00:45:04,c45bbee50035,21.5129,42.9319,935.299,178
2067-03-06 01:00:03,234,2067-03-06 01:00:03,c45bbee50035,21.4678,43.012,935.393,177
2067-03-06 01:15:01,235,2067-03-06 01:15:00,c45bbee50035,21.4639,43.108,935.428,177
2067-03-06 01:30:04,236,2067-03-06 01:30:04,c45bbee50035,21.484,43.1067,935.406,178
2067-03-06 01:45:03,237,2067-03-06 01:45:01,c45bbee50035,21.4887,42.9593,935.392,177
2067-03-06 02:00:01,238,2067-03-06 02:00:00,c45bbee50035,21.4719,43.2189,935.373,177
2067-03-06 02:15:04,239,2067-03-06 02:15:03,c45bbee50035,21.4765,43.2186,935.341,178
2067-03-06 02:30:02,240,2067-03-06 02:30:02,c45bbee50035,21.5061,43.3573,935.324,177
2067-03-06 02:45:01,241,2067-03-06 02:45:00,c45bbee50035,21.5009,43.2792,935.307,177
2067-03-06 03:00:04,242,2067-03-06 03:00:03,c45bbee50035,21.4846,42.6873,935.379,178
2067-03-06 03:15:02,243,2067-03-06 03:15:01,c45bbee50035,21.4156,42.227,935.544,177
2067-03-06 03:30:05,244,2067-03-06 03:30:04,c45bbee50035,21.2992,42.3363,935.703,178
2067-03-06 03:45:03,245,2067-03-06 03:45:03,c45bbee50035,21.1762,42.6799,935.883,177
2067-03-06 04:00:02,246,2067-03-06 04:00:01,c45bbee50035,21.0525,42.9979,936.018,177
2067-03-06 04:15:05,247,2067-03-06 04:15:04,c45bbee50035,20.9292,43.3783,936.296,178
2067-03-06 04:30:03,248,2067-03-06 04:30:02,c45bbee50035,20.817,44.0394,936.547,177
2067-03-06 04:45:01,249,2067-03-06 04:45:01,c45bbee50035,20.7316,43.9225,936.765,177
2067-03-06 05:00:05,250,2067-03-06 05:00:05,c45bbee50035,20.6133,44.3764,937.036,178
2067-03-06 05:15:03,251,2067-03-06 05:15:03,c45bbee50035,20.3713,46.5859,937.518,177
2067-03-06 05:30:01,252,2067-03-06 05:30:01,c45bbee50035,20.1697,48.4445,937.924,177
2067-03-06 05:45:04,253,2067-03-06 05:45:03,c45bbee50035,19.9749,49.0845,938.239,178
2067-03-06 06:00:03,254,2067-03-06 06:00:03,c45bbee50035,19.7157,49.7126,938.611,177
2067-03-06 06:15:01,255,2067-03-06 06:15:00,c45bbee50035,19.5301,49.9148,938.963,177
2067-03-06 06:30:04,256,2067-03-06 06:30:02,c45bbee50035,19.8612,51.0601,938.561,178
2067-03-06 06:45:02,257,2067-03-06 06:45:02,c45bbee50035,19.6758,52.7957,938.87,177
2067-03-06 07:00:05,258,2067-03-06 07:00:04,c45bbee50035,19.8216,55.0513,938.745,178
2067-03-06 07:15:05,259,2067-03-06 07:15:01,c45bbee50035,20.2336,56.4099,938.15,177
2067-03-06 07:30:08,260,2067-03-06 07:30:04,c45bbee50035,21.1151,61.1377,936.874,178
2067-03-06 07:45:06,261,2067-03-06 07:45:01,c45bbee50035,22.592,59.6735,934.666,177
2067-03-06 08:00:04,262,2067-03-06 08:00:02,c45bbee50035,23.3208,57.4951,933.578,177
